Timer_Inv;41;3000;0;2;
SWT_CAN1_AP_BMS_AIRs_State;1;1000;0;98;
SWT_CAN1_AP_BMS_BatteryTemperatures;2;1000;0;92;
SWT_CAN1_AP_BMS_ChargerParameters;3;1000;0;91;
SWT_CAN1_AP_BMS_Current_SOC_SOH;4;1000;0;87;
SWT_CAN1_AP_BMS_OnBoardTemperatures;5;1000;0;90;
SWT_CAN1_AP_BMS_StateAndFailReport;6;1000;0;88;
SWT_CAN1_AP_BMS_Voltages;7;1000;0;89;
SWT_CAN1_AP_DASH_CustomMode;8;1000;0;95;
SWT_CAN1_AP_DASH_EnableDrive;9;1000;0;102;
SWT_CAN1_AP_DASH_Mode;10;1000;0;96;
SWT_CAN1_AP_DASH_PrechargeRequest;11;1000;0;101;
SWT_CAN1_AP_DASH_TorqueLockOn;12;1000;0;100;
SWT_CAN1_AP_Inverter_L_Tx;13;1000;0;94;
SWT_CAN1_AP_Inverter_R_Tx;14;1000;0;93;
SWT_CAN1_AP_SHUTDOWN_State;15;1000;0;103;
SWT_CAN1_NM_BMS_Keep_Alive;16;1000;0;97;
SWT_CAN1_NM_DASH_Keep_Alive;17;1000;0;99;
SWT_CAN1_NM_SHUTDOWN_Keep_Alive;18;1000;0;104;
SWT_CAN2_AP_ACCEL_F_Data;19;1000;0;116;
SWT_CAN2_AP_ACCEL_R_Data2;21;1000;0;114;
SWT_CAN2_AP_ACCEL_R_Data;20;1000;0;119;
SWT_CAN2_AP_ADCAN_Data1;22;1000;0;121;
SWT_CAN2_AP_ADCAN_Data2;23;1000;0;120;
SWT_CAN2_AP_ELLIPSE_EKF_EULER;24;1000;0;108;
SWT_CAN2_AP_ELLIPSE_EKF_POS;25;1000;0;105;
SWT_CAN2_AP_ELLIPSE_EKF_VEL_BODY;26;1000;0;109;
SWT_CAN2_AP_ELLIPSE_IMU_ACCEL;27;1000;0;106;
SWT_CAN2_AP_ELLIPSE_IMU_GYRO;28;1000;0;111;
SWT_CAN2_AP_ELLIPSE_MAG;29;1000;0;107;
SWT_CAN2_AP_ELLIPSE_SLIP_CURV;30;1000;0;112;
SWT_CAN2_AP_LV_Derivation_LVData;31;1000;0;113;
SWT_CAN2_NM_ACCEL_F_Keep_Alive;32;1000;0;117;
SWT_CAN2_NM_ACCEL_R_Keep_Alive;33;1000;0;118;
SWT_CAN2_NM_ADCAN_Keep_Alive;34;1000;0;122;
SWT_CAN2_NM_ELLIPSE_Status;35;1000;0;110;
SWT_CAN2_NM_LV_Derivation_Keep_Alive;36;1000;0;115;
Sync_25ms;37;25000;0;2;
Timer_1000ms;38;1000000;0;2;
Timer_100ms;39;100000;0;2;
Timer_25ms;40;25000;0;2;
