Timer_Inv;38;3000;0;2;
SWT_CAN1_AP_BMS_AIRs_State;1;1000;0;89;
SWT_CAN1_AP_BMS_BatteryTemperatures;2;1000;0;88;
SWT_CAN1_AP_BMS_ChargerParameters;3;1000;0;87;
SWT_CAN1_AP_BMS_Current_SOC;4;1000;0;117;
SWT_CAN1_AP_BMS_Current_SOC_SOH1;6;1000;0;118;
SWT_CAN1_AP_BMS_Current_SOC_SOH;5;1000;0;90;
SWT_CAN1_AP_BMS_OnBoardTemperatures1;8;1000;0;119;
SWT_CAN1_AP_BMS_OnBoardTemperatures;7;1000;0;93;
SWT_CAN1_AP_BMS_StateAndFailReport;9;1000;0;91;
SWT_CAN1_AP_BMS_Voltages;10;1000;0;92;
SWT_CAN1_AP_DASH_CustomMode;11;1000;0;96;
SWT_CAN1_AP_DASH_EnableDrive;12;1000;0;102;
SWT_CAN1_AP_DASH_Mode;13;1000;0;97;
SWT_CAN1_AP_DASH_PrechargeRequest;14;1000;0;101;
SWT_CAN1_AP_DASH_TorqueLockOn;15;1000;0;100;
SWT_CAN1_AP_Inverter_L_Tx;16;1000;0;95;
SWT_CAN1_AP_Inverter_R_Tx;17;1000;0;94;
SWT_CAN1_AP_SHUTDOWN_State;18;1000;0;103;
SWT_CAN1_NM_BMS_Keep_Alive;19;1000;0;98;
SWT_CAN1_NM_DASH_Keep_Alive;20;1000;0;99;
SWT_CAN1_NM_SHUTDOWN_Keep_Alive;21;1000;0;104;
SWT_CAN2_AP_ACCEL_F_Data;22;1000;0;108;
SWT_CAN2_AP_ACCEL_R_Data2;24;1000;0;106;
SWT_CAN2_AP_ACCEL_R_Data;23;1000;0;111;
SWT_CAN2_AP_ADCAN_Data1;25;1000;0;113;
SWT_CAN2_AP_ADCAN_Data2;26;1000;0;112;
SWT_CAN2_AP_ELIPSE_VelAngular;27;1000;0;115;
SWT_CAN2_AP_ELIPSE_VelBody;28;1000;0;116;
SWT_CAN2_AP_LV_Derivation_LVData;29;1000;0;105;
SWT_CAN2_NM_ACCEL_F_Keep_Alive;30;1000;0;109;
SWT_CAN2_NM_ACCEL_R_Keep_Alive;31;1000;0;110;
SWT_CAN2_NM_ADCAN_Keep_Alive;32;1000;0;114;
SWT_CAN2_NM_LV_Derivation_Keep_Alive;33;1000;0;107;
Sync_25ms;34;25000;0;2;
Timer_1000ms;35;1000000;0;2;
Timer_100ms;36;100000;0;2;
Timer_25ms;37;25000;0;2;
