

SYSTEM_START	-	DESKTOP-9UIAO6I	DESKTOP-9UIAO6I	2023-11-16 10:05:36


SYSTEM_INFO	CarMaker 12.0.1 - Car_Generic #3	jetbrains@66e0c34c4bd1 2023-05-24 12:39:09	(12.0.1 jetbrains@66e0c34c4bd1 2023-05-24 12:29:03)
SIM	1700125536	DESKTOP-9UIAO6I			0	0	0
SIM	1700125538	DESKTOP-9UIAO6I	Mátyás	unknown	1	0	0
SIM	1700125558	DESKTOP-9UIAO6I	Mátyás	unknown	0	23.336	103.783


SYSTEM_START	-	DESKTOP-9UIAO6I	DESKTOP-9UIAO6I	2023-11-16 10:40:52


SYSTEM_INFO	CarMaker 12.0.1 - Car_Generic #5	jetbrains@66e0c34c4bd1 2023-05-24 12:39:25	(12.0.1 jetbrains@66e0c34c4bd1 2023-05-24 12:29:03)
SIM	1700127655	DESKTOP-9UIAO6I	Mátyás	unknown	0	7.262	9.07932e-08


SYSTEM_START	-	DESKTOP-9UIAO6I	DESKTOP-9UIAO6I	2023-11-16 10:41:20


SYSTEM_INFO	CarMaker 12.0.1 - Car_Generic #5	jetbrains@66e0c34c4bd1 2023-05-24 12:39:25	(12.0.1 jetbrains@66e0c34c4bd1 2023-05-24 12:29:03)
SIM	1700127680	DESKTOP-9UIAO6I	Mátyás	unknown	0	66.489	1.49107e-07


SYSTEM_START	-	DESKTOP-9UIAO6I	DESKTOP-9UIAO6I	2023-11-16 10:46:44


SYSTEM_INFO	CarMaker 12.0.1 - Car_Generic #5	jetbrains@66e0c34c4bd1 2023-05-24 12:39:25	(12.0.1 jetbrains@66e0c34c4bd1 2023-05-24 12:29:03)
SIM	1700128004	DESKTOP-9UIAO6I	Mátyás	unknown	0	124.392	716.794


SYSTEM_START	-	DESKTOP-9UIAO6I	DESKTOP-9UIAO6I	2023-11-16 10:49:43


SYSTEM_INFO	CarMaker 12.0.1 - Car_Generic #5	jetbrains@66e0c34c4bd1 2023-05-24 12:39:25	(12.0.1 jetbrains@66e0c34c4bd1 2023-05-24 12:29:03)
SIM	1700128183	DESKTOP-9UIAO6I	Mátyás	unknown	0	16.15	75.1048


SYSTEM_START	-	DESKTOP-9UIAO6I	DESKTOP-9UIAO6I	2023-11-18 12:55:00


SYSTEM_INFO	CarMaker 12.0.1 - Car_Generic #5	jetbrains@66e0c34c4bd1 2023-05-24 12:39:25	(12.0.1 jetbrains@66e0c34c4bd1 2023-05-24 12:29:03)
SIM	1700308501	DESKTOP-9UIAO6I	Mátyás	unknown	0	1.89	4.24237e-07


SYSTEM_START	-	DESKTOP-9UIAO6I	DESKTOP-9UIAO6I	2023-11-18 12:56:25


SYSTEM_INFO	CarMaker 12.0.1 - Car_Generic #5	jetbrains@66e0c34c4bd1 2023-05-24 12:39:25	(12.0.1 jetbrains@66e0c34c4bd1 2023-05-24 12:29:03)
SIM	1700308586	DESKTOP-9UIAO6I	Mátyás	unknown	0	10.471	2.1854e-06


SYSTEM_START	-	DESKTOP-9UIAO6I	DESKTOP-9UIAO6I	2023-11-18 12:59:34


SYSTEM_INFO	CarMaker 12.0.1 - Car_Generic #5	jetbrains@66e0c34c4bd1 2023-05-24 12:39:25	(12.0.1 jetbrains@66e0c34c4bd1 2023-05-24 12:29:03)
SIM	1700308780	DESKTOP-9UIAO6I	Mátyás	unknown	0	1.756	3.9664e-07


SYSTEM_START	-	DESKTOP-9UIAO6I	DESKTOP-9UIAO6I	2023-11-18 13:01:11


SYSTEM_INFO	CarMaker 12.0.1 - Car_Generic #5	jetbrains@66e0c34c4bd1 2023-05-24 12:39:25	(12.0.1 jetbrains@66e0c34c4bd1 2023-05-24 12:29:03)
SIM	1700308872	DESKTOP-9UIAO6I	Mátyás	unknown	0	2.75	6.01285e-07


SYSTEM_START	-	DESKTOP-9UIAO6I	DESKTOP-9UIAO6I	2023-11-18 13:05:16


SYSTEM_INFO	CarMaker 12.0.1 - Car_Generic #5	jetbrains@66e0c34c4bd1 2023-05-24 12:39:25	(12.0.1 jetbrains@66e0c34c4bd1 2023-05-24 12:29:03)
SIM	1700309117	DESKTOP-9UIAO6I	Mátyás	unknown	0	0.894	2.1904e-07


SYSTEM_START	-	DESKTOP-9UIAO6I	DESKTOP-9UIAO6I	2023-11-18 13:30:46


SYSTEM_INFO	CarMaker 12.0.1 - Car_Generic #5	jetbrains@66e0c34c4bd1 2023-05-24 12:39:25	(12.0.1 jetbrains@66e0c34c4bd1 2023-05-24 12:29:03)
SIM	1700310647	DESKTOP-9UIAO6I	Mátyás	unknown	0	9.202	38.5834


SYSTEM_START	-	DESKTOP-9UIAO6I	DESKTOP-9UIAO6I	2023-11-18 13:34:36


SYSTEM_INFO	CarMaker 12.0.1 - Car_Generic #5	jetbrains@66e0c34c4bd1 2023-05-24 12:39:25	(12.0.1 jetbrains@66e0c34c4bd1 2023-05-24 12:29:03)
SIM	1700310877	DESKTOP-9UIAO6I	Mátyás	unknown	0	8.194	8.07608


SYSTEM_START	-	DESKTOP-9UIAO6I	DESKTOP-9UIAO6I	2023-11-18 13:38:06


SYSTEM_INFO	CarMaker 12.0.1 - Car_Generic #5	jetbrains@66e0c34c4bd1 2023-05-24 12:39:25	(12.0.1 jetbrains@66e0c34c4bd1 2023-05-24 12:29:03)
SIM	1700311086	DESKTOP-9UIAO6I	Mátyás	unknown	0	277.878	4347.51


SYSTEM_START	-	DESKTOP-9UIAO6I	DESKTOP-9UIAO6I	2023-11-18 14:23:04


SYSTEM_INFO	CarMaker 12.0.1 - Car_Generic #5	jetbrains@66e0c34c4bd1 2023-05-24 12:39:25	(12.0.1 jetbrains@66e0c34c4bd1 2023-05-24 12:29:03)
SIM	1700313785	DESKTOP-9UIAO6I	Mátyás	unknown	0	12.161	55.8401


SYSTEM_START	-	DESKTOP-9UIAO6I	DESKTOP-9UIAO6I	2023-11-18 14:24:54


SYSTEM_INFO	CarMaker 12.0.1 - Car_Generic #5	jetbrains@66e0c34c4bd1 2023-05-24 12:39:25	(12.0.1 jetbrains@66e0c34c4bd1 2023-05-24 12:29:03)
SIM	1700313894	DESKTOP-9UIAO6I	Mátyás	unknown	0	8.547	33.2522


SYSTEM_START	-	DESKTOP-9UIAO6I	DESKTOP-9UIAO6I	2023-11-18 14:26:49


SYSTEM_INFO	CarMaker 12.0.1 - Car_Generic #5	jetbrains@66e0c34c4bd1 2023-05-24 12:39:25	(12.0.1 jetbrains@66e0c34c4bd1 2023-05-24 12:29:03)
SIM	1700314009	DESKTOP-9UIAO6I	Mátyás	unknown	0	1.373	2.6218


SYSTEM_START	-	DESKTOP-9UIAO6I	DESKTOP-9UIAO6I	2023-11-18 14:29:06


SYSTEM_INFO	CarMaker 12.0.1 - Car_Generic #5	jetbrains@66e0c34c4bd1 2023-05-24 12:39:25	(12.0.1 jetbrains@66e0c34c4bd1 2023-05-24 12:29:03)
SIM	1700314147	DESKTOP-9UIAO6I	Mátyás	unknown	0	2.52	7.30876


SYSTEM_START	-	DESKTOP-9UIAO6I	DESKTOP-9UIAO6I	2023-11-18 14:32:41


SYSTEM_INFO	CarMaker 12.0.1 - Car_Generic #5	jetbrains@66e0c34c4bd1 2023-05-24 12:39:25	(12.0.1 jetbrains@66e0c34c4bd1 2023-05-24 12:29:03)
SIM	1700314361	DESKTOP-9UIAO6I	Mátyás	unknown	0	7.73	30.4346


SYSTEM_START	-	DESKTOP-9UIAO6I	DESKTOP-9UIAO6I	2023-11-18 14:37:22


SYSTEM_INFO	CarMaker 12.0.1 - Car_Generic #5	jetbrains@66e0c34c4bd1 2023-05-24 12:39:25	(12.0.1 jetbrains@66e0c34c4bd1 2023-05-24 12:29:03)
SIM	1700314643	DESKTOP-9UIAO6I	Mátyás	unknown	0	11.408	52.9401


SYSTEM_START	-	DESKTOP-9UIAO6I	DESKTOP-9UIAO6I	2023-11-18 14:41:59


SYSTEM_INFO	CarMaker 12.0.1 - Car_Generic #5	jetbrains@66e0c34c4bd1 2023-05-24 12:39:25	(12.0.1 jetbrains@66e0c34c4bd1 2023-05-24 12:29:03)
SIM	1700314919	DESKTOP-9UIAO6I	Mátyás	unknown	0	1.422	2.83717


SYSTEM_START	-	DESKTOP-9UIAO6I	DESKTOP-9UIAO6I	2023-11-18 14:42:49


SYSTEM_INFO	CarMaker 12.0.1 - Car_Generic #5	jetbrains@66e0c34c4bd1 2023-05-24 12:39:25	(12.0.1 jetbrains@66e0c34c4bd1 2023-05-24 12:29:03)
SIM	1700314970	DESKTOP-9UIAO6I	Mátyás	unknown	0	0.596	0.191224


SYSTEM_START	-	DESKTOP-9UIAO6I	DESKTOP-9UIAO6I	2023-11-18 14:45:29


SYSTEM_INFO	CarMaker 12.0.1 - Car_Generic #5	jetbrains@66e0c34c4bd1 2023-05-24 12:39:25	(12.0.1 jetbrains@66e0c34c4bd1 2023-05-24 12:29:03)
SIM	1700315129	DESKTOP-9UIAO6I	Mátyás	unknown	0	12.242	56.7057


SYSTEM_START	-	DESKTOP-9UIAO6I	DESKTOP-9UIAO6I	2023-11-18 14:54:10


SYSTEM_INFO	CarMaker 12.0.1 - Car_Generic #5	jetbrains@66e0c34c4bd1 2023-05-24 12:39:25	(12.0.1 jetbrains@66e0c34c4bd1 2023-05-24 12:29:03)
SIM	1700315651	DESKTOP-9UIAO6I	Mátyás	unknown	0	1.463	2.77967


SYSTEM_START	-	DESKTOP-9UIAO6I	DESKTOP-9UIAO6I	2023-11-18 14:56:18


SYSTEM_INFO	CarMaker 12.0.1 - Car_Generic #5	jetbrains@66e0c34c4bd1 2023-05-24 12:39:25	(12.0.1 jetbrains@66e0c34c4bd1 2023-05-24 12:29:03)
SIM	1700315779	DESKTOP-9UIAO6I	Mátyás	unknown	0	5.343	19.3864


SYSTEM_START	-	DESKTOP-9UIAO6I	DESKTOP-9UIAO6I	2023-11-18 17:15:25


SYSTEM_INFO	CarMaker 12.0.1 - Car_Generic #5	jetbrains@66e0c34c4bd1 2023-05-24 12:39:25	(12.0.1 jetbrains@66e0c34c4bd1 2023-05-24 12:29:03)
SIM	1700324127	DESKTOP-9UIAO6I	Mátyás	unknown	0	2.292	5.07012e-07


SYSTEM_START	-	DESKTOP-9UIAO6I	DESKTOP-9UIAO6I	2023-11-18 17:18:21


SYSTEM_INFO	CarMaker 12.0.1 - Car_Generic #5	jetbrains@66e0c34c4bd1 2023-05-24 12:39:25	(12.0.1 jetbrains@66e0c34c4bd1 2023-05-24 12:29:03)
SIM	1700324302	DESKTOP-9UIAO6I	Mátyás	unknown	0	1.132	2.68088e-07


SYSTEM_START	-	DESKTOP-9UIAO6I	DESKTOP-9UIAO6I	2023-11-18 17:20:35


SYSTEM_INFO	CarMaker 12.0.1 - Car_Generic #5	jetbrains@66e0c34c4bd1 2023-05-24 12:39:25	(12.0.1 jetbrains@66e0c34c4bd1 2023-05-24 12:29:03)
SIM	1700324435	DESKTOP-9UIAO6I	Mátyás	unknown	0	2.272	6.94628


SYSTEM_START	-	DESKTOP-9UIAO6I	DESKTOP-9UIAO6I	2023-11-19 14:09:29


SYSTEM_INFO	CarMaker 12.0.1 - Car_Generic #5	jetbrains@66e0c34c4bd1 2023-05-24 12:39:25	(12.0.1 jetbrains@66e0c34c4bd1 2023-05-24 12:29:03)
SIM	1700399373	DESKTOP-9UIAO6I	Mátyás	unknown	0	1.82	3.78053


SYSTEM_START	-	DESKTOP-9UIAO6I	DESKTOP-9UIAO6I	2023-11-19 14:10:31


SYSTEM_INFO	CarMaker 12.0.1 - Car_Generic #5	jetbrains@66e0c34c4bd1 2023-05-24 12:39:25	(12.0.1 jetbrains@66e0c34c4bd1 2023-05-24 12:29:03)
SIM	1700399431	DESKTOP-9UIAO6I	Mátyás	unknown	0	3.57	16.7171


SYSTEM_START	-	DESKTOP-9UIAO6I	DESKTOP-9UIAO6I	2023-11-19 14:13:13


SYSTEM_INFO	CarMaker 12.0.1 - Car_Generic #5	jetbrains@66e0c34c4bd1 2023-05-24 12:39:25	(12.0.1 jetbrains@66e0c34c4bd1 2023-05-24 12:29:03)
SIM	1700399594	DESKTOP-9UIAO6I	Mátyás	unknown	0	2.855	10.324


SYSTEM_START	-	DESKTOP-9UIAO6I	DESKTOP-9UIAO6I	2023-11-19 14:14:22


SYSTEM_INFO	CarMaker 12.0.1 - Car_Generic #5	jetbrains@66e0c34c4bd1 2023-05-24 12:39:25	(12.0.1 jetbrains@66e0c34c4bd1 2023-05-24 12:29:03)
SIM	1700399663	DESKTOP-9UIAO6I	Mátyás	unknown	0	8.96	35.0859


SYSTEM_START	-	DESKTOP-9UIAO6I	DESKTOP-9UIAO6I	2023-11-19 14:17:32


SYSTEM_INFO	CarMaker 12.0.1 - Car_Generic #5	jetbrains@66e0c34c4bd1 2023-05-24 12:39:25	(12.0.1 jetbrains@66e0c34c4bd1 2023-05-24 12:29:03)
SIM	1700399852	DESKTOP-9UIAO6I	Mátyás	unknown	0	435.05	7980.44


SYSTEM_START	-	DESKTOP-9UIAO6I	DESKTOP-9UIAO6I	2023-11-19 19:46:27


SYSTEM_INFO	CarMaker 12.0.1 - Car_Generic #5	jetbrains@66e0c34c4bd1 2023-05-24 12:39:25	(12.0.1 jetbrains@66e0c34c4bd1 2023-05-24 12:29:03)
SIM	1700419589	DESKTOP-9UIAO6I	Mátyás	unknown	0	10.911	2.27535e-06


SYSTEM_START	-	DESKTOP-9UIAO6I	DESKTOP-9UIAO6I	2023-11-19 19:51:09


SYSTEM_INFO	CarMaker 12.0.1 - Car_Generic #5	jetbrains@66e0c34c4bd1 2023-05-24 12:39:25	(12.0.1 jetbrains@66e0c34c4bd1 2023-05-24 12:29:03)
SIM	1700419869	DESKTOP-9UIAO6I	Mátyás	unknown	0	3.494	16.3865


SYSTEM_START	-	DESKTOP-9UIAO6I	DESKTOP-9UIAO6I	2023-11-28 21:37:33


SYSTEM_INFO	CarMaker 12.0.1 - Car_Generic #5	jetbrains@66e0c34c4bd1 2023-05-24 12:39:25	(12.0.1 jetbrains@66e0c34c4bd1 2023-05-24 12:29:03)
SIM	1701203854	DESKTOP-9UIAO6I	Mátyás	unknown	0	35.678	193.677


SYSTEM_START	-	DESKTOP-9UIAO6I	DESKTOP-9UIAO6I	2023-11-28 21:41:29


SYSTEM_INFO	CarMaker 12.0.1 - Car_Generic #5	jetbrains@66e0c34c4bd1 2023-05-24 12:39:25	(12.0.1 jetbrains@66e0c34c4bd1 2023-05-24 12:29:03)
SIM	1701204089	DESKTOP-9UIAO6I	Mátyás	unknown	0	25.624	573.489


SYSTEM_START	-	DESKTOP-9UIAO6I	DESKTOP-9UIAO6I	2023-11-28 21:48:04


SYSTEM_INFO	CarMaker 12.0.1 - Car_Generic #5	jetbrains@66e0c34c4bd1 2023-05-24 12:39:25	(12.0.1 jetbrains@66e0c34c4bd1 2023-05-24 12:29:03)
SIM	1701204484	DESKTOP-9UIAO6I	Mátyás	unknown	0	40.53	297.069


SYSTEM_START	-	DESKTOP-9UIAO6I	DESKTOP-9UIAO6I	2023-11-28 21:54:23


SYSTEM_INFO	CarMaker 12.0.1 - Car_Generic #5	jetbrains@66e0c34c4bd1 2023-05-24 12:39:25	(12.0.1 jetbrains@66e0c34c4bd1 2023-05-24 12:29:03)
SIM	1701204864	DESKTOP-9UIAO6I	Mátyás	unknown	0	7.58	52.6885


SYSTEM_START	-	DESKTOP-9UIAO6I	DESKTOP-9UIAO6I	2023-11-28 21:57:07


SYSTEM_INFO	CarMaker 12.0.1 - Car_Generic #5	jetbrains@66e0c34c4bd1 2023-05-24 12:39:25	(12.0.1 jetbrains@66e0c34c4bd1 2023-05-24 12:29:03)
SIM	1701205028	DESKTOP-9UIAO6I	Mátyás	unknown	2	0	0


SYSTEM_START	-	DESKTOP-9UIAO6I	DESKTOP-9UIAO6I	2023-11-28 21:59:14


SYSTEM_INFO	CarMaker 12.0.1 - Car_Generic #5	jetbrains@66e0c34c4bd1 2023-05-24 12:39:25	(12.0.1 jetbrains@66e0c34c4bd1 2023-05-24 12:29:03)
SIM	1701205154	DESKTOP-9UIAO6I	Mátyás	unknown	2	0	0


SYSTEM_START	-	DESKTOP-9UIAO6I	DESKTOP-9UIAO6I	2023-11-28 21:59:40


SYSTEM_INFO	CarMaker 12.0.1 - Car_Generic #5	jetbrains@66e0c34c4bd1 2023-05-24 12:39:25	(12.0.1 jetbrains@66e0c34c4bd1 2023-05-24 12:29:03)
SIM	1701205180	DESKTOP-9UIAO6I	Mátyás	unknown	0	8.442	1.19442


SYSTEM_START	-	DESKTOP-9UIAO6I	DESKTOP-9UIAO6I	2023-11-28 22:26:36


SYSTEM_INFO	CarMaker 12.0.1 - Car_Generic #5	jetbrains@66e0c34c4bd1 2023-05-24 12:39:25	(12.0.1 jetbrains@66e0c34c4bd1 2023-05-24 12:29:03)
SIM	1701206797	DESKTOP-9UIAO6I	Mátyás	unknown	0	0.462	0.0572525


SYSTEM_START	-	DESKTOP-9UIAO6I	DESKTOP-9UIAO6I	2023-11-28 22:27:04


SYSTEM_INFO	CarMaker 12.0.1 - Car_Generic #5	jetbrains@66e0c34c4bd1 2023-05-24 12:39:25	(12.0.1 jetbrains@66e0c34c4bd1 2023-05-24 12:29:03)
SIM	1701206824	DESKTOP-9UIAO6I	Mátyás	unknown	0	1.446	2.27837


SYSTEM_START	-	DESKTOP-9UIAO6I	DESKTOP-9UIAO6I	2023-11-28 22:27:50


SYSTEM_INFO	CarMaker 12.0.1 - Car_Generic #5	jetbrains@66e0c34c4bd1 2023-05-24 12:39:25	(12.0.1 jetbrains@66e0c34c4bd1 2023-05-24 12:29:03)
SIM	1701206870	DESKTOP-9UIAO6I	Mátyás	unknown	0	3.07	12.292


SYSTEM_START	-	DESKTOP-9UIAO6I	DESKTOP-9UIAO6I	2023-11-28 22:29:31


SYSTEM_INFO	CarMaker 12.0.1 - Car_Generic #5	jetbrains@66e0c34c4bd1 2023-05-24 12:39:25	(12.0.1 jetbrains@66e0c34c4bd1 2023-05-24 12:29:03)
SIM	1701206972	DESKTOP-9UIAO6I	Mátyás	unknown	0	11.6	184.843


SYSTEM_START	-	DESKTOP-9UIAO6I	DESKTOP-9UIAO6I	2023-11-28 22:34:09


SYSTEM_INFO	CarMaker 12.0.1 - Car_Generic #5	jetbrains@66e0c34c4bd1 2023-05-24 12:39:25	(12.0.1 jetbrains@66e0c34c4bd1 2023-05-24 12:29:03)
SIM	1701207250	DESKTOP-9UIAO6I	Mátyás	unknown	0	11.6	184.843


SYSTEM_START	-	DESKTOP-9UIAO6I	DESKTOP-9UIAO6I	2023-11-29 19:09:45


SYSTEM_INFO	CarMaker 12.0.1 - Car_Generic #3	jetbrains@66e0c34c4bd1 2023-05-24 12:39:09	(12.0.1 jetbrains@66e0c34c4bd1 2023-05-24 12:29:03)
SIM	1701281385	DESKTOP-9UIAO6I			0	0	0
SIM	1701281391	DESKTOP-9UIAO6I	Mátyás	unknown	0	44.048	549.556
SIM	1701282594	DESKTOP-9UIAO6I	Mátyás	unknown	1	0	549.556
SIM	1701282606	DESKTOP-9UIAO6I	Mátyás	unknown	1	0	0
SIM	1701283045	DESKTOP-9UIAO6I	Mátyás	unknown	1	0	0


SYSTEM_START	-	DESKTOP-9UIAO6I	DESKTOP-9UIAO6I	2023-11-29 19:41:21


SYSTEM_INFO	CarMaker 12.0.1 - Car_Generic #3	jetbrains@66e0c34c4bd1 2023-05-24 12:39:09	(12.0.1 jetbrains@66e0c34c4bd1 2023-05-24 12:29:03)
SIM	1701283281	DESKTOP-9UIAO6I			0	0	0
SIM	1701283282	DESKTOP-9UIAO6I	Mátyás	unknown	0	3.154	2.19155
SIM	1701283307	DESKTOP-9UIAO6I	Mátyás	unknown	0	10	52.9374
SIM	1701283357	DESKTOP-9UIAO6I	Mátyás	unknown	0	1.918	0.0100122
SIM	1701283387	DESKTOP-9UIAO6I	Mátyás	unknown	0	10	52.9374
SIM	1701283553	DESKTOP-9UIAO6I	Mátyás	unknown	0	10	0.000667577
SIM	1701283626	DESKTOP-9UIAO6I	Mátyás	unknown	0	10	98.8129
SIM	1701283667	DESKTOP-9UIAO6I	Mátyás	unknown	0	10	98.8129
SIM	1701283703	DESKTOP-9UIAO6I	Mátyás	unknown	0	10	98.8129
SIM	1701283725	DESKTOP-9UIAO6I	Mátyás	unknown	0	10	98.8129
SIM	1701283771	DESKTOP-9UIAO6I	Mátyás	unknown	0	20.743	158.79
SIM	1701283823	DESKTOP-9UIAO6I	Mátyás	unknown	0	19.096	193.079
SIM	1701283876	DESKTOP-9UIAO6I	Mátyás	unknown	0	17.955	164.63


SYSTEM_START	-	DESKTOP-9UIAO6I	DESKTOP-9UIAO6I	2023-11-29 20:01:37


SYSTEM_INFO	CarMaker 12.0.1 - Car_Generic #5	jetbrains@66e0c34c4bd1 2023-05-24 12:39:25	(12.0.1 jetbrains@66e0c34c4bd1 2023-05-24 12:29:03)
SIM	1701284499	DESKTOP-9UIAO6I	Mátyás	unknown	0	6.37	1.34517e-06


SYSTEM_START	-	DESKTOP-9UIAO6I	DESKTOP-9UIAO6I	2023-11-29 20:05:53


SYSTEM_INFO	CarMaker 12.0.1 - Car_Generic #5	jetbrains@66e0c34c4bd1 2023-05-24 12:39:25	(12.0.1 jetbrains@66e0c34c4bd1 2023-05-24 12:29:03)
SIM	1701284753	DESKTOP-9UIAO6I	Mátyás	unknown	2	0	0


SYSTEM_START	-	DESKTOP-9UIAO6I	DESKTOP-9UIAO6I	2023-11-29 20:12:42


SYSTEM_INFO	CarMaker 12.0.1 - Car_Generic #5	jetbrains@66e0c34c4bd1 2023-05-24 12:39:25	(12.0.1 jetbrains@66e0c34c4bd1 2023-05-24 12:29:03)
SIM	1701285162	DESKTOP-9UIAO6I	Mátyás	unknown	0	7.682	202.843


SYSTEM_START	-	DESKTOP-9UIAO6I	DESKTOP-9UIAO6I	2023-11-29 20:16:53


SYSTEM_INFO	CarMaker 12.0.1 - Car_Generic #5	jetbrains@66e0c34c4bd1 2023-05-24 12:39:25	(12.0.1 jetbrains@66e0c34c4bd1 2023-05-24 12:29:03)
SIM	1701285413	DESKTOP-9UIAO6I	Mátyás	unknown	0	5.497	70.032


SYSTEM_START	-	DESKTOP-9UIAO6I	DESKTOP-9UIAO6I	2023-11-29 20:20:12


SYSTEM_INFO	CarMaker 12.0.1 - Car_Generic #5	jetbrains@66e0c34c4bd1 2023-05-24 12:39:25	(12.0.1 jetbrains@66e0c34c4bd1 2023-05-24 12:29:03)
SIM	1701285614	DESKTOP-9UIAO6I	Mátyás	unknown	0	4.639	70.032


SYSTEM_START	-	DESKTOP-9UIAO6I	DESKTOP-9UIAO6I	2023-11-29 20:52:20


SYSTEM_INFO	CarMaker 12.0.1 - Car_Generic #5	jetbrains@66e0c34c4bd1 2023-05-24 12:39:25	(12.0.1 jetbrains@66e0c34c4bd1 2023-05-24 12:29:03)
SIM	1701287540	DESKTOP-9UIAO6I	Mátyás	unknown	0	4.502	28.9869


SYSTEM_START	-	DESKTOP-9UIAO6I	DESKTOP-9UIAO6I	2023-11-29 20:53:08


SYSTEM_INFO	CarMaker 12.0.1 - Car_Generic #5	jetbrains@66e0c34c4bd1 2023-05-24 12:39:25	(12.0.1 jetbrains@66e0c34c4bd1 2023-05-24 12:29:03)
SIM	1701287588	DESKTOP-9UIAO6I	Mátyás	unknown	0	4.502	28.9869


SYSTEM_START	-	DESKTOP-9UIAO6I	DESKTOP-9UIAO6I	2023-11-29 20:54:02


SYSTEM_INFO	CarMaker 12.0.1 - Car_Generic #5	jetbrains@66e0c34c4bd1 2023-05-24 12:39:25	(12.0.1 jetbrains@66e0c34c4bd1 2023-05-24 12:29:03)
SIM	1701287642	DESKTOP-9UIAO6I	Mátyás	unknown	0	4.502	28.9869


SYSTEM_START	-	DESKTOP-9UIAO6I	DESKTOP-9UIAO6I	2023-11-29 20:54:45


SYSTEM_INFO	CarMaker 12.0.1 - Car_Generic #5	jetbrains@66e0c34c4bd1 2023-05-24 12:39:25	(12.0.1 jetbrains@66e0c34c4bd1 2023-05-24 12:29:03)
SIM	1701287685	DESKTOP-9UIAO6I	Mátyás	unknown	0	5.502	70.032


SYSTEM_START	-	DESKTOP-9UIAO6I	DESKTOP-9UIAO6I	2023-11-29 21:39:42


SYSTEM_INFO	CarMaker 12.0.1 - Car_Generic #5	jetbrains@66e0c34c4bd1 2023-05-24 12:39:25	(12.0.1 jetbrains@66e0c34c4bd1 2023-05-24 12:29:03)
SIM	1701290384	DESKTOP-9UIAO6I	Mátyás	unknown	0	5.314	1.12842e-06


SYSTEM_START	-	DESKTOP-9UIAO6I	DESKTOP-9UIAO6I	2023-11-29 21:40:14


SYSTEM_INFO	CarMaker 12.0.1 - Car_Generic #5	jetbrains@66e0c34c4bd1 2023-05-24 12:39:25	(12.0.1 jetbrains@66e0c34c4bd1 2023-05-24 12:29:03)
SIM	1701290415	DESKTOP-9UIAO6I	Mátyás	unknown	0	44.782	9.10939e-06


SYSTEM_START	-	DESKTOP-9UIAO6I	DESKTOP-9UIAO6I	2023-11-29 21:43:32


SYSTEM_INFO	CarMaker 12.0.1 - Car_Generic #5	jetbrains@66e0c34c4bd1 2023-05-24 12:39:25	(12.0.1 jetbrains@66e0c34c4bd1 2023-05-24 12:29:03)
SIM	1701290612	DESKTOP-9UIAO6I	Mátyás	unknown	0	19.975	4.1221e-06


SYSTEM_START	-	DESKTOP-9UIAO6I	DESKTOP-9UIAO6I	2023-11-29 21:52:33


SYSTEM_INFO	CarMaker 12.0.1 - Car_Generic #5	jetbrains@66e0c34c4bd1 2023-05-24 12:39:25	(12.0.1 jetbrains@66e0c34c4bd1 2023-05-24 12:29:03)
SIM	1701291154	DESKTOP-9UIAO6I	Mátyás	unknown	0	14.131	2.93295e-06


SYSTEM_START	-	DESKTOP-9UIAO6I	DESKTOP-9UIAO6I	2023-11-29 21:54:02


SYSTEM_INFO	CarMaker 12.0.1 - Car_Generic #5	jetbrains@66e0c34c4bd1 2023-05-24 12:39:25	(12.0.1 jetbrains@66e0c34c4bd1 2023-05-24 12:29:03)
SIM	1701291242	DESKTOP-9UIAO6I	Mátyás	unknown	0	10.218	2.13365e-06


SYSTEM_START	-	DESKTOP-9UIAO6I	DESKTOP-9UIAO6I	2023-11-29 21:55:11


SYSTEM_INFO	CarMaker 12.0.1 - Car_Generic #5	jetbrains@66e0c34c4bd1 2023-05-24 12:39:25	(12.0.1 jetbrains@66e0c34c4bd1 2023-05-24 12:29:03)
SIM	1701291311	DESKTOP-9UIAO6I	Mátyás	unknown	0	8.156	1.71145e-06


SYSTEM_START	-	DESKTOP-9UIAO6I	DESKTOP-9UIAO6I	2023-11-29 21:56:30


SYSTEM_INFO	CarMaker 12.0.1 - Car_Generic #5	jetbrains@66e0c34c4bd1 2023-05-24 12:39:25	(12.0.1 jetbrains@66e0c34c4bd1 2023-05-24 12:29:03)
SIM	1701291390	DESKTOP-9UIAO6I	Mátyás	unknown	0	19.364	3.99803e-06


SYSTEM_START	-	DESKTOP-9UIAO6I	DESKTOP-9UIAO6I	2023-11-29 21:58:14


SYSTEM_INFO	CarMaker 12.0.1 - Car_Generic #5	jetbrains@66e0c34c4bd1 2023-05-24 12:39:25	(12.0.1 jetbrains@66e0c34c4bd1 2023-05-24 12:29:03)
SIM	1701291495	DESKTOP-9UIAO6I	Mátyás	unknown	0	1.964	4.39477e-07


SYSTEM_START	-	DESKTOP-9UIAO6I	DESKTOP-9UIAO6I	2023-11-29 22:00:54


SYSTEM_INFO	CarMaker 12.0.1 - Car_Generic #5	jetbrains@66e0c34c4bd1 2023-05-24 12:39:25	(12.0.1 jetbrains@66e0c34c4bd1 2023-05-24 12:29:03)
SIM	1701291654	DESKTOP-9UIAO6I	Mátyás	unknown	0	12.392	2.57803e-06


SYSTEM_START	-	DESKTOP-9UIAO6I	DESKTOP-9UIAO6I	2023-11-29 22:02:56


SYSTEM_INFO	CarMaker 12.0.1 - Car_Generic #5	jetbrains@66e0c34c4bd1 2023-05-24 12:39:25	(12.0.1 jetbrains@66e0c34c4bd1 2023-05-24 12:29:03)
SIM	1701291777	DESKTOP-9UIAO6I	Mátyás	unknown	0	1.304	2.46039


SYSTEM_START	-	DESKTOP-9UIAO6I	DESKTOP-9UIAO6I	2023-11-29 22:04:56


SYSTEM_INFO	CarMaker 12.0.1 - Car_Generic #5	jetbrains@66e0c34c4bd1 2023-05-24 12:39:25	(12.0.1 jetbrains@66e0c34c4bd1 2023-05-24 12:29:03)
SIM	1701291898	DESKTOP-9UIAO6I	Mátyás	unknown	0	16.698	81.3587


SYSTEM_START	-	DESKTOP-9UIAO6I	DESKTOP-9UIAO6I	2023-11-30 11:18:27


SYSTEM_INFO	CarMaker 12.0.1 - Car_Generic #5	jetbrains@66e0c34c4bd1 2023-05-24 12:39:25	(12.0.1 jetbrains@66e0c34c4bd1 2023-05-24 12:29:03)
SIM	1701339508	DESKTOP-9UIAO6I	Mátyás	unknown	0	1.221	1.62611


SYSTEM_START	-	DESKTOP-9UIAO6I	DESKTOP-9UIAO6I	2023-11-30 11:18:58


SYSTEM_INFO	CarMaker 12.0.1 - Car_Generic #5	jetbrains@66e0c34c4bd1 2023-05-24 12:39:25	(12.0.1 jetbrains@66e0c34c4bd1 2023-05-24 12:29:03)
SIM	1701339538	DESKTOP-9UIAO6I	Mátyás	unknown	0	9.805	41.3221


SYSTEM_START	-	DESKTOP-9UIAO6I	DESKTOP-9UIAO6I	2023-11-30 11:21:17


SYSTEM_INFO	CarMaker 12.0.1 - Car_Generic #5	jetbrains@66e0c34c4bd1 2023-05-24 12:39:25	(12.0.1 jetbrains@66e0c34c4bd1 2023-05-24 12:29:03)
SIM	1701339677	DESKTOP-9UIAO6I	Mátyás	unknown	1	1.926	17.9309


SYSTEM_START	-	DESKTOP-9UIAO6I	DESKTOP-9UIAO6I	2023-11-30 11:22:53


SYSTEM_INFO	CarMaker 12.0.1 - Car_Generic #5	jetbrains@66e0c34c4bd1 2023-05-24 12:39:25	(12.0.1 jetbrains@66e0c34c4bd1 2023-05-24 12:29:03)
SIM	1701339774	DESKTOP-9UIAO6I	Mátyás	unknown	0	5.502	65.3264


SYSTEM_START	-	DESKTOP-9UIAO6I	DESKTOP-9UIAO6I	2023-11-30 11:24:53


SYSTEM_INFO	CarMaker 12.0.1 - Car_Generic #5	jetbrains@66e0c34c4bd1 2023-05-24 12:39:25	(12.0.1 jetbrains@66e0c34c4bd1 2023-05-24 12:29:03)
SIM	1701339893	DESKTOP-9UIAO6I	Mátyás	unknown	0	5.502	65.3262
