AntLauncher: Started.
AntLauncher: In run().
AntLauncher: Received launcher argument: -lib
AntLauncher: Received launcher argument: -Dpath.tools=C:\Program Files (x86)\ETAS\INTECRIO5.0\Tools
AntLauncher: Received launcher argument: -Dpath.work=c:\users\joser\onedrive\documentos\github\etas\main_ecu\cgen\pi\system
AntLauncher: Received launcher argument: -Dpath.intecrio=C:\Program Files (x86)\ETAS\INTECRIO5.0
AntLauncher: Received launcher argument: -Dpath.intecrio.appdata=C:\Users\joser\AppData\Roaming\ETAS\INTECRIO5.0
AntLauncher: Received launcher argument: -Dcount.targets=140
AntLauncher: Received launcher argument: -propertyfile
AntLauncher: Received launcher argument: c:\users\joser\onedrive\documentos\github\etas\main_ecu\cgen\pi\system\properties.ini
AntLauncher: Received launcher argument: -buildfile
AntLauncher: Received launcher argument: c:\users\joser\onedrive\documentos\github\etas\main_ecu\cgen\pi\system\build.xml
AntLauncher: Received launcher argument: -logfile
AntLauncher: Received launcher argument: c:\users\joser\onedrive\documentos\github\etas\main_ecu\cgen\pi\system\build.log
AntLauncher: Received launcher argument: -logger
AntLauncher: Received launcher argument: de.etas.intecrio.taskloggers.PIBuildLogger
AntLauncher: Received launcher argument: build
AntLauncher: Set Java classPath to C:\Program Files (x86)\ETAS\INTECRIO5.0\Tools\Ant-V1.10.1\lib\intecrio-ant-launcher.jar;C:\Program Files (x86)\ETAS\INTECRIO5.0\Tools\Ant-V1.10.1\lib\ant-launcher.jar;C:\Program Files (x86)\ETAS\INTECRIO5.0\Extensions\Ant-V1.10.1\lib\intecrio-generaltasks.jar;C:\Program Files (x86)\ETAS\INTECRIO5.0\Extensions\Ant-V1.10.1\lib\intecrio-pttasks.jar;C:\Program Files (x86)\ETAS\INTECRIO5.0\Extensions\Ant-V1.10.1\lib\intecrio-taskloggers.jar;C:\Program Files (x86)\ETAS\INTECRIO5.0\Extensions\Java-V7.0\lib\FOP\avalon-framework-cvs-20020806.jar;C:\Program Files (x86)\ETAS\INTECRIO5.0\Extensions\Java-V7.0\lib\FOP\batik.jar;C:\Program Files (x86)\ETAS\INTECRIO5.0\Extensions\Java-V7.0\lib\FOP\fop.jar;C:\Program Files (x86)\ETAS\INTECRIO5.0\Extensions\Java-V7.0\lib\FOP\jai_codec.jar;C:\Program Files (x86)\ETAS\INTECRIO5.0\Extensions\Java-V7.0\lib\FOP\jai_core.jar;C:\Program Files (x86)\ETAS\INTECRIO5.0\Extensions\Java-V7.0\lib\FOP\;C:\Program Files (x86)\ETAS\INTECRIO5.0\Extensions\Java-V7.0\lib\xalan-j\serializer.jar;C:\Program Files (x86)\ETAS\INTECRIO5.0\Extensions\Java-V7.0\lib\xalan-j\xalan.jar;C:\Program Files (x86)\ETAS\INTECRIO5.0\Extensions\Java-V7.0\lib\xalan-j\xercesImpl.jar;C:\Program Files (x86)\ETAS\INTECRIO5.0\Extensions\Java-V7.0\lib\xalan-j\xml-apis.jar;C:\Program Files (x86)\ETAS\INTECRIO5.0\Extensions\Java-V7.0\lib\xalan-j\;C:\Program Files (x86)\ETAS\INTECRIO5.0\Extensions\Java-V7.0\lib\xerces-j\cupv10k-runtime.jar;C:\Program Files (x86)\ETAS\INTECRIO5.0\Extensions\Java-V7.0\lib\xerces-j\icu4j.jar;C:\Program Files (x86)\ETAS\INTECRIO5.0\Extensions\Java-V7.0\lib\xerces-j\org.eclipse.wst.xml.xpath2.processor_1.1.0.jar;C:\Program Files (x86)\ETAS\INTECRIO5.0\Extensions\Java-V7.0\lib\xerces-j\resolver.jar;C:\Program Files (x86)\ETAS\INTECRIO5.0\Extensions\Java-V7.0\lib\xerces-j\serializer.jar;C:\Program Files (x86)\ETAS\INTECRIO5.0\Extensions\Java-V7.0\lib\xerces-j\xercesImpl.jar;C:\Program Files (x86)\ETAS\INTECRIO5.0\Extensions\Java-V7.0\lib\xerces-j\xercesSamples.jar;C:\Program Files (x86)\ETAS\INTECRIO5.0\Extensions\Java-V7.0\lib\xerces-j\xml-apis.jar;C:\Program Files (x86)\ETAS\INTECRIO5.0\Extensions\Java-V7.0\lib\xerces-j\;C:\Program Files (x86)\ETAS\INTECRIO5.0\Tools\Ant-V1.10.1\lib\andariel-1.2.3.jar;C:\Program Files (x86)\ETAS\INTECRIO5.0\Tools\Ant-V1.10.1\lib\ant-antlr.jar;C:\Program Files (x86)\ETAS\INTECRIO5.0\Tools\Ant-V1.10.1\lib\ant-apache-bcel.jar;C:\Program Files (x86)\ETAS\INTECRIO5.0\Tools\Ant-V1.10.1\lib\ant-apache-bsf.jar;C:\Program Files (x86)\ETAS\INTECRIO5.0\Tools\Ant-V1.10.1\lib\ant-apache-log4j.jar;C:\Program Files (x86)\ETAS\INTECRIO5.0\Tools\Ant-V1.10.1\lib\ant-apache-oro.jar;C:\Program Files (x86)\ETAS\INTECRIO5.0\Tools\Ant-V1.10.1\lib\ant-apache-regexp.jar;C:\Program Files (x86)\ETAS\INTECRIO5.0\Tools\Ant-V1.10.1\lib\ant-apache-resolver.jar;C:\Program Files (x86)\ETAS\INTECRIO5.0\Tools\Ant-V1.10.1\lib\ant-apache-xalan2.jar;C:\Program Files (x86)\ETAS\INTECRIO5.0\Tools\Ant-V1.10.1\lib\ant-commons-logging.jar;C:\Program Files (x86)\ETAS\INTECRIO5.0\Tools\Ant-V1.10.1\lib\ant-commons-net.jar;C:\Program Files (x86)\ETAS\INTECRIO5.0\Tools\Ant-V1.10.1\lib\ant-contrib-1.0b3.jar;C:\Program Files (x86)\ETAS\INTECRIO5.0\Tools\Ant-V1.10.1\lib\ant-jai.jar;C:\Program Files (x86)\ETAS\INTECRIO5.0\Tools\Ant-V1.10.1\lib\ant-javamail.jar;C:\Program Files (x86)\ETAS\INTECRIO5.0\Tools\Ant-V1.10.1\lib\ant-jdepend.jar;C:\Program Files (x86)\ETAS\INTECRIO5.0\Tools\Ant-V1.10.1\lib\ant-jmf.jar;C:\Program Files (x86)\ETAS\INTECRIO5.0\Tools\Ant-V1.10.1\lib\ant-jsch.jar;C:\Program Files (x86)\ETAS\INTECRIO5.0\Tools\Ant-V1.10.1\lib\ant-junit.jar;C:\Program Files (x86)\ETAS\INTECRIO5.0\Tools\Ant-V1.10.1\lib\ant-junit4.jar;C:\Program Files (x86)\ETAS\INTECRIO5.0\Tools\Ant-V1.10.1\lib\ant-launcher.jar;C:\Program Files (x86)\ETAS\INTECRIO5.0\Tools\Ant-V1.10.1\lib\ant-netrexx.jar;C:\Program Files (x86)\ETAS\INTECRIO5.0\Tools\Ant-V1.10.1\lib\ant-swing.jar;C:\Program Files (x86)\ETAS\INTECRIO5.0\Tools\Ant-V1.10.1\lib\ant-testutil.jar;C:\Program Files (x86)\ETAS\INTECRIO5.0\Tools\Ant-V1.10.1\lib\ant-xz.jar;C:\Program Files (x86)\ETAS\INTECRIO5.0\Tools\Ant-V1.10.1\lib\ant.jar;C:\Program Files (x86)\ETAS\INTECRIO5.0\Tools\Ant-V1.10.1\lib\intecrio-ant-launcher.jar
AntLauncher: No working directory set (empty option?)
AntLauncher: Added ANT argument -Dpath.tools=C:\Program Files (x86)\ETAS\INTECRIO5.0\Tools
AntLauncher: Added ANT argument -Dpath.work=c:\users\joser\onedrive\documentos\github\etas\main_ecu\cgen\pi\system
AntLauncher: Added ANT argument -Dpath.intecrio=C:\Program Files (x86)\ETAS\INTECRIO5.0
AntLauncher: Added ANT argument -Dpath.intecrio.appdata=C:\Users\joser\AppData\Roaming\ETAS\INTECRIO5.0
AntLauncher: Added ANT argument -Dcount.targets=140
AntLauncher: Added ANT argument -propertyfile
AntLauncher: Added ANT argument c:\users\joser\onedrive\documentos\github\etas\main_ecu\cgen\pi\system\properties.ini
AntLauncher: Added ANT argument -buildfile
AntLauncher: Added ANT argument c:\users\joser\onedrive\documentos\github\etas\main_ecu\cgen\pi\system\build.xml
AntLauncher: Added ANT argument -logfile
AntLauncher: Added ANT argument c:\users\joser\onedrive\documentos\github\etas\main_ecu\cgen\pi\system\build.log
AntLauncher: Added ANT argument -logger
AntLauncher: Added ANT argument de.etas.intecrio.taskloggers.PIBuildLogger
AntLauncher: Added ANT argument build
Buildfile: c:\users\joser\onedrive\documentos\github\etas\main_ecu\cgen\pi\system\build.xml
