Initializing build system...
Build timestamp is 06/10/2023 02:42:42.
Multithreading enabled, using 4 concurrent threads.
Parsing project configuration...
Starting build for project ETAS.
Selected hardware target is ES910 (ETARGET).
Selected compiler target is powerpc-nto.
Copying 1 file to C:\Users\dwegg\Desktop\ETAS-main\ETAS\Main_ECU\Logs
Performing code generation...
Calling ASAM-MCD 2MC generation for SW modules...
Analyzing direct dependencies for 1 file(s)...
1 file(s) are out-of-date
1 total file(s) to be created
Creating 1 file(s)...
Creating process using command line '"C:/Program Files (x86)/ETAS/INTECRIO4.7/Tools/Ruby-V1.9/bin/ruby.exe" "-IC:/Program Files (x86)/ETAS/INTECRIO4.7/Extensions/Ruby-V1.9/lib" "-IC:/Program Files (x86)/ETAS/INTECRIO4.7/Extensions/Ruby-V1.9/lib/i386-mswin32_100" "-IC:/Program Files (x86)/ETAS/INTECRIO4.7/Build/Shared/Ruby/lib" "-IC:/Program Files (x86)/ETAS/INTECRIO4.7/Build/Common/tools/pi_core-4.6" -W0 "C:/Program Files (x86)/ETAS/INTECRIO4.7/Build/Common/tools/pi_core-4.6/pi_core.rb" --command=GENERATE --logfile=pi_core_GENERATE.log --errfile=pi_core_err_GENERATE.log --workingdir=c:/users/dwegg/desktop/etas-main/etas/main_ecu/cgen/pi/system "--templatedir=C:/Program Files (x86)/ETAS/INTECRIO4.7/Build/Common/tools/pi_core-4.6/templates" --targetid=ES910 "--sixdir=C:/Program Files (x86)/ETAS/INTECRIO4.7/SCOOP-IX" --sixversion=1.5 --arversion=4.0 pi_core.ini'
Setting working directory to 'c:/users/dwegg/desktop/etas-main/etas/main_ecu/cgen/pi/system'
Setting environment variable 'RUBYOPT='
0x8239; warning: Error occurred while processing data element 'Inverters_Action_P.ActionnotDefined.u1_Value' ('Could not determine data type for data element 'Inverters_Action_P.ActionnotDefined.u1_Value'.'). Skipping (no access code will get generated).
0x8239; warning: Error occurred while processing data element 'Inverters_Action_P.ActionnotDefined.u2_Value' ('Could not determine data type for data element 'Inverters_Action_P.ActionnotDefined.u2_Value'.'). Skipping (no access code will get generated).
0x8239; warning: Error occurred while processing data element 'Inverters_Action_P.ActionnotDefined.u3_Value' ('Could not determine data type for data element 'Inverters_Action_P.ActionnotDefined.u3_Value'.'). Skipping (no access code will get generated).
0x8239; warning: Error occurred while processing data element 'Inverters_Action_P.ActionnotDefined.u_Value' ('Could not determine data type for data element 'Inverters_Action_P.ActionnotDefined.u_Value'.'). Skipping (no access code will get generated).
0x8239; warning: Error occurred while processing data element 'Inverters_Action_P.DisableDriveEnableDrive.Constant_Value' ('Could not determine data type for data element 'Inverters_Action_P.DisableDriveEnableDrive.Constant_Value'.'). Skipping (no access code will get generated).
0x8239; warning: Error occurred while processing data element 'Inverters_Action_P.DisableDriveEnableDrive.Constant_Value_g' ('Could not determine data type for data element 'Inverters_Action_P.DisableDriveEnableDrive.Constant_Value_g'.'). Skipping (no access code will get generated).
0x8239; warning: Error occurred while processing data element 'Inverters_Action_P.DisableDriveEnableDrive.Constant_Value_k' ('Could not determine data type for data element 'Inverters_Action_P.DisableDriveEnableDrive.Constant_Value_k'.'). Skipping (no access code will get generated).
0x8239; warning: Error occurred while processing data element 'Inverters_Action_P.DisableDriveEnableDrive.ux51_Value' ('Could not determine data type for data element 'Inverters_Action_P.DisableDriveEnableDrive.ux51_Value'.'). Skipping (no access code will get generated).
0x8239; warning: Error occurred while processing data element 'Inverters_Action_P.DisableDriveEnableDrive.void1_Value' ('Could not determine data type for data element 'Inverters_Action_P.DisableDriveEnableDrive.void1_Value'.'). Skipping (no access code will get generated).
0x8239; warning: Error occurred while processing data element 'Inverters_Action_P.EnumerationDone_f.Constant1_Value' ('Could not determine data type for data element 'Inverters_Action_P.EnumerationDone_f.Constant1_Value'.'). Skipping (no access code will get generated).
0x8239; warning: Error occurred while processing data element 'Inverters_Action_P.EnumerationDone_f.Constant_Value' ('Could not determine data type for data element 'Inverters_Action_P.EnumerationDone_f.Constant_Value'.'). Skipping (no access code will get generated).
0x8239; warning: Error occurred while processing data element 'Inverters_Action_P.RegisterEnumerator_n.Constant1_Value' ('Could not determine data type for data element 'Inverters_Action_P.RegisterEnumerator_n.Constant1_Value'.'). Skipping (no access code will get generated).
0x8239; warning: Error occurred while processing data element 'Inverters_Action_P.RegisterEnumerator_n.Constant2_Value' ('Could not determine data type for data element 'Inverters_Action_P.RegisterEnumerator_n.Constant2_Value'.'). Skipping (no access code will get generated).
0x8239; warning: Error occurred while processing data element 'Inverters_Action_P.RegisterEnumerator_n.Constant_Value' ('Could not determine data type for data element 'Inverters_Action_P.RegisterEnumerator_n.Constant_Value'.'). Skipping (no access code will get generated).
0x8239; warning: Error occurred while processing data element 'Inverters_Action_P.RegisterEnumerator_n.Registeradress_Value' ('Could not determine data type for data element 'Inverters_Action_P.RegisterEnumerator_n.Registeradress_Value'.'). Skipping (no access code will get generated).
0x8239; warning: Error occurred while processing data element 'Inverters_Action_P.RegisterEnumerator_n.ux20_Value' ('Could not determine data type for data element 'Inverters_Action_P.RegisterEnumerator_n.ux20_Value'.'). Skipping (no access code will get generated).
0x8239; warning: Error occurred while processing data element 'Inverters_Action_P.RegisterEnumerator_n.ux26_Value' ('Could not determine data type for data element 'Inverters_Action_P.RegisterEnumerator_n.ux26_Value'.'). Skipping (no access code will get generated).
0x8239; warning: Error occurred while processing data element 'Inverters_Action_P.RegisterEnumerator_n.ux27_Value' ('Could not determine data type for data element 'Inverters_Action_P.RegisterEnumerator_n.ux27_Value'.'). Skipping (no access code will get generated).
0x8239; warning: Error occurred while processing data element 'Inverters_Action_P.RegisterEnumerator_n.ux30_Value' ('Could not determine data type for data element 'Inverters_Action_P.RegisterEnumerator_n.ux30_Value'.'). Skipping (no access code will get generated).
0x8239; warning: Error occurred while processing data element 'Inverters_Action_P.RegisterEnumerator_n.ux49_Value' ('Could not determine data type for data element 'Inverters_Action_P.RegisterEnumerator_n.ux49_Value'.'). Skipping (no access code will get generated).
0x8239; warning: Error occurred while processing data element 'Inverters_Action_P.RegisterEnumerator_n.ux4A_Value' ('Could not determine data type for data element 'Inverters_Action_P.RegisterEnumerator_n.ux4A_Value'.'). Skipping (no access code will get generated).
0x8239; warning: Error occurred while processing data element 'Inverters_Action_P.RegisterEnumerator_n.uxE8_Value' ('Could not determine data type for data element 'Inverters_Action_P.RegisterEnumerator_n.uxE8_Value'.'). Skipping (no access code will get generated).
0x8239; warning: Error occurred while processing data element 'Inverters_Action_P.RegisterEnumerator_n.uxEB_Value' ('Could not determine data type for data element 'Inverters_Action_P.RegisterEnumerator_n.uxEB_Value'.'). Skipping (no access code will get generated).
0x8239; warning: Error occurred while processing data element 'Inverters_Action_P.ResetEnumeration_p.Constant1_Value' ('Could not determine data type for data element 'Inverters_Action_P.ResetEnumeration_p.Constant1_Value'.'). Skipping (no access code will get generated).
0x8239; warning: Error occurred while processing data element 'Inverters_Action_P.TorqueCommand.AlwaysEnabledifactionistorqueco' ('Could not determine data type for data element 'Inverters_Action_P.TorqueCommand.AlwaysEnabledifactionistorqueco'.'). Skipping (no access code will get generated).
0x8239; warning: Error occurred while processing data element 'Inverters_Action_P.TorqueCommand.Bits_Max_Value' ('Could not determine data type for data element 'Inverters_Action_P.TorqueCommand.Bits_Max_Value'.'). Skipping (no access code will get generated).
0x8239; warning: Error occurred while processing data element 'Inverters_Action_P.TorqueCommand.BitwiseOperator1_BitMask' ('Could not determine data type for data element 'Inverters_Action_P.TorqueCommand.BitwiseOperator1_BitMask'.'). Skipping (no access code will get generated).
0x8239; warning: Error occurred while processing data element 'Inverters_Action_P.TorqueCommand.BitwiseOperator_BitMask' ('Could not determine data type for data element 'Inverters_Action_P.TorqueCommand.BitwiseOperator_BitMask'.'). Skipping (no access code will get generated).
0x8239; warning: Error occurred while processing data element 'Inverters_Action_P.TorqueCommand.IMAX_Value' ('Could not determine data type for data element 'Inverters_Action_P.TorqueCommand.IMAX_Value'.'). Skipping (no access code will get generated).
0x8239; warning: Error occurred while processing data element 'Inverters_Action_P.TorqueCommand.ux90_Value' ('Could not determine data type for data element 'Inverters_Action_P.TorqueCommand.ux90_Value'.'). Skipping (no access code will get generated).
0x8239; warning: Error occurred while processing data element 'Inverters_Action_P.TorqueCommand0.Bits_Max_Value' ('Could not determine data type for data element 'Inverters_Action_P.TorqueCommand0.Bits_Max_Value'.'). Skipping (no access code will get generated).
0x8239; warning: Error occurred while processing data element 'Inverters_Action_P.TorqueCommand0.BitwiseOperator1_BitMask' ('Could not determine data type for data element 'Inverters_Action_P.TorqueCommand0.BitwiseOperator1_BitMask'.'). Skipping (no access code will get generated).
0x8239; warning: Error occurred while processing data element 'Inverters_Action_P.TorqueCommand0.BitwiseOperator_BitMask' ('Could not determine data type for data element 'Inverters_Action_P.TorqueCommand0.BitwiseOperator_BitMask'.'). Skipping (no access code will get generated).
0x8239; warning: Error occurred while processing data element 'Inverters_Action_P.TorqueCommand0.Constant_Value' ('Could not determine data type for data element 'Inverters_Action_P.TorqueCommand0.Constant_Value'.'). Skipping (no access code will get generated).
0x8239; warning: Error occurred while processing data element 'Inverters_Action_P.TorqueCommand0.IMAX_Value' ('Could not determine data type for data element 'Inverters_Action_P.TorqueCommand0.IMAX_Value'.'). Skipping (no access code will get generated).
0x8239; warning: Error occurred while processing data element 'Inverters_Action_P.TorqueCommand0.ux90_Value' ('Could not determine data type for data element 'Inverters_Action_P.TorqueCommand0.ux90_Value'.'). Skipping (no access code will get generated).
0x8239; warning: Error occurred while processing data element 'Inverters_Action_P.Unsubscribe_a._Value' ('Could not determine data type for data element 'Inverters_Action_P.Unsubscribe_a._Value'.'). Skipping (no access code will get generated).
0x8239; warning: Error occurred while processing data element 'Inverters_Action_P.Unsubscribe_a.uXFF_Value' ('Could not determine data type for data element 'Inverters_Action_P.Unsubscribe_a.uXFF_Value'.'). Skipping (no access code will get generated).
0x8239; warning: Error occurred while processing data element 'Racing_Mode_P.AutoX4Driver22.Apps_Sat_Dwn_Value' ('Could not determine data type for data element 'Racing_Mode_P.AutoX4Driver22.Apps_Sat_Dwn_Value'.'). Skipping (no access code will get generated).
0x8239; warning: Error occurred while processing data element 'Racing_Mode_P.AutoX4Driver22.Apps_Sat_Up_Value' ('Could not determine data type for data element 'Racing_Mode_P.AutoX4Driver22.Apps_Sat_Up_Value'.'). Skipping (no access code will get generated).
0x8239; warning: Error occurred while processing data element 'Racing_Mode_P.AutoX4Driver22.CKF_Initial_Value' ('Could not determine data type for data element 'Racing_Mode_P.AutoX4Driver22.CKF_Initial_Value'.'). Skipping (no access code will get generated).
0x8239; warning: Error occurred while processing data element 'Racing_Mode_P.Endurance5Driver22.Apps_Sat_Dwn_Value' ('Could not determine data type for data element 'Racing_Mode_P.Endurance5Driver22.Apps_Sat_Dwn_Value'.'). Skipping (no access code will get generated).
0x8239; warning: Error occurred while processing data element 'Racing_Mode_P.Endurance5Driver22.Apps_Sat_Up_Value' ('Could not determine data type for data element 'Racing_Mode_P.Endurance5Driver22.Apps_Sat_Up_Value'.'). Skipping (no access code will get generated).
0x8239; warning: Error occurred while processing data element 'Racing_Mode_P.Endurance5Driver22.CKF_Initial_Value' ('Could not determine data type for data element 'Racing_Mode_P.Endurance5Driver22.CKF_Initial_Value'.'). Skipping (no access code will get generated).
0x8239; warning: Error occurred while processing data element 'Racing_Mode_P.Endurance5Driver22.Cte_CKF_Value' ('Could not determine data type for data element 'Racing_Mode_P.Endurance5Driver22.Cte_CKF_Value'.'). Skipping (no access code will get generated).
0x8239; warning: Error occurred while processing data element 'Racing_Mode_P.Endurance5Driver22.Cte_SKF_Value' ('Could not determine data type for data element 'Racing_Mode_P.Endurance5Driver22.Cte_SKF_Value'.'). Skipping (no access code will get generated).
0x8239; warning: Error occurred while processing data element 'Racing_Mode_P.Endurance5Driver22.K_Reduction_P_Value' ('Could not determine data type for data element 'Racing_Mode_P.Endurance5Driver22.K_Reduction_P_Value'.'). Skipping (no access code will get generated).
0x8239; warning: Error occurred while processing data element 'Racing_Mode_P.Endurance5Driver22.K_Reduction_Temperature_Value' ('Could not determine data type for data element 'Racing_Mode_P.Endurance5Driver22.K_Reduction_Temperature_Value'.'). Skipping (no access code will get generated).
0x8239; warning: Error occurred while processing data element 'Racing_Mode_P.Endurance5Driver22.Max_Regenerative_Torque_Value' ('Could not determine data type for data element 'Racing_Mode_P.Endurance5Driver22.Max_Regenerative_Torque_Value'.'). Skipping (no access code will get generated).
0x8239; warning: Error occurred while processing data element 'Racing_Mode_P.Endurance5Driver22.Power_Limit_Value' ('Could not determine data type for data element 'Racing_Mode_P.Endurance5Driver22.Power_Limit_Value'.'). Skipping (no access code will get generated).
0x8239; warning: Error occurred while processing data element 'Racing_Mode_P.Endurance5Driver22.SKF_Initial_Value' ('Could not determine data type for data element 'Racing_Mode_P.Endurance5Driver22.SKF_Initial_Value'.'). Skipping (no access code will get generated).
0x8239; warning: Error occurred while processing data element 'Torque_Control_P.InertiaBraking_b.Constant1_Value' ('Could not determine data type for data element 'Torque_Control_P.InertiaBraking_b.Constant1_Value'.'). Skipping (no access code will get generated).
0x8239; warning: Error occurred while processing data element 'Torque_Control_P.InertiaBraking_b.Constant_Value' ('Could not determine data type for data element 'Torque_Control_P.InertiaBraking_b.Constant_Value'.'). Skipping (no access code will get generated).
0x8239; warning: Error occurred while processing data element 'Torque_Control_P.InertiaBraking_e.Constant1_Value' ('Could not determine data type for data element 'Torque_Control_P.InertiaBraking_e.Constant1_Value'.'). Skipping (no access code will get generated).
0x8239; warning: Error occurred while processing data element 'Torque_Control_P.InertiaBraking_e.Constant_Value' ('Could not determine data type for data element 'Torque_Control_P.InertiaBraking_e.Constant_Value'.'). Skipping (no access code will get generated).
0x8239; warning: Error occurred while processing data element 'Torque_Control_P.Mech_Braking_h.Constant_Value' ('Could not determine data type for data element 'Torque_Control_P.Mech_Braking_h.Constant_Value'.'). Skipping (no access code will get generated).
0x8239; warning: Error occurred while processing data element 'Torque_Control_P.Mech_Braking_l.Constant1_Value' ('Could not determine data type for data element 'Torque_Control_P.Mech_Braking_l.Constant1_Value'.'). Skipping (no access code will get generated).
0x8239; warning: Error occurred while processing data element 'Torque_Control_P.Mech_Braking_l.Constant_Value' ('Could not determine data type for data element 'Torque_Control_P.Mech_Braking_l.Constant_Value'.'). Skipping (no access code will get generated).
0x8239; warning: Error occurred while processing data element 'Car_State_P.ERROR.Constant_Value' ('Could not determine data type for data element 'Car_State_P.ERROR.Constant_Value'.'). Skipping (no access code will get generated).
0x8239; warning: Error occurred while processing data element 'Car_State_P.FALSE_m.Constant_Value' ('Could not determine data type for data element 'Car_State_P.FALSE_m.Constant_Value'.'). Skipping (no access code will get generated).
0x8239; warning: Error occurred while processing data element 'Car_State_P.OK.Constant_Value' ('Could not determine data type for data element 'Car_State_P.OK.Constant_Value'.'). Skipping (no access code will get generated).
0x8239; warning: Error occurred while processing data element 'Disconnections_P.CAN_OK.Constant_Value' ('Could not determine data type for data element 'Disconnections_P.CAN_OK.Constant_Value'.'). Skipping (no access code will get generated).
0x8239; warning: Error occurred while processing data element 'Disconnections_P.Signal_Failure.Constant_Value' ('Could not determine data type for data element 'Disconnections_P.Signal_Failure.Constant_Value'.'). Skipping (no access code will get generated).
0x8239; warning: Error occurred while processing data element 'Disconnections_P.Signal_OK.Constant_Value' ('Could not determine data type for data element 'Disconnections_P.Signal_OK.Constant_Value'.'). Skipping (no access code will get generated).
0x8239; warning: Error occurred while processing data element 'Accel_Data_DW.LowPass.Previous_IN' ('Could not determine data type for data element 'Accel_Data_DW.LowPass.Previous_IN'.'). Skipping (no access code will get generated).
0x8239; warning: Error occurred while processing data element 'Accel_Data_DW.LowPass.Previous_OUT' ('Could not determine data type for data element 'Accel_Data_DW.LowPass.Previous_OUT'.'). Skipping (no access code will get generated).
0x8239; warning: Error occurred while processing data element 'Accel_Data_DW.LowPass1.Previous_IN' ('Could not determine data type for data element 'Accel_Data_DW.LowPass1.Previous_IN'.'). Skipping (no access code will get generated).
0x8239; warning: Error occurred while processing data element 'Accel_Data_DW.LowPass1.Previous_OUT' ('Could not determine data type for data element 'Accel_Data_DW.LowPass1.Previous_OUT'.'). Skipping (no access code will get generated).
0x8239; warning: Error occurred while processing data element 'Accel_Data_DW.LowPass2.Previous_IN' ('Could not determine data type for data element 'Accel_Data_DW.LowPass2.Previous_IN'.'). Skipping (no access code will get generated).
0x8239; warning: Error occurred while processing data element 'Accel_Data_DW.LowPass2.Previous_OUT' ('Could not determine data type for data element 'Accel_Data_DW.LowPass2.Previous_OUT'.'). Skipping (no access code will get generated).
0x8239; warning: Error occurred while processing data element 'Accel_Data_P.LowPass1.Gain_Gain' ('Could not determine data type for data element 'Accel_Data_P.LowPass1.Gain_Gain'.'). Skipping (no access code will get generated).
0x8239; warning: Error occurred while processing data element 'Accel_Data_P.LowPass1.ct_Value' ('Could not determine data type for data element 'Accel_Data_P.LowPass1.ct_Value'.'). Skipping (no access code will get generated).
0x8239; warning: Error occurred while processing data element 'Accel_Data_P.LowPass1.exptcycletau1_Value' ('Could not determine data type for data element 'Accel_Data_P.LowPass1.exptcycletau1_Value'.'). Skipping (no access code will get generated).
0x8239; warning: Error occurred while processing data element 'Accel_Data_P.LowPass2.DataStoreMemory1_InitialValue' ('Could not determine data type for data element 'Accel_Data_P.LowPass2.DataStoreMemory1_InitialValue'.'). Skipping (no access code will get generated).
0x8239; warning: Error occurred while processing data element 'Accel_Data_P.LowPass2.DataStoreMemory_InitialValue' ('Could not determine data type for data element 'Accel_Data_P.LowPass2.DataStoreMemory_InitialValue'.'). Skipping (no access code will get generated).
0x8239; warning: Error occurred while processing data element 'Accel_Data_P.LowPass2.Gain_Gain' ('Could not determine data type for data element 'Accel_Data_P.LowPass2.Gain_Gain'.'). Skipping (no access code will get generated).
0x8239; warning: Error occurred while processing data element 'Accel_Data_P.LowPass2.ct_Value' ('Could not determine data type for data element 'Accel_Data_P.LowPass2.ct_Value'.'). Skipping (no access code will get generated).
0x8239; warning: Error occurred while processing data element 'Accel_Data_P.LowPass2.exptcycletau1_Value' ('Could not determine data type for data element 'Accel_Data_P.LowPass2.exptcycletau1_Value'.'). Skipping (no access code will get generated).
Output file 'c:/users/dwegg/desktop/etas-main/etas/main_ecu/cgen/pi/system/__call_it_always__' does not exist
Analyzing direct dependencies for 1 file(s)...
0 file(s) are out-of-date
(nothing to do)
Performing compilation...
Analyzing direct dependencies for 4 file(s)...
0 file(s) are out-of-date
Analyzing include dependencies for 4 file(s)...
Analyzing direct dependencies for 3 file(s)...
Analyzing direct dependencies for 1 file(s)...
0 file(s) are out-of-date
0 file(s) are out-of-date
Analyzing include dependencies for 3 file(s)...
Analyzing include dependencies for 1 file(s)...
Analyzing direct dependencies for 1 file(s)...
0 file(s) are out-of-date
Analyzing include dependencies for 1 file(s)...
0 file(s) are up-to-date
1 file(s) to be recreated from include dependency analysis
1 total file(s) to be created
Creating 1 file(s)...
Creating process using command line 'C:/ETAS/Compiler/INTECRIO4.7/QNXCompiler-V6.5/host/win32/x86/usr/bin/ntoppc-gcc-4.4.2 -Wno-parentheses -Wno-missing-braces -Lcpp -mabi=spe -mspe=yes -mfloat-gprs=double -mcpu=8548 -nostdinc -isystem C:/ETAS/Compiler/INTECRIO4.7/QNXCompiler-V6.5/target/qnx6/usr/include -c -MMD -fmessage-length=0 -pipe -O1 -DARCH_PPC -DENDIANESS_MSB -DTARGET_ES910 -DOS_QNX -DOSEK_RTA -DETAS_ENV_RAPID_PROTOTYPING -DENV_INTECRIO -DINTECRIO_VERSION_NUMBER=0x0407003ed -DFEATURE_NVRAM -DFEATURE_DATASET -DNVRAM -D__LANGUAGE_C -D_LANGUAGE_C -D__QNX__ -D__QNXNTO__ -D__GNUC__=4 -D__GNUC_MINOR__=4 -D__GNUC_PATCHLEVEL__=2 -D__unix__ -D__unix -D__ELF__ -D__PPC -D_ARCH_PPC -D_CALL_SYSV -D__PPC__ -D__E500_V2__ -DES910 -DYUKON -DirtTick=2.0E-08 -DOSENV_RTAOSEK -DINCLUDE_ASCET_SE_INTPOL -DUSE_RTMODEL -DMODEL=Ellipse -DRT -DNUMST=1 -DTID01EQ=0 -DNCSTATES=0 -DMT=0 -DHAVESTDIO -DMdlStart=MdlStart_Ellipse -DMdlOutputs=MdlOutputs_Ellipse -DMdlUpdate=MdlUpdate_Ellipse -DMdlTerminate=MdlTerminate_Ellipse -DMdlInitializeSizes=MdlInitializeSizes_Ellipse -DMdlInitializeSampleTimes=MdlInitializeSampleTimes_Ellipse -DMdlInitialize=MdlInitialize_Ellipse -DMdlEnable=MdlEnable_Ellipse -DMdlDerivatives=MdlDerivatives_Ellipse -DMdlProjection=MdlProjection_Ellipse -Drt_ODECreateIntegrationData=rt_ODECreateIntegrationData_Ellipse -Drt_ODEUpdateContinuousStates=rt_ODEUpdateContinuousStates_Ellipse -Drt_ODEDestroyIntegrationData=rt_ODEDestroyIntegrationData_Ellipse -Drt_ODECacheDataIntoSolverInfo=rt_ODECacheDataIntoSolverInfo_Ellipse -Drt_ODERetrieveDataFromSolverInfo=rt_ODERetrieveDataFromSolverInfo_Ellipse -Drt_ODECreateSolverInfo=rt_ODECreateSolverInfo_Ellipse -Drt_SimInitTimingEngine=rt_SimInitTimingEngine_Ellipse -Drt_SimGetNextSampleHit=rt_SimGetNextSampleHit_Ellipse -Drt_SimUpdateDiscreteTaskSampleHits=rt_SimUpdateDiscreteTaskSampleHits_Ellipse -Drt_SimUpdateDiscreteEvents=rt_SimUpdateDiscreteEvents_Ellipse -Drt_SimUpdateDiscreteTaskTime=rt_SimUpdateDiscreteTaskTime_Ellipse -Drt_CallSys=rt_CallSys_Ellipse -Drt_EnableSys=rt_EnableSys_Ellipse -Drt_DisableSys=rt_DisableSys_Ellipse -Drt_SimDestroyTimingEngine=rt_SimDestroyTimingEngine_Ellipse -Drt_InitTimingEngine=rt_InitTimingEngine_Ellipse -Drt_DestroyTimingEngine=rt_DestroyTimingEngine_Ellipse -Drt_UpdateDiscreteTaskSampleHits=rt_UpdateDiscreteTaskSampleHits_Ellipse -Drt_GetNextSampleHit=rt_GetNextSampleHit_Ellipse -Drt_UpdateDiscreteEvents=rt_UpdateDiscreteEvents_Ellipse -Drt_UpdateDiscreteTaskTime=rt_UpdateDiscreteTaskTime_Ellipse "-IC:/Program Files (x86)/ETAS/INTECRIO4.7/Target/Etarget/ES910" "-IC:/Program Files (x86)/ETAS/INTECRIO4.7/Target/Etarget/ES910/rta_osek" "-IC:/Program Files (x86)/ETAS/INTECRIO4.7/Target/Etarget" "-IC:/Program Files (x86)/ETAS/INTECRIO4.7/Target/Etarget/QNX_COMMON" "-IC:/Program Files (x86)/ETAS/INTECRIO4.7/Target/Etarget/QNX_COMMON/rta_osek" "-IC:/Program Files (x86)/ETAS/INTECRIO4.7/Target/Etarget/common" "-IC:/Program Files (x86)/ETAS/INTECRIO4.7/Target/Etarget/rtio/global" "-IC:/Program Files (x86)/ETAS/INTECRIO4.7/Target/Etarget/rtio/XCP" -Ic:/users/dwegg/desktop/etas-main/etas/main_ecu/cgen/pi/system/OSC -Ic:/users/dwegg/desktop/etas-main/etas/main_ecu/cgen/pi/system -IC:/ETAS/Compiler/INTECRIO4.7/QNXCompiler-V6.5/target/qnx6/usr/include -Ic:/users/dwegg/desktop/etas-main/etas/programas_simulink_build/ellipse_irt_rtw "-IC:/Program Files (x86)/ETAS/INTECRIO4.7/MATLAB/c/src" "-IC:/Program Files (x86)/ETAS/INTECRIO4.7/MATLAB/c/lib" -Ic:/users/dwegg/desktop/etas-main/etas/programas_simulink_build/ellipse_irt_rtw/external/simulink/include -Ic:/users/dwegg/desktop/etas-main/etas/programas_simulink_build/ellipse_irt_rtw/external/extern/include -Ic:/users/dwegg/desktop/etas-main/etas/programas_simulink_build/ellipse_irt_rtw/external/rtw/c/src -Ic:/users/dwegg/desktop/etas-main/etas/programas_simulink_build/ellipse_irt_rtw/external/rtw/c/libsrc -Ic:/users/dwegg/desktop/etas-main/etas/programas_simulink_build/ellipse_irt_rtw/external/_sharedutils -Ic:/users/dwegg/desktop/etas-main/etas/main_ecu/cgen/pi/system/Ellipse0 c:/users/dwegg/desktop/etas-main/etas/main_ecu/cgen/pi/system/Ellipse_instances.c'
Setting working directory to 'c:/users/dwegg/desktop/etas-main/etas/main_ecu/cgen/pi/system/Ellipse0'
Setting environment variable 'TMP=c:/users/dwegg/desktop/etas-main/etas/main_ecu/cgen/pi/system'
Setting environment variable 'Path=C:/ETAS/Compiler/INTECRIO4.7/QNXCompiler-V6.5/host/win32/x86/usr/bin'
Setting environment variable 'QNX_CONFIGURATION=C:/ETAS/Compiler/INTECRIO4.7/QNXCompiler-V6.5'
Setting environment variable 'QNX_HOST=C:/ETAS/Compiler/INTECRIO4.7/QNXCompiler-V6.5/host/win32/x86'
Setting environment variable 'QNX_TARGET=C:/ETAS/Compiler/INTECRIO4.7/QNXCompiler-V6.5/target/qnx6'
4 file(s) are up-to-date
0 file(s) to be recreated from include dependency analysis
1 file(s) are up-to-date
2 file(s) to be recreated from include dependency analysis
2 total file(s) to be created
Creating 2 file(s)...
Creating process using command line 'C:/ETAS/Compiler/INTECRIO4.7/QNXCompiler-V6.5/host/win32/x86/usr/bin/ntoppc-gcc-4.4.2 -Wno-parentheses -Wno-missing-braces -Lcpp -mabi=spe -mspe=yes -mfloat-gprs=double -mcpu=8548 -nostdinc -isystem C:/ETAS/Compiler/INTECRIO4.7/QNXCompiler-V6.5/target/qnx6/usr/include -c -MMD -fmessage-length=0 -pipe -O1 -DARCH_PPC -DENDIANESS_MSB -DTARGET_ES910 -DOS_QNX -DOSEK_RTA -DETAS_ENV_RAPID_PROTOTYPING -DENV_INTECRIO -DINTECRIO_VERSION_NUMBER=0x0407003ed -DFEATURE_NVRAM -DFEATURE_DATASET -DNVRAM -D__LANGUAGE_C -D_LANGUAGE_C -D__QNX__ -D__QNXNTO__ -D__GNUC__=4 -D__GNUC_MINOR__=4 -D__GNUC_PATCHLEVEL__=2 -D__unix__ -D__unix -D__ELF__ -D__PPC -D_ARCH_PPC -D_CALL_SYSV -D__PPC__ -D__E500_V2__ -DES910 -DYUKON -DirtTick=2.0E-08 -DOSENV_RTAOSEK -DINCLUDE_ASCET_SE_INTPOL -DUSE_RTMODEL -DMODEL=Ellipse -DRT -DNUMST=1 -DTID01EQ=0 -DNCSTATES=0 -DMT=0 -DHAVESTDIO -DMdlStart=MdlStart_Ellipse -DMdlOutputs=MdlOutputs_Ellipse -DMdlUpdate=MdlUpdate_Ellipse -DMdlTerminate=MdlTerminate_Ellipse -DMdlInitializeSizes=MdlInitializeSizes_Ellipse -DMdlInitializeSampleTimes=MdlInitializeSampleTimes_Ellipse -DMdlInitialize=MdlInitialize_Ellipse -DMdlEnable=MdlEnable_Ellipse -DMdlDerivatives=MdlDerivatives_Ellipse -DMdlProjection=MdlProjection_Ellipse -Drt_ODECreateIntegrationData=rt_ODECreateIntegrationData_Ellipse -Drt_ODEUpdateContinuousStates=rt_ODEUpdateContinuousStates_Ellipse -Drt_ODEDestroyIntegrationData=rt_ODEDestroyIntegrationData_Ellipse -Drt_ODECacheDataIntoSolverInfo=rt_ODECacheDataIntoSolverInfo_Ellipse -Drt_ODERetrieveDataFromSolverInfo=rt_ODERetrieveDataFromSolverInfo_Ellipse -Drt_ODECreateSolverInfo=rt_ODECreateSolverInfo_Ellipse -Drt_SimInitTimingEngine=rt_SimInitTimingEngine_Ellipse -Drt_SimGetNextSampleHit=rt_SimGetNextSampleHit_Ellipse -Drt_SimUpdateDiscreteTaskSampleHits=rt_SimUpdateDiscreteTaskSampleHits_Ellipse -Drt_SimUpdateDiscreteEvents=rt_SimUpdateDiscreteEvents_Ellipse -Drt_SimUpdateDiscreteTaskTime=rt_SimUpdateDiscreteTaskTime_Ellipse -Drt_CallSys=rt_CallSys_Ellipse -Drt_EnableSys=rt_EnableSys_Ellipse -Drt_DisableSys=rt_DisableSys_Ellipse -Drt_SimDestroyTimingEngine=rt_SimDestroyTimingEngine_Ellipse -Drt_InitTimingEngine=rt_InitTimingEngine_Ellipse -Drt_DestroyTimingEngine=rt_DestroyTimingEngine_Ellipse -Drt_UpdateDiscreteTaskSampleHits=rt_UpdateDiscreteTaskSampleHits_Ellipse -Drt_GetNextSampleHit=rt_GetNextSampleHit_Ellipse -Drt_UpdateDiscreteEvents=rt_UpdateDiscreteEvents_Ellipse -Drt_UpdateDiscreteTaskTime=rt_UpdateDiscreteTaskTime_Ellipse "-IC:/Program Files (x86)/ETAS/INTECRIO4.7/Target/Etarget/ES910" "-IC:/Program Files (x86)/ETAS/INTECRIO4.7/Target/Etarget/ES910/rta_osek" "-IC:/Program Files (x86)/ETAS/INTECRIO4.7/Target/Etarget" "-IC:/Program Files (x86)/ETAS/INTECRIO4.7/Target/Etarget/QNX_COMMON" "-IC:/Program Files (x86)/ETAS/INTECRIO4.7/Target/Etarget/QNX_COMMON/rta_osek" "-IC:/Program Files (x86)/ETAS/INTECRIO4.7/Target/Etarget/common" "-IC:/Program Files (x86)/ETAS/INTECRIO4.7/Target/Etarget/rtio/global" "-IC:/Program Files (x86)/ETAS/INTECRIO4.7/Target/Etarget/rtio/XCP" -Ic:/users/dwegg/desktop/etas-main/etas/main_ecu/cgen/pi/system/OSC -Ic:/users/dwegg/desktop/etas-main/etas/main_ecu/cgen/pi/system -IC:/ETAS/Compiler/INTECRIO4.7/QNXCompiler-V6.5/target/qnx6/usr/include -Ic:/users/dwegg/desktop/etas-main/etas/programas_simulink_build/ellipse_irt_rtw "-IC:/Program Files (x86)/ETAS/INTECRIO4.7/MATLAB/c/src" "-IC:/Program Files (x86)/ETAS/INTECRIO4.7/MATLAB/c/lib" -Ic:/users/dwegg/desktop/etas-main/etas/programas_simulink_build/ellipse_irt_rtw/external/simulink/include -Ic:/users/dwegg/desktop/etas-main/etas/programas_simulink_build/ellipse_irt_rtw/external/extern/include -Ic:/users/dwegg/desktop/etas-main/etas/programas_simulink_build/ellipse_irt_rtw/external/rtw/c/src -Ic:/users/dwegg/desktop/etas-main/etas/programas_simulink_build/ellipse_irt_rtw/external/rtw/c/libsrc -Ic:/users/dwegg/desktop/etas-main/etas/programas_simulink_build/ellipse_irt_rtw/external/_sharedutils -Ic:/users/dwegg/desktop/etas-main/etas/main_ecu/cgen/pi/system/Ellipse1 c:/users/dwegg/desktop/etas-main/etas/programas_simulink_build/ellipse_irt_rtw/Ellipse_main.c c:/users/dwegg/desktop/etas-main/etas/programas_simulink_build/ellipse_irt_rtw/Ellipse.c'
Setting working directory to 'c:/users/dwegg/desktop/etas-main/etas/main_ecu/cgen/pi/system/Ellipse1'
Setting environment variable 'TMP=c:/users/dwegg/desktop/etas-main/etas/main_ecu/cgen/pi/system'
Setting environment variable 'Path=C:/ETAS/Compiler/INTECRIO4.7/QNXCompiler-V6.5/host/win32/x86/usr/bin'
Setting environment variable 'QNX_CONFIGURATION=C:/ETAS/Compiler/INTECRIO4.7/QNXCompiler-V6.5'
Setting environment variable 'QNX_HOST=C:/ETAS/Compiler/INTECRIO4.7/QNXCompiler-V6.5/host/win32/x86'
Setting environment variable 'QNX_TARGET=C:/ETAS/Compiler/INTECRIO4.7/QNXCompiler-V6.5/target/qnx6'
1 file(s) are up-to-date
0 file(s) to be recreated from include dependency analysis
Analyzing direct dependencies for 1 file(s)...
0 file(s) are out-of-date
Analyzing include dependencies for 1 file(s)...
Analyzing direct dependencies for 4 file(s)...
0 file(s) are out-of-date
Analyzing include dependencies for 4 file(s)...
1 file(s) are up-to-date
0 file(s) to be recreated from include dependency analysis
4 file(s) are up-to-date
0 file(s) to be recreated from include dependency analysis
Analyzing direct dependencies for 1 file(s)...
0 file(s) are out-of-date
Analyzing include dependencies for 1 file(s)...
Analyzing direct dependencies for 4 file(s)...
0 file(s) are out-of-date
Analyzing include dependencies for 4 file(s)...
4 file(s) are up-to-date
0 file(s) to be recreated from include dependency analysis
1 file(s) are up-to-date
0 file(s) to be recreated from include dependency analysis
Analyzing direct dependencies for 1 file(s)...
0 file(s) are out-of-date
Analyzing include dependencies for 1 file(s)...
Analyzing direct dependencies for 4 file(s)...
0 file(s) are out-of-date
Analyzing include dependencies for 4 file(s)...
1 file(s) are up-to-date
0 file(s) to be recreated from include dependency analysis
4 file(s) are up-to-date
0 file(s) to be recreated from include dependency analysis
Analyzing direct dependencies for 1 file(s)...
0 file(s) are out-of-date
Analyzing include dependencies for 1 file(s)...
Analyzing direct dependencies for 4 file(s)...
0 file(s) are out-of-date
Analyzing include dependencies for 4 file(s)...
4 file(s) are up-to-date
0 file(s) to be recreated from include dependency analysis
1 file(s) are up-to-date
0 file(s) to be recreated from include dependency analysis
Analyzing direct dependencies for 1 file(s)...
1 file(s) are out-of-date
1 total file(s) to be created
Creating 1 file(s)...
Creating process using command line 'C:/ETAS/Compiler/INTECRIO4.7/QNXCompiler-V6.5/host/win32/x86/usr/bin/ntoppc-gcc-4.4.2 -Wno-parentheses -Wno-missing-braces -Lcpp -mabi=spe -mspe=yes -mfloat-gprs=double -mcpu=8548 -nostdinc -isystem C:/ETAS/Compiler/INTECRIO4.7/QNXCompiler-V6.5/target/qnx6/usr/include -c -MMD -fmessage-length=0 -pipe -O1 -DARCH_PPC -DENDIANESS_MSB -DTARGET_ES910 -DOS_QNX -DOSEK_RTA -DETAS_ENV_RAPID_PROTOTYPING -DENV_INTECRIO -DINTECRIO_VERSION_NUMBER=0x0407003ed -DFEATURE_NVRAM -DFEATURE_DATASET -DNVRAM -D__LANGUAGE_C -D_LANGUAGE_C -D__QNX__ -D__QNXNTO__ -D__GNUC__=4 -D__GNUC_MINOR__=4 -D__GNUC_PATCHLEVEL__=2 -D__unix__ -D__unix -D__ELF__ -D__PPC -D_ARCH_PPC -D_CALL_SYSV -D__PPC__ -D__E500_V2__ -DES910 -DYUKON -DirtTick=2.0E-08 -DOSENV_RTAOSEK -DINCLUDE_ASCET_SE_INTPOL -DUSE_RTMODEL -DMODEL=Torque_Control -DRT -DNUMST=2 -DTID01EQ=1 -DNCSTATES=1 -DMT=0 -DHAVESTDIO -DMdlStart=MdlStart_Torque_Control -DMdlOutputs=MdlOutputs_Torque_Control -DMdlUpdate=MdlUpdate_Torque_Control -DMdlTerminate=MdlTerminate_Torque_Control -DMdlInitializeSizes=MdlInitializeSizes_Torque_Control -DMdlInitializeSampleTimes=MdlInitializeSampleTimes_Torque_Control -DMdlInitialize=MdlInitialize_Torque_Control -DMdlEnable=MdlEnable_Torque_Control -DMdlDerivatives=MdlDerivatives_Torque_Control -DMdlProjection=MdlProjection_Torque_Control -Drt_ODECreateIntegrationData=rt_ODECreateIntegrationData_Torque_Control -Drt_ODEUpdateContinuousStates=rt_ODEUpdateContinuousStates_Torque_Control -Drt_ODEDestroyIntegrationData=rt_ODEDestroyIntegrationData_Torque_Control -Drt_ODECacheDataIntoSolverInfo=rt_ODECacheDataIntoSolverInfo_Torque_Control -Drt_ODERetrieveDataFromSolverInfo=rt_ODERetrieveDataFromSolverInfo_Torque_Control -Drt_ODECreateSolverInfo=rt_ODECreateSolverInfo_Torque_Control -Drt_SimInitTimingEngine=rt_SimInitTimingEngine_Torque_Control -Drt_SimGetNextSampleHit=rt_SimGetNextSampleHit_Torque_Control -Drt_SimUpdateDiscreteTaskSampleHits=rt_SimUpdateDiscreteTaskSampleHits_Torque_Control -Drt_SimUpdateDiscreteEvents=rt_SimUpdateDiscreteEvents_Torque_Control -Drt_SimUpdateDiscreteTaskTime=rt_SimUpdateDiscreteTaskTime_Torque_Control -Drt_CallSys=rt_CallSys_Torque_Control -Drt_EnableSys=rt_EnableSys_Torque_Control -Drt_DisableSys=rt_DisableSys_Torque_Control -Drt_SimDestroyTimingEngine=rt_SimDestroyTimingEngine_Torque_Control -Drt_InitTimingEngine=rt_InitTimingEngine_Torque_Control -Drt_DestroyTimingEngine=rt_DestroyTimingEngine_Torque_Control -Drt_UpdateDiscreteTaskSampleHits=rt_UpdateDiscreteTaskSampleHits_Torque_Control -Drt_GetNextSampleHit=rt_GetNextSampleHit_Torque_Control -Drt_UpdateDiscreteEvents=rt_UpdateDiscreteEvents_Torque_Control -Drt_UpdateDiscreteTaskTime=rt_UpdateDiscreteTaskTime_Torque_Control "-IC:/Program Files (x86)/ETAS/INTECRIO4.7/Target/Etarget/ES910" "-IC:/Program Files (x86)/ETAS/INTECRIO4.7/Target/Etarget/ES910/rta_osek" "-IC:/Program Files (x86)/ETAS/INTECRIO4.7/Target/Etarget" "-IC:/Program Files (x86)/ETAS/INTECRIO4.7/Target/Etarget/QNX_COMMON" "-IC:/Program Files (x86)/ETAS/INTECRIO4.7/Target/Etarget/QNX_COMMON/rta_osek" "-IC:/Program Files (x86)/ETAS/INTECRIO4.7/Target/Etarget/common" "-IC:/Program Files (x86)/ETAS/INTECRIO4.7/Target/Etarget/rtio/global" "-IC:/Program Files (x86)/ETAS/INTECRIO4.7/Target/Etarget/rtio/XCP" -Ic:/users/dwegg/desktop/etas-main/etas/main_ecu/cgen/pi/system/OSC -Ic:/users/dwegg/desktop/etas-main/etas/main_ecu/cgen/pi/system -IC:/ETAS/Compiler/INTECRIO4.7/QNXCompiler-V6.5/target/qnx6/usr/include -Ic:/users/dwegg/desktop/etas-main/etas/programas_simulink_build/torque_control_irt_rtw "-IC:/Program Files (x86)/ETAS/INTECRIO4.7/MATLAB/c/src" "-IC:/Program Files (x86)/ETAS/INTECRIO4.7/MATLAB/c/lib" -Ic:/users/dwegg/desktop/etas-main/etas/programas_simulink_build/torque_control_irt_rtw/external/simulink/include -Ic:/users/dwegg/desktop/etas-main/etas/programas_simulink_build/torque_control_irt_rtw/external/extern/include -Ic:/users/dwegg/desktop/etas-main/etas/programas_simulink_build/torque_control_irt_rtw/external/rtw/c/src -Ic:/users/dwegg/desktop/etas-main/etas/programas_simulink_build/torque_control_irt_rtw/external/rtw/c/libsrc -Ic:/users/dwegg/desktop/etas-main/etas/programas_simulink_build/torque_control_irt_rtw/external/_sharedutils -Ic:/users/dwegg/desktop/etas-main/etas/main_ecu/cgen/pi/system/Torque_Control0 c:/users/dwegg/desktop/etas-main/etas/main_ecu/cgen/pi/system/Torque_Control_instances.c'
Setting working directory to 'c:/users/dwegg/desktop/etas-main/etas/main_ecu/cgen/pi/system/Torque_Control0'
Setting environment variable 'TMP=c:/users/dwegg/desktop/etas-main/etas/main_ecu/cgen/pi/system'
Setting environment variable 'Path=C:/ETAS/Compiler/INTECRIO4.7/QNXCompiler-V6.5/host/win32/x86/usr/bin'
Setting environment variable 'QNX_CONFIGURATION=C:/ETAS/Compiler/INTECRIO4.7/QNXCompiler-V6.5'
Setting environment variable 'QNX_HOST=C:/ETAS/Compiler/INTECRIO4.7/QNXCompiler-V6.5/host/win32/x86'
Setting environment variable 'QNX_TARGET=C:/ETAS/Compiler/INTECRIO4.7/QNXCompiler-V6.5/target/qnx6'
Analyzing direct dependencies for 5 file(s)...
2 file(s) are out-of-date
Analyzing include dependencies for 3 file(s)...
2 file(s) are up-to-date
1 file(s) to be recreated from include dependency analysis
3 total file(s) to be created
Creating 3 file(s)...
Creating process using command line 'C:/ETAS/Compiler/INTECRIO4.7/QNXCompiler-V6.5/host/win32/x86/usr/bin/ntoppc-gcc-4.4.2 -Wno-parentheses -Wno-missing-braces -Lcpp -mabi=spe -mspe=yes -mfloat-gprs=double -mcpu=8548 -nostdinc -isystem C:/ETAS/Compiler/INTECRIO4.7/QNXCompiler-V6.5/target/qnx6/usr/include -c -MMD -fmessage-length=0 -pipe -O1 -DARCH_PPC -DENDIANESS_MSB -DTARGET_ES910 -DOS_QNX -DOSEK_RTA -DETAS_ENV_RAPID_PROTOTYPING -DENV_INTECRIO -DINTECRIO_VERSION_NUMBER=0x0407003ed -DFEATURE_NVRAM -DFEATURE_DATASET -DNVRAM -D__LANGUAGE_C -D_LANGUAGE_C -D__QNX__ -D__QNXNTO__ -D__GNUC__=4 -D__GNUC_MINOR__=4 -D__GNUC_PATCHLEVEL__=2 -D__unix__ -D__unix -D__ELF__ -D__PPC -D_ARCH_PPC -D_CALL_SYSV -D__PPC__ -D__E500_V2__ -DES910 -DYUKON -DirtTick=2.0E-08 -DOSENV_RTAOSEK -DINCLUDE_ASCET_SE_INTPOL -DUSE_RTMODEL -DMODEL=Torque_Control -DRT -DNUMST=2 -DTID01EQ=1 -DNCSTATES=1 -DMT=0 -DHAVESTDIO -DMdlStart=MdlStart_Torque_Control -DMdlOutputs=MdlOutputs_Torque_Control -DMdlUpdate=MdlUpdate_Torque_Control -DMdlTerminate=MdlTerminate_Torque_Control -DMdlInitializeSizes=MdlInitializeSizes_Torque_Control -DMdlInitializeSampleTimes=MdlInitializeSampleTimes_Torque_Control -DMdlInitialize=MdlInitialize_Torque_Control -DMdlEnable=MdlEnable_Torque_Control -DMdlDerivatives=MdlDerivatives_Torque_Control -DMdlProjection=MdlProjection_Torque_Control -Drt_ODECreateIntegrationData=rt_ODECreateIntegrationData_Torque_Control -Drt_ODEUpdateContinuousStates=rt_ODEUpdateContinuousStates_Torque_Control -Drt_ODEDestroyIntegrationData=rt_ODEDestroyIntegrationData_Torque_Control -Drt_ODECacheDataIntoSolverInfo=rt_ODECacheDataIntoSolverInfo_Torque_Control -Drt_ODERetrieveDataFromSolverInfo=rt_ODERetrieveDataFromSolverInfo_Torque_Control -Drt_ODECreateSolverInfo=rt_ODECreateSolverInfo_Torque_Control -Drt_SimInitTimingEngine=rt_SimInitTimingEngine_Torque_Control -Drt_SimGetNextSampleHit=rt_SimGetNextSampleHit_Torque_Control -Drt_SimUpdateDiscreteTaskSampleHits=rt_SimUpdateDiscreteTaskSampleHits_Torque_Control -Drt_SimUpdateDiscreteEvents=rt_SimUpdateDiscreteEvents_Torque_Control -Drt_SimUpdateDiscreteTaskTime=rt_SimUpdateDiscreteTaskTime_Torque_Control -Drt_CallSys=rt_CallSys_Torque_Control -Drt_EnableSys=rt_EnableSys_Torque_Control -Drt_DisableSys=rt_DisableSys_Torque_Control -Drt_SimDestroyTimingEngine=rt_SimDestroyTimingEngine_Torque_Control -Drt_InitTimingEngine=rt_InitTimingEngine_Torque_Control -Drt_DestroyTimingEngine=rt_DestroyTimingEngine_Torque_Control -Drt_UpdateDiscreteTaskSampleHits=rt_UpdateDiscreteTaskSampleHits_Torque_Control -Drt_GetNextSampleHit=rt_GetNextSampleHit_Torque_Control -Drt_UpdateDiscreteEvents=rt_UpdateDiscreteEvents_Torque_Control -Drt_UpdateDiscreteTaskTime=rt_UpdateDiscreteTaskTime_Torque_Control "-IC:/Program Files (x86)/ETAS/INTECRIO4.7/Target/Etarget/ES910" "-IC:/Program Files (x86)/ETAS/INTECRIO4.7/Target/Etarget/ES910/rta_osek" "-IC:/Program Files (x86)/ETAS/INTECRIO4.7/Target/Etarget" "-IC:/Program Files (x86)/ETAS/INTECRIO4.7/Target/Etarget/QNX_COMMON" "-IC:/Program Files (x86)/ETAS/INTECRIO4.7/Target/Etarget/QNX_COMMON/rta_osek" "-IC:/Program Files (x86)/ETAS/INTECRIO4.7/Target/Etarget/common" "-IC:/Program Files (x86)/ETAS/INTECRIO4.7/Target/Etarget/rtio/global" "-IC:/Program Files (x86)/ETAS/INTECRIO4.7/Target/Etarget/rtio/XCP" -Ic:/users/dwegg/desktop/etas-main/etas/main_ecu/cgen/pi/system/OSC -Ic:/users/dwegg/desktop/etas-main/etas/main_ecu/cgen/pi/system -IC:/ETAS/Compiler/INTECRIO4.7/QNXCompiler-V6.5/target/qnx6/usr/include -Ic:/users/dwegg/desktop/etas-main/etas/programas_simulink_build/torque_control_irt_rtw "-IC:/Program Files (x86)/ETAS/INTECRIO4.7/MATLAB/c/src" "-IC:/Program Files (x86)/ETAS/INTECRIO4.7/MATLAB/c/lib" -Ic:/users/dwegg/desktop/etas-main/etas/programas_simulink_build/torque_control_irt_rtw/external/simulink/include -Ic:/users/dwegg/desktop/etas-main/etas/programas_simulink_build/torque_control_irt_rtw/external/extern/include -Ic:/users/dwegg/desktop/etas-main/etas/programas_simulink_build/torque_control_irt_rtw/external/rtw/c/src -Ic:/users/dwegg/desktop/etas-main/etas/programas_simulink_build/torque_control_irt_rtw/external/rtw/c/libsrc -Ic:/users/dwegg/desktop/etas-main/etas/programas_simulink_build/torque_control_irt_rtw/external/_sharedutils -Ic:/users/dwegg/desktop/etas-main/etas/main_ecu/cgen/pi/system/Torque_Control1 c:/users/dwegg/desktop/etas-main/etas/programas_simulink_build/torque_control_irt_rtw/Torque_Control_main.c c:/users/dwegg/desktop/etas-main/etas/programas_simulink_build/torque_control_irt_rtw/Torque_Control_data.c c:/users/dwegg/desktop/etas-main/etas/programas_simulink_build/torque_control_irt_rtw/Torque_Control.c'
Setting working directory to 'c:/users/dwegg/desktop/etas-main/etas/main_ecu/cgen/pi/system/Torque_Control1'
Setting environment variable 'TMP=c:/users/dwegg/desktop/etas-main/etas/main_ecu/cgen/pi/system'
Setting environment variable 'Path=C:/ETAS/Compiler/INTECRIO4.7/QNXCompiler-V6.5/host/win32/x86/usr/bin'
Setting environment variable 'QNX_CONFIGURATION=C:/ETAS/Compiler/INTECRIO4.7/QNXCompiler-V6.5'
Setting environment variable 'QNX_HOST=C:/ETAS/Compiler/INTECRIO4.7/QNXCompiler-V6.5/host/win32/x86'
Setting environment variable 'QNX_TARGET=C:/ETAS/Compiler/INTECRIO4.7/QNXCompiler-V6.5/target/qnx6'
Output file 'c:/users/dwegg/desktop/etas-main/etas/main_ecu/cgen/pi/system/Ellipse1/rt_sim.o' does not exist
Analyzing direct dependencies for 1 file(s)...
1 file(s) are out-of-date
1 total file(s) to be created
Creating 1 file(s)...
Creating process using command line 'C:/ETAS/Compiler/INTECRIO4.7/QNXCompiler-V6.5/host/win32/x86/usr/bin/ntoppc-gcc-4.4.2 -Wno-parentheses -Wno-missing-braces -Lcpp -mabi=spe -mspe=yes -mfloat-gprs=double -mcpu=8548 -nostdinc -isystem C:/ETAS/Compiler/INTECRIO4.7/QNXCompiler-V6.5/target/qnx6/usr/include -c -MMD -fmessage-length=0 -pipe -O1 -DARCH_PPC -DENDIANESS_MSB -DTARGET_ES910 -DOS_QNX -DOSEK_RTA -DETAS_ENV_RAPID_PROTOTYPING -DENV_INTECRIO -DINTECRIO_VERSION_NUMBER=0x0407003ed -DFEATURE_NVRAM -DFEATURE_DATASET -DNVRAM -D__LANGUAGE_C -D_LANGUAGE_C -D__QNX__ -D__QNXNTO__ -D__GNUC__=4 -D__GNUC_MINOR__=4 -D__GNUC_PATCHLEVEL__=2 -D__unix__ -D__unix -D__ELF__ -D__PPC -D_ARCH_PPC -D_CALL_SYSV -D__PPC__ -D__E500_V2__ -DES910 -DYUKON -DirtTick=2.0E-08 -DOSENV_RTAOSEK -DINCLUDE_ASCET_SE_INTPOL -DUSE_RTMODEL -DMODEL=SoC -DRT -DNUMST=2 -DTID01EQ=1 -DNCSTATES=2 -DMT=0 -DHAVESTDIO -DMdlStart=MdlStart_SoC -DMdlOutputs=MdlOutputs_SoC -DMdlUpdate=MdlUpdate_SoC -DMdlTerminate=MdlTerminate_SoC -DMdlInitializeSizes=MdlInitializeSizes_SoC -DMdlInitializeSampleTimes=MdlInitializeSampleTimes_SoC -DMdlInitialize=MdlInitialize_SoC -DMdlEnable=MdlEnable_SoC -DMdlDerivatives=MdlDerivatives_SoC -DMdlProjection=MdlProjection_SoC -Drt_ODECreateIntegrationData=rt_ODECreateIntegrationData_SoC -Drt_ODEUpdateContinuousStates=rt_ODEUpdateContinuousStates_SoC -Drt_ODEDestroyIntegrationData=rt_ODEDestroyIntegrationData_SoC -Drt_ODECacheDataIntoSolverInfo=rt_ODECacheDataIntoSolverInfo_SoC -Drt_ODERetrieveDataFromSolverInfo=rt_ODERetrieveDataFromSolverInfo_SoC -Drt_ODECreateSolverInfo=rt_ODECreateSolverInfo_SoC -Drt_SimInitTimingEngine=rt_SimInitTimingEngine_SoC -Drt_SimGetNextSampleHit=rt_SimGetNextSampleHit_SoC -Drt_SimUpdateDiscreteTaskSampleHits=rt_SimUpdateDiscreteTaskSampleHits_SoC -Drt_SimUpdateDiscreteEvents=rt_SimUpdateDiscreteEvents_SoC -Drt_SimUpdateDiscreteTaskTime=rt_SimUpdateDiscreteTaskTime_SoC -Drt_CallSys=rt_CallSys_SoC -Drt_EnableSys=rt_EnableSys_SoC -Drt_DisableSys=rt_DisableSys_SoC -Drt_SimDestroyTimingEngine=rt_SimDestroyTimingEngine_SoC -Drt_InitTimingEngine=rt_InitTimingEngine_SoC -Drt_DestroyTimingEngine=rt_DestroyTimingEngine_SoC -Drt_UpdateDiscreteTaskSampleHits=rt_UpdateDiscreteTaskSampleHits_SoC -Drt_GetNextSampleHit=rt_GetNextSampleHit_SoC -Drt_UpdateDiscreteEvents=rt_UpdateDiscreteEvents_SoC -Drt_UpdateDiscreteTaskTime=rt_UpdateDiscreteTaskTime_SoC "-IC:/Program Files (x86)/ETAS/INTECRIO4.7/Target/Etarget/ES910" "-IC:/Program Files (x86)/ETAS/INTECRIO4.7/Target/Etarget/ES910/rta_osek" "-IC:/Program Files (x86)/ETAS/INTECRIO4.7/Target/Etarget" "-IC:/Program Files (x86)/ETAS/INTECRIO4.7/Target/Etarget/QNX_COMMON" "-IC:/Program Files (x86)/ETAS/INTECRIO4.7/Target/Etarget/QNX_COMMON/rta_osek" "-IC:/Program Files (x86)/ETAS/INTECRIO4.7/Target/Etarget/common" "-IC:/Program Files (x86)/ETAS/INTECRIO4.7/Target/Etarget/rtio/global" "-IC:/Program Files (x86)/ETAS/INTECRIO4.7/Target/Etarget/rtio/XCP" -Ic:/users/dwegg/desktop/etas-main/etas/main_ecu/cgen/pi/system/OSC -Ic:/users/dwegg/desktop/etas-main/etas/main_ecu/cgen/pi/system -IC:/ETAS/Compiler/INTECRIO4.7/QNXCompiler-V6.5/target/qnx6/usr/include -Ic:/users/dwegg/desktop/etas-main/etas/programas_simulink_build/soc_irt_rtw "-IC:/Program Files (x86)/ETAS/INTECRIO4.7/MATLAB/c/src" "-IC:/Program Files (x86)/ETAS/INTECRIO4.7/MATLAB/c/lib" -Ic:/users/dwegg/desktop/etas-main/etas/programas_simulink_build/soc_irt_rtw/external/simulink/include -Ic:/users/dwegg/desktop/etas-main/etas/programas_simulink_build/soc_irt_rtw/external/extern/include -Ic:/users/dwegg/desktop/etas-main/etas/programas_simulink_build/soc_irt_rtw/external/rtw/c/src -Ic:/users/dwegg/desktop/etas-main/etas/programas_simulink_build/soc_irt_rtw/external/rtw/c/libsrc -Ic:/users/dwegg/desktop/etas-main/etas/programas_simulink_build/soc_irt_rtw/external/_sharedutils -Ic:/users/dwegg/desktop/etas-main/etas/main_ecu/cgen/pi/system/SoC0 c:/users/dwegg/desktop/etas-main/etas/main_ecu/cgen/pi/system/SoC_instances.c'
Setting working directory to 'c:/users/dwegg/desktop/etas-main/etas/main_ecu/cgen/pi/system/SoC0'
Setting environment variable 'TMP=c:/users/dwegg/desktop/etas-main/etas/main_ecu/cgen/pi/system'
Setting environment variable 'Path=C:/ETAS/Compiler/INTECRIO4.7/QNXCompiler-V6.5/host/win32/x86/usr/bin'
Setting environment variable 'QNX_CONFIGURATION=C:/ETAS/Compiler/INTECRIO4.7/QNXCompiler-V6.5'
Setting environment variable 'QNX_HOST=C:/ETAS/Compiler/INTECRIO4.7/QNXCompiler-V6.5/host/win32/x86'
Setting environment variable 'QNX_TARGET=C:/ETAS/Compiler/INTECRIO4.7/QNXCompiler-V6.5/target/qnx6'
Analyzing direct dependencies for 5 file(s)...
2 file(s) are out-of-date
Analyzing include dependencies for 3 file(s)...
2 file(s) are up-to-date
1 file(s) to be recreated from include dependency analysis
3 total file(s) to be created
Creating 3 file(s)...
Creating process using command line 'C:/ETAS/Compiler/INTECRIO4.7/QNXCompiler-V6.5/host/win32/x86/usr/bin/ntoppc-gcc-4.4.2 -Wno-parentheses -Wno-missing-braces -Lcpp -mabi=spe -mspe=yes -mfloat-gprs=double -mcpu=8548 -nostdinc -isystem C:/ETAS/Compiler/INTECRIO4.7/QNXCompiler-V6.5/target/qnx6/usr/include -c -MMD -fmessage-length=0 -pipe -O1 -DARCH_PPC -DENDIANESS_MSB -DTARGET_ES910 -DOS_QNX -DOSEK_RTA -DETAS_ENV_RAPID_PROTOTYPING -DENV_INTECRIO -DINTECRIO_VERSION_NUMBER=0x0407003ed -DFEATURE_NVRAM -DFEATURE_DATASET -DNVRAM -D__LANGUAGE_C -D_LANGUAGE_C -D__QNX__ -D__QNXNTO__ -D__GNUC__=4 -D__GNUC_MINOR__=4 -D__GNUC_PATCHLEVEL__=2 -D__unix__ -D__unix -D__ELF__ -D__PPC -D_ARCH_PPC -D_CALL_SYSV -D__PPC__ -D__E500_V2__ -DES910 -DYUKON -DirtTick=2.0E-08 -DOSENV_RTAOSEK -DINCLUDE_ASCET_SE_INTPOL -DUSE_RTMODEL -DMODEL=SoC -DRT -DNUMST=2 -DTID01EQ=1 -DNCSTATES=2 -DMT=0 -DHAVESTDIO -DMdlStart=MdlStart_SoC -DMdlOutputs=MdlOutputs_SoC -DMdlUpdate=MdlUpdate_SoC -DMdlTerminate=MdlTerminate_SoC -DMdlInitializeSizes=MdlInitializeSizes_SoC -DMdlInitializeSampleTimes=MdlInitializeSampleTimes_SoC -DMdlInitialize=MdlInitialize_SoC -DMdlEnable=MdlEnable_SoC -DMdlDerivatives=MdlDerivatives_SoC -DMdlProjection=MdlProjection_SoC -Drt_ODECreateIntegrationData=rt_ODECreateIntegrationData_SoC -Drt_ODEUpdateContinuousStates=rt_ODEUpdateContinuousStates_SoC -Drt_ODEDestroyIntegrationData=rt_ODEDestroyIntegrationData_SoC -Drt_ODECacheDataIntoSolverInfo=rt_ODECacheDataIntoSolverInfo_SoC -Drt_ODERetrieveDataFromSolverInfo=rt_ODERetrieveDataFromSolverInfo_SoC -Drt_ODECreateSolverInfo=rt_ODECreateSolverInfo_SoC -Drt_SimInitTimingEngine=rt_SimInitTimingEngine_SoC -Drt_SimGetNextSampleHit=rt_SimGetNextSampleHit_SoC -Drt_SimUpdateDiscreteTaskSampleHits=rt_SimUpdateDiscreteTaskSampleHits_SoC -Drt_SimUpdateDiscreteEvents=rt_SimUpdateDiscreteEvents_SoC -Drt_SimUpdateDiscreteTaskTime=rt_SimUpdateDiscreteTaskTime_SoC -Drt_CallSys=rt_CallSys_SoC -Drt_EnableSys=rt_EnableSys_SoC -Drt_DisableSys=rt_DisableSys_SoC -Drt_SimDestroyTimingEngine=rt_SimDestroyTimingEngine_SoC -Drt_InitTimingEngine=rt_InitTimingEngine_SoC -Drt_DestroyTimingEngine=rt_DestroyTimingEngine_SoC -Drt_UpdateDiscreteTaskSampleHits=rt_UpdateDiscreteTaskSampleHits_SoC -Drt_GetNextSampleHit=rt_GetNextSampleHit_SoC -Drt_UpdateDiscreteEvents=rt_UpdateDiscreteEvents_SoC -Drt_UpdateDiscreteTaskTime=rt_UpdateDiscreteTaskTime_SoC "-IC:/Program Files (x86)/ETAS/INTECRIO4.7/Target/Etarget/ES910" "-IC:/Program Files (x86)/ETAS/INTECRIO4.7/Target/Etarget/ES910/rta_osek" "-IC:/Program Files (x86)/ETAS/INTECRIO4.7/Target/Etarget" "-IC:/Program Files (x86)/ETAS/INTECRIO4.7/Target/Etarget/QNX_COMMON" "-IC:/Program Files (x86)/ETAS/INTECRIO4.7/Target/Etarget/QNX_COMMON/rta_osek" "-IC:/Program Files (x86)/ETAS/INTECRIO4.7/Target/Etarget/common" "-IC:/Program Files (x86)/ETAS/INTECRIO4.7/Target/Etarget/rtio/global" "-IC:/Program Files (x86)/ETAS/INTECRIO4.7/Target/Etarget/rtio/XCP" -Ic:/users/dwegg/desktop/etas-main/etas/main_ecu/cgen/pi/system/OSC -Ic:/users/dwegg/desktop/etas-main/etas/main_ecu/cgen/pi/system -IC:/ETAS/Compiler/INTECRIO4.7/QNXCompiler-V6.5/target/qnx6/usr/include -Ic:/users/dwegg/desktop/etas-main/etas/programas_simulink_build/soc_irt_rtw "-IC:/Program Files (x86)/ETAS/INTECRIO4.7/MATLAB/c/src" "-IC:/Program Files (x86)/ETAS/INTECRIO4.7/MATLAB/c/lib" -Ic:/users/dwegg/desktop/etas-main/etas/programas_simulink_build/soc_irt_rtw/external/simulink/include -Ic:/users/dwegg/desktop/etas-main/etas/programas_simulink_build/soc_irt_rtw/external/extern/include -Ic:/users/dwegg/desktop/etas-main/etas/programas_simulink_build/soc_irt_rtw/external/rtw/c/src -Ic:/users/dwegg/desktop/etas-main/etas/programas_simulink_build/soc_irt_rtw/external/rtw/c/libsrc -Ic:/users/dwegg/desktop/etas-main/etas/programas_simulink_build/soc_irt_rtw/external/_sharedutils -Ic:/users/dwegg/desktop/etas-main/etas/main_ecu/cgen/pi/system/SoC1 c:/users/dwegg/desktop/etas-main/etas/programas_simulink_build/soc_irt_rtw/SoC_main.c c:/users/dwegg/desktop/etas-main/etas/programas_simulink_build/soc_irt_rtw/SoC_data.c c:/users/dwegg/desktop/etas-main/etas/programas_simulink_build/soc_irt_rtw/SoC.c'
Setting working directory to 'c:/users/dwegg/desktop/etas-main/etas/main_ecu/cgen/pi/system/SoC1'
Setting environment variable 'TMP=c:/users/dwegg/desktop/etas-main/etas/main_ecu/cgen/pi/system'
Setting environment variable 'Path=C:/ETAS/Compiler/INTECRIO4.7/QNXCompiler-V6.5/host/win32/x86/usr/bin'
Setting environment variable 'QNX_CONFIGURATION=C:/ETAS/Compiler/INTECRIO4.7/QNXCompiler-V6.5'
Setting environment variable 'QNX_HOST=C:/ETAS/Compiler/INTECRIO4.7/QNXCompiler-V6.5/host/win32/x86'
Setting environment variable 'QNX_TARGET=C:/ETAS/Compiler/INTECRIO4.7/QNXCompiler-V6.5/target/qnx6'
Analyzing direct dependencies for 1 file(s)...
0 file(s) are out-of-date
Analyzing include dependencies for 1 file(s)...
Analyzing direct dependencies for 4 file(s)...
0 file(s) are out-of-date
Analyzing include dependencies for 4 file(s)...
4 file(s) are up-to-date
0 file(s) to be recreated from include dependency analysis
1 file(s) are up-to-date
0 file(s) to be recreated from include dependency analysis
Analyzing direct dependencies for 1 file(s)...
0 file(s) are out-of-date
Analyzing include dependencies for 1 file(s)...
Analyzing direct dependencies for 4 file(s)...
0 file(s) are out-of-date
Analyzing include dependencies for 4 file(s)...
1 file(s) are up-to-date
0 file(s) to be recreated from include dependency analysis
4 file(s) are up-to-date
0 file(s) to be recreated from include dependency analysis
Analyzing direct dependencies for 1 file(s)...
0 file(s) are out-of-date
Analyzing include dependencies for 1 file(s)...
Analyzing direct dependencies for 4 file(s)...
0 file(s) are out-of-date
Analyzing include dependencies for 4 file(s)...
4 file(s) are up-to-date
0 file(s) to be recreated from include dependency analysis
1 file(s) are up-to-date
0 file(s) to be recreated from include dependency analysis
Analyzing direct dependencies for 1 file(s)...
0 file(s) are out-of-date
Analyzing include dependencies for 1 file(s)...
Analyzing direct dependencies for 4 file(s)...
0 file(s) are out-of-date
Analyzing include dependencies for 4 file(s)...
1 file(s) are up-to-date
0 file(s) to be recreated from include dependency analysis
4 file(s) are up-to-date
0 file(s) to be recreated from include dependency analysis
Analyzing direct dependencies for 14 file(s)...
0 file(s) are out-of-date
Analyzing include dependencies for 14 file(s)...
Analyzing direct dependencies for 56 file(s)...
2 file(s) are out-of-date
Analyzing include dependencies for 54 file(s)...
14 file(s) are up-to-date
0 file(s) to be recreated from include dependency analysis
Analyzing direct dependencies for 0 file(s)...
0 file(s) are out-of-date
Analyzing direct dependencies for 1 file(s)...
0 file(s) are out-of-date
Analyzing direct dependencies for 6 file(s)...
0 file(s) are out-of-date
Analyzing include dependencies for 6 file(s)...
6 file(s) are up-to-date
0 file(s) to be recreated from include dependency analysis
Analyzing direct dependencies for 2 file(s)...
1 file(s) are out-of-date
Analyzing include dependencies for 1 file(s)...
Analyzing dependencies for file 'c:/users/dwegg/desktop/etas-main/etas/main_ecu/cgen/pi/system/OSC/SWT_CAN2_AP_ELLIPSE_MAG.c'
Parsing file 'c:/users/dwegg/desktop/etas-main/etas/main_ecu/cgen/pi/system/OSC/SWT_CAN2_AP_ELLIPSE_MAG.d'
1 file(s) are up-to-date
0 file(s) to be recreated from include dependency analysis
1 total file(s) to be created
Creating 1 file(s)...
Creating process using command line 'C:/ETAS/Compiler/INTECRIO4.7/QNXCompiler-V6.5/host/win32/x86/usr/bin/ntoppc-gcc-4.4.2 -Wno-parentheses -Wno-missing-braces -Lcpp -mabi=spe -mspe=yes -mfloat-gprs=double -mcpu=8548 -nostdinc -isystem C:/ETAS/Compiler/INTECRIO4.7/QNXCompiler-V6.5/target/qnx6/usr/include -c -MMD -fmessage-length=0 -pipe -O1 -DARCH_PPC -DENDIANESS_MSB -DTARGET_ES910 -DOS_QNX -DOSEK_RTA -DETAS_ENV_RAPID_PROTOTYPING -DENV_INTECRIO -DINTECRIO_VERSION_NUMBER=0x0407003ed -DFEATURE_NVRAM -DFEATURE_DATASET -DNVRAM -D__LANGUAGE_C -D_LANGUAGE_C -D__QNX__ -D__QNXNTO__ -D__GNUC__=4 -D__GNUC_MINOR__=4 -D__GNUC_PATCHLEVEL__=2 -D__unix__ -D__unix -D__ELF__ -D__PPC -D_ARCH_PPC -D_CALL_SYSV -D__PPC__ -D__E500_V2__ -DES910 -DYUKON -DirtTick=2.0E-08 -DOSENV_RTAOSEK -DINCLUDE_ASCET_SE_INTPOL "-IC:/Program Files (x86)/ETAS/INTECRIO4.7/Target/Etarget/ES910" "-IC:/Program Files (x86)/ETAS/INTECRIO4.7/Target/Etarget/ES910/rta_osek" "-IC:/Program Files (x86)/ETAS/INTECRIO4.7/Target/Etarget" "-IC:/Program Files (x86)/ETAS/INTECRIO4.7/Target/Etarget/QNX_COMMON" "-IC:/Program Files (x86)/ETAS/INTECRIO4.7/Target/Etarget/QNX_COMMON/rta_osek" "-IC:/Program Files (x86)/ETAS/INTECRIO4.7/Target/Etarget/common" "-IC:/Program Files (x86)/ETAS/INTECRIO4.7/Target/Etarget/rtio/global" "-IC:/Program Files (x86)/ETAS/INTECRIO4.7/Target/Etarget/rtio/XCP" -Ic:/users/dwegg/desktop/etas-main/etas/main_ecu/cgen/pi/system/OSC -Ic:/users/dwegg/desktop/etas-main/etas/main_ecu/cgen/pi/system -IC:/ETAS/Compiler/INTECRIO4.7/QNXCompiler-V6.5/target/qnx6/usr/include -Ic:/users/dwegg/desktop/etas-main/etas/main_ecu/cgen/pi/system/CBC c:/users/dwegg/desktop/etas-main/etas/main_ecu/cgen/pi/system/CBC/CrossbarL1RecordTable.c'
Setting working directory to 'c:/users/dwegg/desktop/etas-main/etas/main_ecu/cgen/pi/system/CBC'
Setting environment variable 'TMP=c:/users/dwegg/desktop/etas-main/etas/main_ecu/cgen/pi/system'
Setting environment variable 'Path=C:/ETAS/Compiler/INTECRIO4.7/QNXCompiler-V6.5/host/win32/x86/usr/bin'
Setting environment variable 'QNX_CONFIGURATION=C:/ETAS/Compiler/INTECRIO4.7/QNXCompiler-V6.5'
Setting environment variable 'QNX_HOST=C:/ETAS/Compiler/INTECRIO4.7/QNXCompiler-V6.5/host/win32/x86'
Setting environment variable 'QNX_TARGET=C:/ETAS/Compiler/INTECRIO4.7/QNXCompiler-V6.5/target/qnx6'
54 file(s) are up-to-date
0 file(s) to be recreated from include dependency analysis
2 total file(s) to be created
Creating 2 file(s)...
Creating process using command line 'C:/ETAS/Compiler/INTECRIO4.7/QNXCompiler-V6.5/host/win32/x86/usr/bin/ntoppc-gcc-4.4.2 -Wno-parentheses -Wno-missing-braces -Lcpp -mabi=spe -mspe=yes -mfloat-gprs=double -mcpu=8548 -nostdinc -isystem C:/ETAS/Compiler/INTECRIO4.7/QNXCompiler-V6.5/target/qnx6/usr/include -c -MMD -fmessage-length=0 -pipe -O1 -DARCH_PPC -DENDIANESS_MSB -DTARGET_ES910 -DOS_QNX -DOSEK_RTA -DETAS_ENV_RAPID_PROTOTYPING -DENV_INTECRIO -DINTECRIO_VERSION_NUMBER=0x0407003ed -DFEATURE_NVRAM -DFEATURE_DATASET -DNVRAM -D__LANGUAGE_C -D_LANGUAGE_C -D__QNX__ -D__QNXNTO__ -D__GNUC__=4 -D__GNUC_MINOR__=4 -D__GNUC_PATCHLEVEL__=2 -D__unix__ -D__unix -D__ELF__ -D__PPC -D_ARCH_PPC -D_CALL_SYSV -D__PPC__ -D__E500_V2__ -DES910 -DYUKON -DirtTick=2.0E-08 -DOSENV_RTAOSEK -DINCLUDE_ASCET_SE_INTPOL "-IC:/Program Files (x86)/ETAS/INTECRIO4.7/Target/Etarget/ES910" "-IC:/Program Files (x86)/ETAS/INTECRIO4.7/Target/Etarget/ES910/rta_osek" "-IC:/Program Files (x86)/ETAS/INTECRIO4.7/Target/Etarget" "-IC:/Program Files (x86)/ETAS/INTECRIO4.7/Target/Etarget/QNX_COMMON" "-IC:/Program Files (x86)/ETAS/INTECRIO4.7/Target/Etarget/QNX_COMMON/rta_osek" "-IC:/Program Files (x86)/ETAS/INTECRIO4.7/Target/Etarget/common" "-IC:/Program Files (x86)/ETAS/INTECRIO4.7/Target/Etarget/rtio/global" "-IC:/Program Files (x86)/ETAS/INTECRIO4.7/Target/Etarget/rtio/XCP" -Ic:/users/dwegg/desktop/etas-main/etas/main_ecu/cgen/pi/system/OSC -Ic:/users/dwegg/desktop/etas-main/etas/main_ecu/cgen/pi/system -IC:/ETAS/Compiler/INTECRIO4.7/QNXCompiler-V6.5/target/qnx6/usr/include -Ic:/users/dwegg/desktop/etas-main/etas/main_ecu/cgen/pi/system/OSC c:/users/dwegg/desktop/etas-main/etas/main_ecu/cgen/pi/system/OSC/XbarHooks.c c:/users/dwegg/desktop/etas-main/etas/main_ecu/cgen/pi/system/OSC/osc_dyn.c'
Setting working directory to 'c:/users/dwegg/desktop/etas-main/etas/main_ecu/cgen/pi/system/OSC'
Setting environment variable 'TMP=c:/users/dwegg/desktop/etas-main/etas/main_ecu/cgen/pi/system'
Setting environment variable 'Path=C:/ETAS/Compiler/INTECRIO4.7/QNXCompiler-V6.5/host/win32/x86/usr/bin'
Setting environment variable 'QNX_CONFIGURATION=C:/ETAS/Compiler/INTECRIO4.7/QNXCompiler-V6.5'
Setting environment variable 'QNX_HOST=C:/ETAS/Compiler/INTECRIO4.7/QNXCompiler-V6.5/host/win32/x86'
Setting environment variable 'QNX_TARGET=C:/ETAS/Compiler/INTECRIO4.7/QNXCompiler-V6.5/target/qnx6'
Output file 'c:/users/dwegg/desktop/etas-main/etas/main_ecu/cgen/pi/system/SoC1/rt_sim.o' does not exist
Output file 'c:/users/dwegg/desktop/etas-main/etas/main_ecu/cgen/pi/system/SoC1/ode3.o' does not exist
Output file 'c:/users/dwegg/desktop/etas-main/etas/main_ecu/cgen/pi/system/Torque_Control1/rt_sim.o' does not exist
Output file 'c:/users/dwegg/desktop/etas-main/etas/main_ecu/cgen/pi/system/Torque_Control1/ode3.o' does not exist
Output file 'c:/users/dwegg/desktop/etas-main/etas/main_ecu/cgen/pi/system/CBC/CopyFunctionTable.o' does not exist
Output file 'c:/users/dwegg/desktop/etas-main/etas/main_ecu/cgen/pi/system/OSC/ISR_CAN2.o' does not exist
Output file 'c:/users/dwegg/desktop/etas-main/etas/main_ecu/cgen/pi/system/OSC/SWT_CAN1_NM_SHUTDOWN_Keep_Alive.o' does not exist
Output file 'c:/users/dwegg/desktop/etas-main/etas/main_ecu/cgen/pi/system/OSC/DriverThreads.o' does not exist
Output file 'c:/users/dwegg/desktop/etas-main/etas/main_ecu/cgen/pi/system/OSC/Timer_100ms.o' does not exist
Output file 'c:/users/dwegg/desktop/etas-main/etas/main_ecu/cgen/pi/system/OSC/SWT_CAN2_AP_ELLIPSE_IMU_GYRO.o' does not exist
Output file 'c:/users/dwegg/desktop/etas-main/etas/main_ecu/cgen/pi/system/OSC/etasTimerIsr.o' does not exist
Output file 'c:/users/dwegg/desktop/etas-main/etas/main_ecu/cgen/pi/system/OSC/SWT_CAN1_AP_BMS_ChargerParameters.o' does not exist
Output file 'c:/users/dwegg/desktop/etas-main/etas/main_ecu/cgen/pi/system/OSC/etasStopOsIsr.o' does not exist
Output file 'c:/users/dwegg/desktop/etas-main/etas/main_ecu/cgen/pi/system/OSC/SWT_CAN2_AP_ACCEL_R_Data.o' does not exist
Output file 'c:/users/dwegg/desktop/etas-main/etas/main_ecu/cgen/pi/system/OSC/SWT_CAN2_AP_ACCEL_R_Data2.o' does not exist
Output file 'c:/users/dwegg/desktop/etas-main/etas/main_ecu/cgen/pi/system/OSC/SWT_CAN2_NM_ADCAN_Keep_Alive.o' does not exist
Output file 'c:/users/dwegg/desktop/etas-main/etas/main_ecu/cgen/pi/system/OSC/ISR_CAN1.o' does not exist
Output file 'c:/users/dwegg/desktop/etas-main/etas/main_ecu/cgen/pi/system/OSC/etasConfigTask.o' does not exist
Output file 'c:/users/dwegg/desktop/etas-main/etas/main_ecu/cgen/pi/system/OSC/SWT_CAN2_AP_ACCEL_F_Data.o' does not exist
Output file 'c:/users/dwegg/desktop/etas-main/etas/main_ecu/cgen/pi/system/OSC/SWT_CAN1_AP_DASH_CustomMode.o' does not exist
Output file 'c:/users/dwegg/desktop/etas-main/etas/main_ecu/cgen/pi/system/OSC/SWT_CAN1_AP_SHUTDOWN_State.o' does not exist
Output file 'c:/users/dwegg/desktop/etas-main/etas/main_ecu/cgen/pi/system/OSC/SWT_CAN1_AP_DASH_TorqueLockOn.o' does not exist
Output file 'c:/users/dwegg/desktop/etas-main/etas/main_ecu/cgen/pi/system/OSC/etasActivateTaskIsr.o' does not exist
Output file 'c:/users/dwegg/desktop/etas-main/etas/main_ecu/cgen/pi/system/OSC/SWT_CAN2_AP_ADCAN_Data2.o' does not exist
Output file 'c:/users/dwegg/desktop/etas-main/etas/main_ecu/cgen/pi/system/OSC/SWT_CAN1_AP_BMS_Voltages.o' does not exist
Output file 'c:/users/dwegg/desktop/etas-main/etas/main_ecu/cgen/pi/system/OSC/SWT_CAN1_AP_DASH_PrechargeRequest.o' does not exist
Output file 'c:/users/dwegg/desktop/etas-main/etas/main_ecu/cgen/pi/system/OSC/SWT_CAN2_NM_ELLIPSE_Status.o' does not exist
Output file 'c:/users/dwegg/desktop/etas-main/etas/main_ecu/cgen/pi/system/OSC/SWT_CAN2_AP_ELLIPSE_EKF_POS.o' does not exist
Output file 'c:/users/dwegg/desktop/etas-main/etas/main_ecu/cgen/pi/system/OSC/SWT_CAN1_AP_DASH_Mode.o' does not exist
Output file 'c:/users/dwegg/desktop/etas-main/etas/main_ecu/cgen/pi/system/OSC/SWT_CAN2_NM_LV_Derivation_Keep_Alive.o' does not exist
Output file 'c:/users/dwegg/desktop/etas-main/etas/main_ecu/cgen/pi/system/OSC/SWT_CAN2_AP_ELLIPSE_EKF_EULER.o' does not exist
Output file 'c:/users/dwegg/desktop/etas-main/etas/main_ecu/cgen/pi/system/OSC/SWT_CAN2_AP_ADCAN_Data1.o' does not exist
Output file 'c:/users/dwegg/desktop/etas-main/etas/main_ecu/cgen/pi/system/OSC/SWT_CAN1_NM_DASH_Keep_Alive.o' does not exist
Output file 'c:/users/dwegg/desktop/etas-main/etas/main_ecu/cgen/pi/system/OSC/Timer_Inv.o' does not exist
Output file 'c:/users/dwegg/desktop/etas-main/etas/main_ecu/cgen/pi/system/OSC/Timer_25ms.o' does not exist
Output file 'c:/users/dwegg/desktop/etas-main/etas/main_ecu/cgen/pi/system/OSC/SWT_CAN1_AP_BMS_OnBoardTemperatures.o' does not exist
Output file 'c:/users/dwegg/desktop/etas-main/etas/main_ecu/cgen/pi/system/OSC/SWT_CAN1_AP_BMS_StateAndFailReport.o' does not exist
Output file 'c:/users/dwegg/desktop/etas-main/etas/main_ecu/cgen/pi/system/OSC/osekdefs.o' does not exist
Output file 'c:/users/dwegg/desktop/etas-main/etas/main_ecu/cgen/pi/system/OSC/SWT_CAN1_AP_Inverter_L_Tx.o' does not exist
Output file 'c:/users/dwegg/desktop/etas-main/etas/main_ecu/cgen/pi/system/OSC/SWT_CAN1_AP_BMS_Current_SOC_SOH.o' does not exist
Output file 'c:/users/dwegg/desktop/etas-main/etas/main_ecu/cgen/pi/system/OSC/SWT_CAN1_NM_BMS_Keep_Alive.o' does not exist
Output file 'c:/users/dwegg/desktop/etas-main/etas/main_ecu/cgen/pi/system/OSC/SWT_CAN1_AP_Inverter_R_Tx.o' does not exist
Output file 'c:/users/dwegg/desktop/etas-main/etas/main_ecu/cgen/pi/system/OSC/Timer_1000ms.o' does not exist
Output file 'c:/users/dwegg/desktop/etas-main/etas/main_ecu/cgen/pi/system/OSC/SWT_CAN2_NM_ACCEL_R_Keep_Alive.o' does not exist
Output file 'c:/users/dwegg/desktop/etas-main/etas/main_ecu/cgen/pi/system/OSC/SWT_CAN1_AP_BMS_AIRs_State.o' does not exist
Output file 'c:/users/dwegg/desktop/etas-main/etas/main_ecu/cgen/pi/system/OSC/etasL1Task.o' does not exist
Output file 'c:/users/dwegg/desktop/etas-main/etas/main_ecu/cgen/pi/system/OSC/SWT_CAN1_AP_DASH_EnableDrive.o' does not exist
Output file 'c:/users/dwegg/desktop/etas-main/etas/main_ecu/cgen/pi/system/OSC/Sync_25ms.o' does not exist
Output file 'c:/users/dwegg/desktop/etas-main/etas/main_ecu/cgen/pi/system/OSC/SWT_CAN2_AP_ELLIPSE_IMU_ACCEL.o' does not exist
Output file 'c:/users/dwegg/desktop/etas-main/etas/main_ecu/cgen/pi/system/OSC/SWT_CAN2_AP_ELLIPSE_EKF_VEL_BODY.o' does not exist
Output file 'c:/users/dwegg/desktop/etas-main/etas/main_ecu/cgen/pi/system/OSC/etasL1Isr.o' does not exist
Output file 'c:/users/dwegg/desktop/etas-main/etas/main_ecu/cgen/pi/system/OSC/SWT_CAN1_AP_BMS_BatteryTemperatures.o' does not exist
Output file 'c:/users/dwegg/desktop/etas-main/etas/main_ecu/cgen/pi/system/OSC/ISRFunctions.o' does not exist
Output file 'c:/users/dwegg/desktop/etas-main/etas/main_ecu/cgen/pi/system/OSC/ETCHooks.o' does not exist
Output file 'c:/users/dwegg/desktop/etas-main/etas/main_ecu/cgen/pi/system/OSC/rtaInterface.o' does not exist
Output file 'c:/users/dwegg/desktop/etas-main/etas/main_ecu/cgen/pi/system/OSC/SWT_CAN2_NM_ACCEL_F_Keep_Alive.o' does not exist
Output file 'c:/users/dwegg/desktop/etas-main/etas/main_ecu/cgen/pi/system/OSC/SWT_CAN2_AP_ELLIPSE_MAG.o' does not exist
Output file 'c:/users/dwegg/desktop/etas-main/etas/main_ecu/cgen/pi/system/OSC/SWT_CAN2_AP_LV_Derivation_LVData.o' does not exist
Output file 'c:/users/dwegg/desktop/etas-main/etas/main_ecu/cgen/pi/system/OSC/SWT_CAN2_AP_ELLIPSE_SLIP_CURV.o' does not exist
Analyzing direct dependencies for 1 file(s)...
0 file(s) are out-of-date
Analyzing include dependencies for 1 file(s)...
1 file(s) are up-to-date
0 file(s) to be recreated from include dependency analysis
Analyzing direct dependencies for 0 file(s)...
0 file(s) are out-of-date
Analyzing direct dependencies for 2 file(s)...
0 file(s) are out-of-date
Analyzing include dependencies for 2 file(s)...
2 file(s) are up-to-date
0 file(s) to be recreated from include dependency analysis
Analyzing direct dependencies for 1 file(s)...
0 file(s) are out-of-date
Analyzing include dependencies for 1 file(s)...
1 file(s) are up-to-date
0 file(s) to be recreated from include dependency analysis
Compiling user specified source files ...
Analyzing direct dependencies for 0 file(s)...
0 file(s) are out-of-date
Performing linkage...
Analyzing direct dependencies for 2 file(s)...
1 file(s) are out-of-date
Analyzing include dependencies for 1 file(s)...
0 file(s) are up-to-date
1 file(s) to be recreated from include dependency analysis
2 total file(s) to be created
Creating 2 file(s)...
Creating process using command line 'C:/ETAS/Compiler/INTECRIO4.7/QNXCompiler-V6.5/host/win32/x86/usr/bin/ntoppc-gcc-4.4.2 -Wno-parentheses -Wno-missing-braces -Lcpp -mabi=spe -mspe=yes -mfloat-gprs=double -mcpu=8548 -nostdinc -isystem C:/ETAS/Compiler/INTECRIO4.7/QNXCompiler-V6.5/target/qnx6/usr/include -c -MMD -fmessage-length=0 -pipe -O1 -DARCH_PPC -DENDIANESS_MSB -DTARGET_ES910 -DOS_QNX -DOSEK_RTA -DETAS_ENV_RAPID_PROTOTYPING -DENV_INTECRIO -DINTECRIO_VERSION_NUMBER=0x0407003ed -DFEATURE_NVRAM -DFEATURE_DATASET -DNVRAM -D__LANGUAGE_C -D_LANGUAGE_C -D__QNX__ -D__QNXNTO__ -D__GNUC__=4 -D__GNUC_MINOR__=4 -D__GNUC_PATCHLEVEL__=2 -D__unix__ -D__unix -D__ELF__ -D__PPC -D_ARCH_PPC -D_CALL_SYSV -D__PPC__ -D__E500_V2__ -DES910 -DYUKON -DirtTick=2.0E-08 -DOSENV_RTAOSEK -DINCLUDE_ASCET_SE_INTPOL "-IC:/Program Files (x86)/ETAS/INTECRIO4.7/Target/Etarget/ES910" "-IC:/Program Files (x86)/ETAS/INTECRIO4.7/Target/Etarget/ES910/rta_osek" "-IC:/Program Files (x86)/ETAS/INTECRIO4.7/Target/Etarget" "-IC:/Program Files (x86)/ETAS/INTECRIO4.7/Target/Etarget/QNX_COMMON" "-IC:/Program Files (x86)/ETAS/INTECRIO4.7/Target/Etarget/QNX_COMMON/rta_osek" "-IC:/Program Files (x86)/ETAS/INTECRIO4.7/Target/Etarget/common" "-IC:/Program Files (x86)/ETAS/INTECRIO4.7/Target/Etarget/rtio/global" "-IC:/Program Files (x86)/ETAS/INTECRIO4.7/Target/Etarget/rtio/XCP" -Ic:/users/dwegg/desktop/etas-main/etas/main_ecu/cgen/pi/system/OSC -Ic:/users/dwegg/desktop/etas-main/etas/main_ecu/cgen/pi/system -IC:/ETAS/Compiler/INTECRIO4.7/QNXCompiler-V6.5/target/qnx6/usr/include c:/users/dwegg/desktop/etas-main/etas/main_ecu/cgen/pi/system/_INT_pid.pi.c c:/users/dwegg/desktop/etas-main/etas/main_ecu/cgen/pi/system/ROOT_instances.c'
Setting working directory to 'c:/users/dwegg/desktop/etas-main/etas/main_ecu/cgen/pi/system'
Setting environment variable 'TMP=c:/users/dwegg/desktop/etas-main/etas/main_ecu/cgen/pi/system'
Setting environment variable 'Path=C:/ETAS/Compiler/INTECRIO4.7/QNXCompiler-V6.5/host/win32/x86/usr/bin'
Setting environment variable 'QNX_CONFIGURATION=C:/ETAS/Compiler/INTECRIO4.7/QNXCompiler-V6.5'
Setting environment variable 'QNX_HOST=C:/ETAS/Compiler/INTECRIO4.7/QNXCompiler-V6.5/host/win32/x86'
Setting environment variable 'QNX_TARGET=C:/ETAS/Compiler/INTECRIO4.7/QNXCompiler-V6.5/target/qnx6'
Analyzing direct dependencies for 0 file(s)...
Analyzing direct dependencies for 0 file(s)...
0 file(s) are out-of-date
0 file(s) are out-of-date
Analyzing direct dependencies for 1 file(s)...
0 file(s) are out-of-date
Analyzing direct dependencies for 1 file(s)...
0 file(s) are out-of-date
Analyzing direct dependencies for 0 file(s)...
0 file(s) are out-of-date
Analyzing direct dependencies for 0 file(s)...
0 file(s) are out-of-date
Analyzing direct dependencies for 1 file(s)...
0 file(s) are out-of-date
Analyzing direct dependencies for 1 file(s)...
0 file(s) are out-of-date
Analyzing direct dependencies for 0 file(s)...
0 file(s) are out-of-date
Analyzing direct dependencies for 0 file(s)...
0 file(s) are out-of-date
Analyzing direct dependencies for 1 file(s)...
0 file(s) are out-of-date
Analyzing direct dependencies for 1 file(s)...
0 file(s) are out-of-date
Analyzing direct dependencies for 0 file(s)...
0 file(s) are out-of-date
Analyzing direct dependencies for 1 file(s)...
1 file(s) are out-of-date
1 total file(s) to be created
Creating 1 file(s)...
Analyzing direct dependencies for 0 file(s)...
0 file(s) are out-of-date
Creating process using command line 'C:/ETAS/Compiler/INTECRIO4.7/QNXCompiler-V6.5/host/win32/x86/usr/bin/ntoppc-ar -r Torque_Control1.a Torque_Control.o Torque_Control_data.o Torque_Control_main.o rt_sim.o ode3.o'
Setting working directory to 'c:/users/dwegg/desktop/etas-main/etas/main_ecu/cgen/pi/system/Torque_Control1'
Setting environment variable 'Path=C:/ETAS/Compiler/INTECRIO4.7/QNXCompiler-V6.5/host/win32/x86/usr/bin'
Setting environment variable 'QNX_CONFIGURATION=C:/ETAS/Compiler/INTECRIO4.7/QNXCompiler-V6.5'
Setting environment variable 'QNX_HOST=C:/ETAS/Compiler/INTECRIO4.7/QNXCompiler-V6.5/host/win32/x86'
Setting environment variable 'QNX_TARGET=C:/ETAS/Compiler/INTECRIO4.7/QNXCompiler-V6.5/target/qnx6'
Analyzing direct dependencies for 1 file(s)...
1 file(s) are out-of-date
1 total file(s) to be created
Creating 1 file(s)...
Creating process using command line 'C:/ETAS/Compiler/INTECRIO4.7/QNXCompiler-V6.5/host/win32/x86/usr/bin/ntoppc-ar -r SoC1.a SoC.o SoC_data.o SoC_main.o rt_sim.o ode3.o'
Setting working directory to 'c:/users/dwegg/desktop/etas-main/etas/main_ecu/cgen/pi/system/SoC1'
Setting environment variable 'Path=C:/ETAS/Compiler/INTECRIO4.7/QNXCompiler-V6.5/host/win32/x86/usr/bin'
Setting environment variable 'QNX_CONFIGURATION=C:/ETAS/Compiler/INTECRIO4.7/QNXCompiler-V6.5'
Setting environment variable 'QNX_HOST=C:/ETAS/Compiler/INTECRIO4.7/QNXCompiler-V6.5/host/win32/x86'
Setting environment variable 'QNX_TARGET=C:/ETAS/Compiler/INTECRIO4.7/QNXCompiler-V6.5/target/qnx6'
Analyzing direct dependencies for 0 file(s)...
0 file(s) are out-of-date
Analyzing direct dependencies for 1 file(s)...
0 file(s) are out-of-date
Analyzing direct dependencies for 0 file(s)...
0 file(s) are out-of-date
Analyzing direct dependencies for 1 file(s)...
0 file(s) are out-of-date
Analyzing direct dependencies for 0 file(s)...
0 file(s) are out-of-date
Analyzing direct dependencies for 1 file(s)...
0 file(s) are out-of-date
Analyzing direct dependencies for 0 file(s)...
0 file(s) are out-of-date
Analyzing direct dependencies for 1 file(s)...
0 file(s) are out-of-date
Analyzing direct dependencies for 0 file(s)...
0 file(s) are out-of-date
Analyzing direct dependencies for 1 file(s)...
0 file(s) are out-of-date
Analyzing direct dependencies for 0 file(s)...
0 file(s) are out-of-date
Analyzing direct dependencies for 1 file(s)...
1 file(s) are out-of-date
1 total file(s) to be created
Creating 1 file(s)...
Creating process using command line 'C:/ETAS/Compiler/INTECRIO4.7/QNXCompiler-V6.5/host/win32/x86/usr/bin/ntoppc-ld -m elf32ppcnto --dynamic-linker /usr/lib/ldqnx.so.2 --sysroot=C:/ETAS/Compiler/INTECRIO4.7/QNXCompiler-V6.5/target/qnx6/ppcbe-spe C:/ETAS/Compiler/INTECRIO4.7/QNXCompiler-V6.5/target/qnx6/ppcbe-spe/lib/crt1.o C:/ETAS/Compiler/INTECRIO4.7/QNXCompiler-V6.5/target/qnx6/ppcbe-spe/lib/crti.o C:/ETAS/Compiler/INTECRIO4.7/QNXCompiler-V6.5/host/win32/x86/usr/lib/gcc/powerpc-unknown-nto-qnx6.5.0/4.4.2/spe/crtbegin.o --no-keep-memory "-LC:/Program Files (x86)/ETAS/INTECRIO4.7/Target/Etarget/ES910" "-LC:/Program Files (x86)/ETAS/INTECRIO4.7/Target/Etarget/rtio/global/es910" "-LC:/Program Files (x86)/ETAS/INTECRIO4.7/Target/Etarget/ES910/rta_osek" "-LC:/Program Files (x86)/ETAS/INTECRIO4.7/Target/Etarget/ES910" "-LC:/Program Files (x86)/ETAS/INTECRIO4.7/Target/Etarget/ES910" -LC:/ETAS/Compiler/INTECRIO4.7/QNXCompiler-V6.5/host/win32/x86/usr/lib/gcc/powerpc-unknown-nto-qnx6.5.0/4.4.2/spe -LC:/ETAS/Compiler/INTECRIO4.7/QNXCompiler-V6.5/target/qnx6/ppcbe-spe/lib/gcc/4.4.2 -LC:/ETAS/Compiler/INTECRIO4.7/QNXCompiler-V6.5/target/qnx6/ppcbe-spe/lib -LC:/ETAS/Compiler/INTECRIO4.7/QNXCompiler-V6.5/target/qnx6/ppcbe-spe/usr/lib -LC:/ETAS/Compiler/INTECRIO4.7/QNXCompiler-V6.5/target/qnx6/ppcbe-spe/opt/lib -LC:/Users/dwegg/AppData/Roaming/ETAS/INTECRIO4.7/ETARGET/ES910 -lcpp -Trta_osek.link -rpath-link C:/ETAS/Compiler/INTECRIO4.7/QNXCompiler-V6.5/target/qnx6/ppcbe-spe/lib:C:/ETAS/Compiler/INTECRIO4.7/QNXCompiler-V6.5/target/qnx6/ppcbe-spe/usr/lib:C:/ETAS/Compiler/INTECRIO4.7/QNXCompiler-V6.5/target/qnx6/ppcbe-spe/lib/gcc/4.4.2:C:/ETAS/Compiler/INTECRIO4.7/QNXCompiler-V6.5/target/qnx6/ppcbe-spe/opt/lib --start-group @ldlinker.rsp -o System_ram.l -g -lc -dn -Bstatic -lc C:/ETAS/Compiler/INTECRIO4.7/QNXCompiler-V6.5/host/win32/x86/usr/lib/gcc/powerpc-unknown-nto-qnx6.5.0/4.4.2/spe/libgcc.a C:/ETAS/Compiler/INTECRIO4.7/QNXCompiler-V6.5/host/win32/x86/usr/lib/gcc/powerpc-unknown-nto-qnx6.5.0/4.4.2/spe/crtend.o C:/ETAS/Compiler/INTECRIO4.7/QNXCompiler-V6.5/target/qnx6/ppcbe-spe/lib/crtn.o -Map ram.map -les910 -ltarget -lrtio_gnu -lrtk_s -lcommon -lintpol -lintpolascetse -Bdynamic -llin -lcan -ltriplebuf -ludpServer -losekwd -luserwd -lhwinfo -lincarequest -lclktime -letas -lcJSON -Bdynamic -lmatlabstaticR2017b_gnu -Bdynamic -lsocket -lm -lc --end-group'
Setting working directory to 'c:/users/dwegg/desktop/etas-main/etas/main_ecu/cgen/pi/system'
Setting environment variable 'TMP=c:/users/dwegg/desktop/etas-main/etas/main_ecu/cgen/pi/system'
Setting environment variable 'Path=C:/ETAS/Compiler/INTECRIO4.7/QNXCompiler-V6.5/host/win32/x86/usr/bin'
Setting environment variable 'QNX_CONFIGURATION=C:/ETAS/Compiler/INTECRIO4.7/QNXCompiler-V6.5'
Setting environment variable 'QNX_HOST=C:/ETAS/Compiler/INTECRIO4.7/QNXCompiler-V6.5/host/win32/x86'
Setting environment variable 'QNX_TARGET=C:/ETAS/Compiler/INTECRIO4.7/QNXCompiler-V6.5/target/qnx6'
Performing postprocessing...
Calling ASAM-MCD 2MC generation for HWC...
Analyzing direct dependencies for 1 file(s)...
1 file(s) are out-of-date
1 total file(s) to be created
Creating 1 file(s)...
Creating process using command line '"C:/Program Files (x86)/ETAS/INTECRIO4.7/Tools/Ruby-V2.2/bin/ruby.exe" "-IC:/Program Files (x86)/ETAS/INTECRIO4.7/Extensions/Ruby-V2.2/lib" "-IC:/Program Files (x86)/ETAS/INTECRIO4.7/Build/Shared/Ruby/lib" "-IC:/Program Files (x86)/ETAS/INTECRIO4.7/Build/Common/tools/hwc_gentools-1.0" -W0 "C:/Program Files (x86)/ETAS/INTECRIO4.7/Build/Common/tools/hwc_gentools-1.0/hwc_gentools.rb" --workingdir=c:/users/dwegg/desktop/etas-main/etas/main_ecu/cgen/pi/system "--templatedir=C:/Program Files (x86)/ETAS/INTECRIO4.7/Build/Common/tools/hwc_gentools-1.0/templates" --targetconfigfile=c:/users/dwegg/desktop/etas-main/etas/main_ecu/cgen/pi/system/ETC/target_config.ini --tasklistfile=c:/users/dwegg/desktop/etas-main/etas/main_ecu/cgen/pi/system/OSC/os_tasks.lst --programid=3480014753 --targetid=ES910 --stages=postprocess ETC/target_config.ini'
Setting working directory to 'c:/users/dwegg/desktop/etas-main/etas/main_ecu/cgen/pi/system'
Setting environment variable 'RUBYOPT='
Analyzing direct dependencies for 1 file(s)...
1 file(s) are out-of-date
1 total file(s) to be created
Creating 1 file(s)...
Creating process using command line '"C:/Program Files (x86)/ETAS/INTECRIO4.7/Tools/Ruby-V2.2/bin/ruby.exe" "-IC:/Program Files (x86)/ETAS/INTECRIO4.7/Extensions/Ruby-V2.2/lib" "-IC:/Program Files (x86)/ETAS/INTECRIO4.7/Build/Shared/Ruby/lib" "-IC:/Program Files (x86)/ETAS/INTECRIO4.7/Build/Common/tools/a2l_merger-2.3" -W0 "C:/Program Files (x86)/ETAS/INTECRIO4.7/Build/Common/tools/a2l_merger-2.3/a2l_merger.rb" --productversion=4.7.0.1005 "--tplfile=C:/Program Files (x86)/ETAS/INTECRIO4.7/Build/Common/tools/a2l_merger-2.3/templates/project.a2l.tpl" --inifile=c:/users/dwegg/desktop/etas-main/etas/main_ecu/cgen/pi/system/a2l_merger.ini --projectname=ETAS --baseaddrfile=root_instances.lst --logfile=a2l_merger.log --errfile=a2l_merger_err.log --workingdir=c:/users/dwegg/desktop/etas-main/etas/main_ecu/cgen/pi/system --programid=3480014753 --benchmark "--aml-incfile=C:/Program Files (x86)/ETAS/INTECRIO4.7/Build/Target/ETarget/Common/templates/ASAM-2MC/ETARGET_a2ml_snippet.a2l" --module-incfile=c:/users/dwegg/desktop/etas-main/etas/main_ecu/cgen/pi/system/if_data_etarget.a2l @a2l_merger.rsp --verbose=4 '--outfile="System.a2l"''
Setting working directory to 'c:/users/dwegg/desktop/etas-main/etas/main_ecu/cgen/pi/system'
Setting environment variable 'RUBYOPT='
0x0000; info: Starting ASAM MCD-2MC merge...
0x0000; info: Merging to single ASAM MCD-2MC project succeeded.
0x0000; verbose_info: This run took 0.333948 seconds.
Creating S-Recordfile...
Analyzing direct dependencies for 1 file(s)...
1 file(s) are out-of-date
1 total file(s) to be created
Creating 1 file(s)...
Creating process using command line '"C:/Program Files (x86)/ETAS/INTECRIO4.7/Build/target/Etarget/ES910/tools/hexfilecreator-1.0/ETargetHexFileCreator" System_ram.l System.a2l.cod'
Setting working directory to 'c:/users/dwegg/desktop/etas-main/etas/main_ecu/cgen/pi/system'
Build finished successfully.
Succeeded.
