C:\\Users\\joser\\OneDrive\\Desktop\\Prueba etas\\Sensors_irt_rtw\\Sensors.c
C:\\Users\\joser\\OneDrive\\Desktop\\Prueba etas\\Sensors_irt_rtw\\Sensors.h
C:\\Users\\joser\\OneDrive\\Desktop\\Prueba etas\\Sensors_irt_rtw\\Sensors_data.c
C:\\Users\\joser\\OneDrive\\Desktop\\Prueba etas\\Sensors_irt_rtw\\Sensors_data.h
C:\\Users\\joser\\OneDrive\\Desktop\\Prueba etas\\Sensors_irt_rtw\\Sensors_main.c
C:\\Users\\joser\\OneDrive\\Desktop\\Prueba etas\\Sensors_irt_rtw\\Sensors_main.h
C:\\Users\\joser\\OneDrive\\Desktop\\Prueba etas\\Sensors_irt_rtw\\external\\rtw\\c\\src\\rt_sim.c
C:\\Users\\joser\\OneDrive\\Desktop\\Prueba etas\\Sensors_irt_rtw\\external\\rtw\\c\\src\\rt_sim.h
C:\\Users\\joser\\OneDrive\\Desktop\\Prueba etas\\Synchronism_irt_rtw\\Synchronism.c
C:\\Users\\joser\\OneDrive\\Desktop\\Prueba etas\\Synchronism_irt_rtw\\Synchronism.h
C:\\Users\\joser\\OneDrive\\Desktop\\Prueba etas\\Synchronism_irt_rtw\\Synchronism_main.c
C:\\Users\\joser\\OneDrive\\Desktop\\Prueba etas\\Synchronism_irt_rtw\\Synchronism_main.h
C:\\Users\\joser\\OneDrive\\Desktop\\Prueba etas\\Synchronism_irt_rtw\\external\\rtw\\c\\src\\rt_sim.c
C:\\Users\\joser\\OneDrive\\Desktop\\Prueba etas\\Synchronism_irt_rtw\\external\\rtw\\c\\src\\rt_sim.h
C:\\Users\\joser\\OneDrive\\Desktop\\Prueba etas\\APPS_Implausibility_irt_rtw\\APPS_Implausibility.c
C:\\Users\\joser\\OneDrive\\Desktop\\Prueba etas\\APPS_Implausibility_irt_rtw\\APPS_Implausibility.h
C:\\Users\\joser\\OneDrive\\Desktop\\Prueba etas\\APPS_Implausibility_irt_rtw\\APPS_Implausibility_main.c
C:\\Users\\joser\\OneDrive\\Desktop\\Prueba etas\\APPS_Implausibility_irt_rtw\\APPS_Implausibility_main.h
C:\\Users\\joser\\OneDrive\\Desktop\\Prueba etas\\APPS_Implausibility_irt_rtw\\external\\rtw\\c\\src\\rt_sim.c
C:\\Users\\joser\\OneDrive\\Desktop\\Prueba etas\\APPS_Implausibility_irt_rtw\\external\\rtw\\c\\src\\rt_sim.h
