PIANTLAUNCHER: Received launcher argument: -lib
PIANTLAUNCHER: Received launcher argument: -Dpath.tools=C:\Program Files (x86)\ETAS\INTECRIO4.7\Tools
PIANTLAUNCHER: Received launcher argument: -Dpath.work=c:\users\dwegg\desktop\etas-main\etas\main_ecu\cgen\pi\system
PIANTLAUNCHER: Received launcher argument: -Dpath.intecrio=C:\Program Files (x86)\ETAS\INTECRIO4.7
PIANTLAUNCHER: Received launcher argument: -Dpath.intecrio.appdata=C:\Users\dwegg\AppData\Roaming\ETAS\INTECRIO4.7
PIANTLAUNCHER: Received launcher argument: -Dcount.targets=172
PIANTLAUNCHER: Received launcher argument: -propertyfile
PIANTLAUNCHER: Received launcher argument: c:\users\dwegg\desktop\etas-main\etas\main_ecu\cgen\pi\system\properties.ini
PIANTLAUNCHER: Received launcher argument: -buildfile
PIANTLAUNCHER: Received launcher argument: c:\users\dwegg\desktop\etas-main\etas\main_ecu\cgen\pi\system\build.xml
PIANTLAUNCHER: Received launcher argument: -logfile
PIANTLAUNCHER: Received launcher argument: c:\users\dwegg\desktop\etas-main\etas\main_ecu\cgen\pi\system\build.log
PIANTLAUNCHER: Received launcher argument: -logger
PIANTLAUNCHER: Received launcher argument: de.etas.intecrio.taskloggers.PIBuildLogger
PIANTLAUNCHER: Received launcher argument: build
PIANTLAUNCHER: Set Java classpath to C:\Program Files (x86)\ETAS\INTECRIO4.7\Tools\Ant-V1.10.1\lib\intecrio-ant-launcher.jar;C:\Program Files (x86)\ETAS\INTECRIO4.7\Tools\Ant-V1.10.1\lib\ant-launcher.jar;C:\Program Files (x86)\ETAS\INTECRIO4.7\Extensions\Ant-V1.10.1\lib\intecrio-generaltasks.jar;C:\Program Files (x86)\ETAS\INTECRIO4.7\Extensions\Ant-V1.10.1\lib\intecrio-pttasks.jar;C:\Program Files (x86)\ETAS\INTECRIO4.7\Extensions\Ant-V1.10.1\lib\intecrio-taskloggers.jar;C:\Program Files (x86)\ETAS\INTECRIO4.7\Extensions\Java-V7.0\lib\FOP\avalon-framework-cvs-20020806.jar;C:\Program Files (x86)\ETAS\INTECRIO4.7\Extensions\Java-V7.0\lib\FOP\batik.jar;C:\Program Files (x86)\ETAS\INTECRIO4.7\Extensions\Java-V7.0\lib\FOP\fop.jar;C:\Program Files (x86)\ETAS\INTECRIO4.7\Extensions\Java-V7.0\lib\FOP\jai_codec.jar;C:\Program Files (x86)\ETAS\INTECRIO4.7\Extensions\Java-V7.0\lib\FOP\jai_core.jar;C:\Program Files (x86)\ETAS\INTECRIO4.7\Extensions\Java-V7.0\lib\FOP\;C:\Program Files (x86)\ETAS\INTECRIO4.7\Extensions\Java-V7.0\lib\xalan-j\serializer.jar;C:\Program Files (x86)\ETAS\INTECRIO4.7\Extensions\Java-V7.0\lib\xalan-j\xalan.jar;C:\Program Files (x86)\ETAS\INTECRIO4.7\Extensions\Java-V7.0\lib\xalan-j\xercesImpl.jar;C:\Program Files (x86)\ETAS\INTECRIO4.7\Extensions\Java-V7.0\lib\xalan-j\xml-apis.jar;C:\Program Files (x86)\ETAS\INTECRIO4.7\Extensions\Java-V7.0\lib\xalan-j\;C:\Program Files (x86)\ETAS\INTECRIO4.7\Extensions\Java-V7.0\lib\xerces-j\cupv10k-runtime.jar;C:\Program Files (x86)\ETAS\INTECRIO4.7\Extensions\Java-V7.0\lib\xerces-j\icu4j.jar;C:\Program Files (x86)\ETAS\INTECRIO4.7\Extensions\Java-V7.0\lib\xerces-j\org.eclipse.wst.xml.xpath2.processor_1.1.0.jar;C:\Program Files (x86)\ETAS\INTECRIO4.7\Extensions\Java-V7.0\lib\xerces-j\resolver.jar;C:\Program Files (x86)\ETAS\INTECRIO4.7\Extensions\Java-V7.0\lib\xerces-j\serializer.jar;C:\Program Files (x86)\ETAS\INTECRIO4.7\Extensions\Java-V7.0\lib\xerces-j\xercesImpl.jar;C:\Program Files (x86)\ETAS\INTECRIO4.7\Extensions\Java-V7.0\lib\xerces-j\xercesSamples.jar;C:\Program Files (x86)\ETAS\INTECRIO4.7\Extensions\Java-V7.0\lib\xerces-j\xml-apis.jar;C:\Program Files (x86)\ETAS\INTECRIO4.7\Extensions\Java-V7.0\lib\xerces-j\;C:\Program Files (x86)\ETAS\INTECRIO4.7\Tools\Ant-V1.10.1\lib\andariel-1.2.3.jar;C:\Program Files (x86)\ETAS\INTECRIO4.7\Tools\Ant-V1.10.1\lib\ant-antlr.jar;C:\Program Files (x86)\ETAS\INTECRIO4.7\Tools\Ant-V1.10.1\lib\ant-apache-bcel.jar;C:\Program Files (x86)\ETAS\INTECRIO4.7\Tools\Ant-V1.10.1\lib\ant-apache-bsf.jar;C:\Program Files (x86)\ETAS\INTECRIO4.7\Tools\Ant-V1.10.1\lib\ant-apache-log4j.jar;C:\Program Files (x86)\ETAS\INTECRIO4.7\Tools\Ant-V1.10.1\lib\ant-apache-oro.jar;C:\Program Files (x86)\ETAS\INTECRIO4.7\Tools\Ant-V1.10.1\lib\ant-apache-regexp.jar;C:\Program Files (x86)\ETAS\INTECRIO4.7\Tools\Ant-V1.10.1\lib\ant-apache-resolver.jar;C:\Program Files (x86)\ETAS\INTECRIO4.7\Tools\Ant-V1.10.1\lib\ant-apache-xalan2.jar;C:\Program Files (x86)\ETAS\INTECRIO4.7\Tools\Ant-V1.10.1\lib\ant-commons-logging.jar;C:\Program Files (x86)\ETAS\INTECRIO4.7\Tools\Ant-V1.10.1\lib\ant-commons-net.jar;C:\Program Files (x86)\ETAS\INTECRIO4.7\Tools\Ant-V1.10.1\lib\ant-contrib-1.0b3.jar;C:\Program Files (x86)\ETAS\INTECRIO4.7\Tools\Ant-V1.10.1\lib\ant-jai.jar;C:\Program Files (x86)\ETAS\INTECRIO4.7\Tools\Ant-V1.10.1\lib\ant-javamail.jar;C:\Program Files (x86)\ETAS\INTECRIO4.7\Tools\Ant-V1.10.1\lib\ant-jdepend.jar;C:\Program Files (x86)\ETAS\INTECRIO4.7\Tools\Ant-V1.10.1\lib\ant-jmf.jar;C:\Program Files (x86)\ETAS\INTECRIO4.7\Tools\Ant-V1.10.1\lib\ant-jsch.jar;C:\Program Files (x86)\ETAS\INTECRIO4.7\Tools\Ant-V1.10.1\lib\ant-junit.jar;C:\Program Files (x86)\ETAS\INTECRIO4.7\Tools\Ant-V1.10.1\lib\ant-junit4.jar;C:\Program Files (x86)\ETAS\INTECRIO4.7\Tools\Ant-V1.10.1\lib\ant-launcher.jar;C:\Program Files (x86)\ETAS\INTECRIO4.7\Tools\Ant-V1.10.1\lib\ant-netrexx.jar;C:\Program Files (x86)\ETAS\INTECRIO4.7\Tools\Ant-V1.10.1\lib\ant-swing.jar;C:\Program Files (x86)\ETAS\INTECRIO4.7\Tools\Ant-V1.10.1\lib\ant-testutil.jar;C:\Program Files (x86)\ETAS\INTECRIO4.7\Tools\Ant-V1.10.1\lib\ant-xz.jar;C:\Program Files (x86)\ETAS\INTECRIO4.7\Tools\Ant-V1.10.1\lib\ant.jar;C:\Program Files (x86)\ETAS\INTECRIO4.7\Tools\Ant-V1.10.1\lib\intecrio-ant-launcher.jar;C:\Program Files (x86)\ETAS\INTECRIO4.7\Tools\JDK-V8.0\lib\tools.jar
PIANTLAUNCHER: No working directory set (empty option?)
PIANTLAUNCHER: Added ANT argument -Dpath.tools=C:\Program Files (x86)\ETAS\INTECRIO4.7\Tools
PIANTLAUNCHER: Added ANT argument -Dpath.work=c:\users\dwegg\desktop\etas-main\etas\main_ecu\cgen\pi\system
PIANTLAUNCHER: Added ANT argument -Dpath.intecrio=C:\Program Files (x86)\ETAS\INTECRIO4.7
PIANTLAUNCHER: Added ANT argument -Dpath.intecrio.appdata=C:\Users\dwegg\AppData\Roaming\ETAS\INTECRIO4.7
PIANTLAUNCHER: Added ANT argument -Dcount.targets=172
PIANTLAUNCHER: Added ANT argument -propertyfile
PIANTLAUNCHER: Added ANT argument c:\users\dwegg\desktop\etas-main\etas\main_ecu\cgen\pi\system\properties.ini
PIANTLAUNCHER: Added ANT argument -buildfile
PIANTLAUNCHER: Added ANT argument c:\users\dwegg\desktop\etas-main\etas\main_ecu\cgen\pi\system\build.xml
PIANTLAUNCHER: Added ANT argument -logfile
PIANTLAUNCHER: Added ANT argument c:\users\dwegg\desktop\etas-main\etas\main_ecu\cgen\pi\system\build.log
PIANTLAUNCHER: Added ANT argument -logger
PIANTLAUNCHER: Added ANT argument de.etas.intecrio.taskloggers.PIBuildLogger
PIANTLAUNCHER: Added ANT argument build
PIANTLAUNCHER: Caught ExitException, return code is 0
PIANTLAUNCHER: ANT returned with exit code 0
