

SYSTEM_START	-	DESKTOP-NF5AKJR	DESKTOP-NF5AKJR	2024-04-30 15:28:05


SYSTEM_INFO	CarMaker 12.0.1 - Car_Generic #3	jetbrains@66e0c34c4bd1 2023-05-24 12:39:09	(12.0.1 jetbrains@66e0c34c4bd1 2023-05-24 12:29:03)
SIM	1714483686	DESKTOP-NF5AKJR			0	0	0


SYSTEM_START	-	DESKTOP-NF5AKJR	DESKTOP-NF5AKJR	2024-04-30 15:30:27


SYSTEM_INFO	CarMaker 12.0.1 - Car_Generic #3	jetbrains@66e0c34c4bd1 2023-05-24 12:39:09	(12.0.1 jetbrains@66e0c34c4bd1 2023-05-24 12:29:03)
SIM	1714483827	DESKTOP-NF5AKJR			0	0	0
SIM	1714483833	DESKTOP-NF5AKJR	sebasdelval	Examples/BasicFunctions/TestAutomation/TestWare/DemoPackage/Runs/Slalom_18m	0	0	0


SYSTEM_START	-	DESKTOP-NF5AKJR	DESKTOP-NF5AKJR	2024-04-30 18:15:50


SYSTEM_INFO	CarMaker 12.0.1 - Car_Generic #3	jetbrains@66e0c34c4bd1 2023-05-24 12:39:09	(12.0.1 jetbrains@66e0c34c4bd1 2023-05-24 12:29:03)
SIM	1714493751	DESKTOP-NF5AKJR			0	0	0
SIM	1714493756	DESKTOP-NF5AKJR	sebasdelval	Examples/BasicFunctions/TestAutomation/TestWare/DemoPackage/Runs/Slalom_18m	0	74.099	594.007
SIM	1714493836	DESKTOP-NF5AKJR	sebasdelval	Examples/BasicFunctions/TestAutomation/TestWare/DemoPackage/Runs/Slalom_18m	0	56.531	593.481
SIM	1714493899	DESKTOP-NF5AKJR	sebasdelval	Examples/BasicFunctions/TestAutomation/TestWare/DemoPackage/Runs/Slalom_18m	0	52.775	593.015
SIM	1714494024	DESKTOP-NF5AKJR	sebasdelval	Examples/BasicFunctions/TestAutomation/TestWare/DemoPackage/Runs/Slalom_18m	0	39.146	591.275
SIM	1714494070	DESKTOP-NF5AKJR	sebasdelval	Examples/BasicFunctions/TestAutomation/TestWare/DemoPackage/Runs/Slalom_18m	0	39.146	591.275
SIM	1714494196	DESKTOP-NF5AKJR	sebasdelval	Examples/BasicFunctions/TestAutomation/TestWare/DemoPackage/Runs/Slalom_18m	0	39.146	591.275
SIM	1714494277	DESKTOP-NF5AKJR	sebasdelval	Examples/BasicFunctions/TestAutomation/TestWare/DemoPackage/Runs/Slalom_18m	0	39.146	591.275


SYSTEM_START	-	DESKTOP-NF5AKJR	DESKTOP-NF5AKJR	2024-05-02 12:02:58


SYSTEM_INFO	CarMaker 12.0.1 - Car_Generic #3	jetbrains@66e0c34c4bd1 2023-05-24 12:39:09	(12.0.1 jetbrains@66e0c34c4bd1 2023-05-24 12:29:03)
SIM	1714644178	DESKTOP-NF5AKJR			0	0	0
SIM	1714644186	DESKTOP-NF5AKJR	sebasdelval	Examples/BasicFunctions/TestAutomation/TestWare/DemoPackage/Runs/Slalom_18m	0	74.099	594.007


SYSTEM_START	-	DESKTOP-NF5AKJR	DESKTOP-NF5AKJR	2024-05-07 11:36:29


SYSTEM_INFO	CarMaker 12.0.1 - Car_Generic #3	jetbrains@66e0c34c4bd1 2023-05-24 12:39:09	(12.0.1 jetbrains@66e0c34c4bd1 2023-05-24 12:29:03)
SIM	1715074589	DESKTOP-NF5AKJR			0	0	0
SIM	1715074595	DESKTOP-NF5AKJR	sebasdelval	Examples/BasicFunctions/TestAutomation/TestWare/DemoPackage/Runs/Slalom_18m	0	74.099	594.007
SIM	1715074898	DESKTOP-NF5AKJR	sebasdelval	Examples/BasicFunctions/TestAutomation/TestWare/DemoPackage/Runs/Slalom_18m	0	74.099	594.007
SIM	1715074978	DESKTOP-NF5AKJR	sebasdelval	Examples/BasicFunctions/TestAutomation/TestWare/DemoPackage/Runs/Slalom_18m	0	20.322	191.132


SYSTEM_START	-	DESKTOP-NF5AKJR	DESKTOP-NF5AKJR	2024-05-21 16:10:33


SYSTEM_INFO	CarMaker 12.0.1 - Car_Generic #3	jetbrains@66e0c34c4bd1 2023-05-24 12:39:09	(12.0.1 jetbrains@66e0c34c4bd1 2023-05-24 12:29:03)
SIM	1716300633	DESKTOP-NF5AKJR			0	0	0


SYSTEM_START	-	DESKTOP-NF5AKJR	DESKTOP-NF5AKJR	2024-05-21 16:10:52


SYSTEM_INFO	CarMaker 12.0.1 - Car_Generic #3	jetbrains@66e0c34c4bd1 2023-05-24 12:39:09	(12.0.1 jetbrains@66e0c34c4bd1 2023-05-24 12:29:03)


SYSTEM_START	-	DESKTOP-NF5AKJR	DESKTOP-NF5AKJR	2024-05-21 16:11:28


SYSTEM_INFO	CarMaker 12.0.1 - Car_Generic #3	jetbrains@66e0c34c4bd1 2023-05-24 12:39:09	(12.0.1 jetbrains@66e0c34c4bd1 2023-05-24 12:29:03)


SYSTEM_START	-	DESKTOP-NF5AKJR	DESKTOP-NF5AKJR	2024-05-21 16:11:44


SYSTEM_INFO	CarMaker 12.0.1 - Car_Generic #3	jetbrains@66e0c34c4bd1 2023-05-24 12:39:09	(12.0.1 jetbrains@66e0c34c4bd1 2023-05-24 12:29:03)


SYSTEM_START	-	DESKTOP-NF5AKJR	DESKTOP-NF5AKJR	2024-05-21 16:12:21


SYSTEM_INFO	CarMaker 12.0.1 - Car_Generic #3	jetbrains@66e0c34c4bd1 2023-05-24 12:39:09	(12.0.1 jetbrains@66e0c34c4bd1 2023-05-24 12:29:03)


SYSTEM_START	-	DESKTOP-NF5AKJR	DESKTOP-NF5AKJR	2024-06-26 11:01:19


SYSTEM_INFO	CarMaker 12.0.1 - Car_Generic #3	jetbrains@66e0c34c4bd1 2023-05-24 12:39:09	(12.0.1 jetbrains@66e0c34c4bd1 2023-05-24 12:29:03)
SIM	1719392479	DESKTOP-NF5AKJR			0	0	0
SIM	1719392512	DESKTOP-NF5AKJR	sebasdelval	Examples/BasicFunctions/TestAutomation/TestWare/DemoPackage/Runs/Slalom_18m	0	44.086	343.848


SYSTEM_START	-	DESKTOP-NF5AKJR	DESKTOP-NF5AKJR	2024-09-16 15:45:37


SYSTEM_INFO	CarMaker 12.0.1 - Car_Generic #3	jetbrains@66e0c34c4bd1 2023-05-24 12:39:09	(12.0.1 jetbrains@66e0c34c4bd1 2023-05-24 12:29:03)
SIM	1726494337	DESKTOP-NF5AKJR			0	0	0


SYSTEM_START	-	DESKTOP-NF5AKJR	DESKTOP-NF5AKJR	2024-09-16 15:46:58


SYSTEM_INFO	CarMaker 12.0.1 - Car_Generic #3	jetbrains@66e0c34c4bd1 2023-05-24 12:39:09	(12.0.1 jetbrains@66e0c34c4bd1 2023-05-24 12:29:03)


SYSTEM_START	-	DESKTOP-NF5AKJR	DESKTOP-NF5AKJR	2024-09-16 15:48:42


SYSTEM_INFO	CarMaker 12.0.1 - Car_Generic #3	jetbrains@66e0c34c4bd1 2023-05-24 12:39:09	(12.0.1 jetbrains@66e0c34c4bd1 2023-05-24 12:29:03)


SYSTEM_START	-	DESKTOP-NF5AKJR	DESKTOP-NF5AKJR	2024-09-16 15:50:48


SYSTEM_INFO	CarMaker 12.0.1 - Car_Generic #3	jetbrains@66e0c34c4bd1 2023-05-24 12:39:09	(12.0.1 jetbrains@66e0c34c4bd1 2023-05-24 12:29:03)
