c:\\users\\gerard\\desktop\\e-tech\\etas\\intecrio\\modelos matlab\\accel_data_etr07_irt_rtw\\Accel_Data_ETR07.c
c:\\users\\gerard\\desktop\\e-tech\\etas\\intecrio\\modelos matlab\\accel_data_etr07_irt_rtw\\Accel_Data_ETR07.h
c:\\users\\gerard\\desktop\\e-tech\\etas\\intecrio\\modelos matlab\\accel_data_etr07_irt_rtw\\Accel_Data_ETR07_data.c
c:\\users\\gerard\\desktop\\e-tech\\etas\\intecrio\\modelos matlab\\accel_data_etr07_irt_rtw\\Accel_Data_ETR07_data.h
c:\\users\\gerard\\desktop\\e-tech\\etas\\intecrio\\modelos matlab\\accel_data_etr07_irt_rtw\\Accel_Data_ETR07_main.c
c:\\users\\gerard\\desktop\\e-tech\\etas\\intecrio\\modelos matlab\\accel_data_etr07_irt_rtw\\Accel_Data_ETR07_main.h
c:\\users\\gerard\\desktop\\e-tech\\etas\\intecrio\\modelos matlab\\accel_data_etr07_irt_rtw\\external\\rtw\\c\\src\\rt_sim.c
c:\\users\\gerard\\desktop\\e-tech\\etas\\intecrio\\modelos matlab\\accel_data_etr07_irt_rtw\\external\\rtw\\c\\src\\rt_sim.h
c:\\users\\gerard\\desktop\\e-tech\\etas\\intecrio\\modelos matlab\\car_state_etr07_irt_rtw\\Car_State_ETR07.c
c:\\users\\gerard\\desktop\\e-tech\\etas\\intecrio\\modelos matlab\\car_state_etr07_irt_rtw\\Car_State_ETR07.h
c:\\users\\gerard\\desktop\\e-tech\\etas\\intecrio\\modelos matlab\\car_state_etr07_irt_rtw\\Car_State_ETR07_data.c
c:\\users\\gerard\\desktop\\e-tech\\etas\\intecrio\\modelos matlab\\car_state_etr07_irt_rtw\\Car_State_ETR07_data.h
c:\\users\\gerard\\desktop\\e-tech\\etas\\intecrio\\modelos matlab\\car_state_etr07_irt_rtw\\Car_State_ETR07_main.c
c:\\users\\gerard\\desktop\\e-tech\\etas\\intecrio\\modelos matlab\\car_state_etr07_irt_rtw\\Car_State_ETR07_main.h
c:\\users\\gerard\\desktop\\e-tech\\etas\\intecrio\\modelos matlab\\car_state_etr07_irt_rtw\\external\\rtw\\c\\src\\rt_sim.c
c:\\users\\gerard\\desktop\\e-tech\\etas\\intecrio\\modelos matlab\\car_state_etr07_irt_rtw\\external\\rtw\\c\\src\\rt_sim.h
c:\\users\\gerard\\desktop\\e-tech\\etas\\intecrio\\modelos matlab\\disconnections_etr07_irt_rtw\\Disconnections_ETR07.c
c:\\users\\gerard\\desktop\\e-tech\\etas\\intecrio\\modelos matlab\\disconnections_etr07_irt_rtw\\Disconnections_ETR07.h
c:\\users\\gerard\\desktop\\e-tech\\etas\\intecrio\\modelos matlab\\disconnections_etr07_irt_rtw\\Disconnections_ETR07_data.c
c:\\users\\gerard\\desktop\\e-tech\\etas\\intecrio\\modelos matlab\\disconnections_etr07_irt_rtw\\Disconnections_ETR07_data.h
c:\\users\\gerard\\desktop\\e-tech\\etas\\intecrio\\modelos matlab\\disconnections_etr07_irt_rtw\\Disconnections_ETR07_main.c
c:\\users\\gerard\\desktop\\e-tech\\etas\\intecrio\\modelos matlab\\disconnections_etr07_irt_rtw\\Disconnections_ETR07_main.h
c:\\users\\gerard\\desktop\\e-tech\\etas\\intecrio\\modelos matlab\\disconnections_etr07_irt_rtw\\external\\rtw\\c\\src\\rt_sim.c
c:\\users\\gerard\\desktop\\e-tech\\etas\\intecrio\\modelos matlab\\disconnections_etr07_irt_rtw\\external\\rtw\\c\\src\\rt_sim.h
c:\\users\\gerard\\desktop\\e-tech\\etas\\intecrio\\modelos matlab\\inverters_action_etr07_irt_rtw\\inverters_action_ETR07.c
c:\\users\\gerard\\desktop\\e-tech\\etas\\intecrio\\modelos matlab\\inverters_action_etr07_irt_rtw\\inverters_action_ETR07.h
c:\\users\\gerard\\desktop\\e-tech\\etas\\intecrio\\modelos matlab\\inverters_action_etr07_irt_rtw\\inverters_action_ETR07_data.c
c:\\users\\gerard\\desktop\\e-tech\\etas\\intecrio\\modelos matlab\\inverters_action_etr07_irt_rtw\\inverters_action_ETR07_data.h
c:\\users\\gerard\\desktop\\e-tech\\etas\\intecrio\\modelos matlab\\inverters_action_etr07_irt_rtw\\inverters_action_ETR07_main.c
c:\\users\\gerard\\desktop\\e-tech\\etas\\intecrio\\modelos matlab\\inverters_action_etr07_irt_rtw\\inverters_action_ETR07_main.h
c:\\users\\gerard\\desktop\\e-tech\\etas\\intecrio\\modelos matlab\\inverters_action_etr07_irt_rtw\\external\\rtw\\c\\src\\rt_sim.c
c:\\users\\gerard\\desktop\\e-tech\\etas\\intecrio\\modelos matlab\\inverters_action_etr07_irt_rtw\\external\\rtw\\c\\src\\rt_sim.h
c:\\users\\gerard\\desktop\\e-tech\\etas\\intecrio\\modelos matlab\\inverters_data_etr07_irt_rtw\\Inverters_Data_ETR07.c
c:\\users\\gerard\\desktop\\e-tech\\etas\\intecrio\\modelos matlab\\inverters_data_etr07_irt_rtw\\Inverters_Data_ETR07.h
c:\\users\\gerard\\desktop\\e-tech\\etas\\intecrio\\modelos matlab\\inverters_data_etr07_irt_rtw\\Inverters_Data_ETR07_data.c
c:\\users\\gerard\\desktop\\e-tech\\etas\\intecrio\\modelos matlab\\inverters_data_etr07_irt_rtw\\Inverters_Data_ETR07_data.h
c:\\users\\gerard\\desktop\\e-tech\\etas\\intecrio\\modelos matlab\\inverters_data_etr07_irt_rtw\\Inverters_Data_ETR07_main.c
c:\\users\\gerard\\desktop\\e-tech\\etas\\intecrio\\modelos matlab\\inverters_data_etr07_irt_rtw\\Inverters_Data_ETR07_main.h
c:\\users\\gerard\\desktop\\e-tech\\etas\\intecrio\\modelos matlab\\inverters_data_etr07_irt_rtw\\external\\rtw\\c\\src\\rt_sim.c
c:\\users\\gerard\\desktop\\e-tech\\etas\\intecrio\\modelos matlab\\inverters_data_etr07_irt_rtw\\external\\rtw\\c\\src\\rt_sim.h
c:\\users\\gerard\\desktop\\e-tech\\etas\\intecrio\\modelos matlab\\lvd_data_etr07_irt_rtw\\LVD_Data_ETR07.c
c:\\users\\gerard\\desktop\\e-tech\\etas\\intecrio\\modelos matlab\\lvd_data_etr07_irt_rtw\\LVD_Data_ETR07.h
c:\\users\\gerard\\desktop\\e-tech\\etas\\intecrio\\modelos matlab\\lvd_data_etr07_irt_rtw\\LVD_Data_ETR07_data.c
c:\\users\\gerard\\desktop\\e-tech\\etas\\intecrio\\modelos matlab\\lvd_data_etr07_irt_rtw\\LVD_Data_ETR07_data.h
c:\\users\\gerard\\desktop\\e-tech\\etas\\intecrio\\modelos matlab\\lvd_data_etr07_irt_rtw\\LVD_Data_ETR07_main.c
c:\\users\\gerard\\desktop\\e-tech\\etas\\intecrio\\modelos matlab\\lvd_data_etr07_irt_rtw\\LVD_Data_ETR07_main.h
c:\\users\\gerard\\desktop\\e-tech\\etas\\intecrio\\modelos matlab\\lvd_data_etr07_irt_rtw\\external\\rtw\\c\\src\\rt_sim.c
c:\\users\\gerard\\desktop\\e-tech\\etas\\intecrio\\modelos matlab\\lvd_data_etr07_irt_rtw\\external\\rtw\\c\\src\\rt_sim.h
c:\\users\\gerard\\desktop\\e-tech\\etas\\intecrio\\modelos matlab\\pedals_susp_sensors_etr07_irt_rtw\\Pedals_Susp_Sensors_ETR07.c
c:\\users\\gerard\\desktop\\e-tech\\etas\\intecrio\\modelos matlab\\pedals_susp_sensors_etr07_irt_rtw\\Pedals_Susp_Sensors_ETR07.h
c:\\users\\gerard\\desktop\\e-tech\\etas\\intecrio\\modelos matlab\\pedals_susp_sensors_etr07_irt_rtw\\Pedals_Susp_Sensors_ETR07_data.c
c:\\users\\gerard\\desktop\\e-tech\\etas\\intecrio\\modelos matlab\\pedals_susp_sensors_etr07_irt_rtw\\Pedals_Susp_Sensors_ETR07_data.h
c:\\users\\gerard\\desktop\\e-tech\\etas\\intecrio\\modelos matlab\\pedals_susp_sensors_etr07_irt_rtw\\Pedals_Susp_Sensors_ETR07_main.c
c:\\users\\gerard\\desktop\\e-tech\\etas\\intecrio\\modelos matlab\\pedals_susp_sensors_etr07_irt_rtw\\Pedals_Susp_Sensors_ETR07_main.h
c:\\users\\gerard\\desktop\\e-tech\\etas\\intecrio\\modelos matlab\\pedals_susp_sensors_etr07_irt_rtw\\external\\rtw\\c\\src\\rt_sim.c
c:\\users\\gerard\\desktop\\e-tech\\etas\\intecrio\\modelos matlab\\pedals_susp_sensors_etr07_irt_rtw\\external\\rtw\\c\\src\\rt_sim.h
c:\\users\\gerard\\desktop\\e-tech\\etas\\intecrio\\modelos matlab\\racing_mode_etr07_irt_rtw\\Racing_Mode_ETR07.c
c:\\users\\gerard\\desktop\\e-tech\\etas\\intecrio\\modelos matlab\\racing_mode_etr07_irt_rtw\\Racing_Mode_ETR07.h
c:\\users\\gerard\\desktop\\e-tech\\etas\\intecrio\\modelos matlab\\racing_mode_etr07_irt_rtw\\Racing_Mode_ETR07_data.c
c:\\users\\gerard\\desktop\\e-tech\\etas\\intecrio\\modelos matlab\\racing_mode_etr07_irt_rtw\\Racing_Mode_ETR07_data.h
c:\\users\\gerard\\desktop\\e-tech\\etas\\intecrio\\modelos matlab\\racing_mode_etr07_irt_rtw\\Racing_Mode_ETR07_main.c
c:\\users\\gerard\\desktop\\e-tech\\etas\\intecrio\\modelos matlab\\racing_mode_etr07_irt_rtw\\Racing_Mode_ETR07_main.h
c:\\users\\gerard\\desktop\\e-tech\\etas\\intecrio\\modelos matlab\\racing_mode_etr07_irt_rtw\\external\\rtw\\c\\src\\rt_sim.c
c:\\users\\gerard\\desktop\\e-tech\\etas\\intecrio\\modelos matlab\\racing_mode_etr07_irt_rtw\\external\\rtw\\c\\src\\rt_sim.h
c:\\users\\gerard\\desktop\\e-tech\\etas\\intecrio\\modelos matlab\\synchronism_etr07_irt_rtw\\Synchronism_ETR07.c
c:\\users\\gerard\\desktop\\e-tech\\etas\\intecrio\\modelos matlab\\synchronism_etr07_irt_rtw\\Synchronism_ETR07.h
c:\\users\\gerard\\desktop\\e-tech\\etas\\intecrio\\modelos matlab\\synchronism_etr07_irt_rtw\\Synchronism_ETR07_data.c
c:\\users\\gerard\\desktop\\e-tech\\etas\\intecrio\\modelos matlab\\synchronism_etr07_irt_rtw\\Synchronism_ETR07_data.h
c:\\users\\gerard\\desktop\\e-tech\\etas\\intecrio\\modelos matlab\\synchronism_etr07_irt_rtw\\Synchronism_ETR07_main.c
c:\\users\\gerard\\desktop\\e-tech\\etas\\intecrio\\modelos matlab\\synchronism_etr07_irt_rtw\\Synchronism_ETR07_main.h
c:\\users\\gerard\\desktop\\e-tech\\etas\\intecrio\\modelos matlab\\synchronism_etr07_irt_rtw\\external\\rtw\\c\\src\\rt_sim.c
c:\\users\\gerard\\desktop\\e-tech\\etas\\intecrio\\modelos matlab\\synchronism_etr07_irt_rtw\\external\\rtw\\c\\src\\rt_sim.h
c:\\users\\gerard\\desktop\\e-tech\\etas\\intecrio\\modelos matlab\\torque_control_etr07_irt_rtw\\Torque_Control_ETR07.c
c:\\users\\gerard\\desktop\\e-tech\\etas\\intecrio\\modelos matlab\\torque_control_etr07_irt_rtw\\Torque_Control_ETR07.h
c:\\users\\gerard\\desktop\\e-tech\\etas\\intecrio\\modelos matlab\\torque_control_etr07_irt_rtw\\Torque_Control_ETR07_data.c
c:\\users\\gerard\\desktop\\e-tech\\etas\\intecrio\\modelos matlab\\torque_control_etr07_irt_rtw\\Torque_Control_ETR07_data.h
c:\\users\\gerard\\desktop\\e-tech\\etas\\intecrio\\modelos matlab\\torque_control_etr07_irt_rtw\\Torque_Control_ETR07_main.c
c:\\users\\gerard\\desktop\\e-tech\\etas\\intecrio\\modelos matlab\\torque_control_etr07_irt_rtw\\Torque_Control_ETR07_main.h
c:\\users\\gerard\\desktop\\e-tech\\etas\\intecrio\\modelos matlab\\torque_control_etr07_irt_rtw\\external\\rtw\\c\\src\\rt_sim.c
c:\\users\\gerard\\desktop\\e-tech\\etas\\intecrio\\modelos matlab\\torque_control_etr07_irt_rtw\\external\\rtw\\c\\src\\rt_sim.h
C:\\Program Files (x86)\\ETAS\\INTECRIO4.7\\MATLAB\\c\\src\\ode3.c
C:\\Program Files (x86)\\ETAS\\INTECRIO4.7\\MATLAB\\c\\src\\ode3.h
