0x8239; warning: Error occurred while processing data element 'Accel_Data_ETR07_DW.LowPass.Previous_IN' ('Could not determine data type for data element 'Accel_Data_ETR07_DW.LowPass.Previous_IN'.'). Skipping (no access code will get generated).
0x8239; warning: Error occurred while processing data element 'Accel_Data_ETR07_DW.LowPass.Previous_OUT' ('Could not determine data type for data element 'Accel_Data_ETR07_DW.LowPass.Previous_OUT'.'). Skipping (no access code will get generated).
0x8239; warning: Error occurred while processing data element 'Accel_Data_ETR07_DW.LowPass1.Previous_IN' ('Could not determine data type for data element 'Accel_Data_ETR07_DW.LowPass1.Previous_IN'.'). Skipping (no access code will get generated).
0x8239; warning: Error occurred while processing data element 'Accel_Data_ETR07_DW.LowPass1.Previous_OUT' ('Could not determine data type for data element 'Accel_Data_ETR07_DW.LowPass1.Previous_OUT'.'). Skipping (no access code will get generated).
0x8239; warning: Error occurred while processing data element 'Accel_Data_ETR07_DW.LowPass2.Previous_IN' ('Could not determine data type for data element 'Accel_Data_ETR07_DW.LowPass2.Previous_IN'.'). Skipping (no access code will get generated).
0x8239; warning: Error occurred while processing data element 'Accel_Data_ETR07_DW.LowPass2.Previous_OUT' ('Could not determine data type for data element 'Accel_Data_ETR07_DW.LowPass2.Previous_OUT'.'). Skipping (no access code will get generated).
0x8239; warning: Error occurred while processing data element 'Accel_Data_ETR07_P.LowPass1.Gain_Gain' ('Could not determine data type for data element 'Accel_Data_ETR07_P.LowPass1.Gain_Gain'.'). Skipping (no access code will get generated).
0x8239; warning: Error occurred while processing data element 'Accel_Data_ETR07_P.LowPass1.ct_Value' ('Could not determine data type for data element 'Accel_Data_ETR07_P.LowPass1.ct_Value'.'). Skipping (no access code will get generated).
0x8239; warning: Error occurred while processing data element 'Accel_Data_ETR07_P.LowPass1.exptcycletau1_Value' ('Could not determine data type for data element 'Accel_Data_ETR07_P.LowPass1.exptcycletau1_Value'.'). Skipping (no access code will get generated).
0x8239; warning: Error occurred while processing data element 'Accel_Data_ETR07_P.LowPass2.DataStoreMemory1_InitialValue' ('Could not determine data type for data element 'Accel_Data_ETR07_P.LowPass2.DataStoreMemory1_InitialValue'.'). Skipping (no access code will get generated).
0x8239; warning: Error occurred while processing data element 'Accel_Data_ETR07_P.LowPass2.DataStoreMemory_InitialValue' ('Could not determine data type for data element 'Accel_Data_ETR07_P.LowPass2.DataStoreMemory_InitialValue'.'). Skipping (no access code will get generated).
0x8239; warning: Error occurred while processing data element 'Accel_Data_ETR07_P.LowPass2.Gain_Gain' ('Could not determine data type for data element 'Accel_Data_ETR07_P.LowPass2.Gain_Gain'.'). Skipping (no access code will get generated).
0x8239; warning: Error occurred while processing data element 'Accel_Data_ETR07_P.LowPass2.ct_Value' ('Could not determine data type for data element 'Accel_Data_ETR07_P.LowPass2.ct_Value'.'). Skipping (no access code will get generated).
0x8239; warning: Error occurred while processing data element 'Accel_Data_ETR07_P.LowPass2.exptcycletau1_Value' ('Could not determine data type for data element 'Accel_Data_ETR07_P.LowPass2.exptcycletau1_Value'.'). Skipping (no access code will get generated).
0x8239; warning: Error occurred while processing data element 'Car_State_ETR07_P.ERROR.Constant_Value' ('Could not determine data type for data element 'Car_State_ETR07_P.ERROR.Constant_Value'.'). Skipping (no access code will get generated).
0x8239; warning: Error occurred while processing data element 'Car_State_ETR07_P.FALSE_m.Constant_Value' ('Could not determine data type for data element 'Car_State_ETR07_P.FALSE_m.Constant_Value'.'). Skipping (no access code will get generated).
0x8239; warning: Error occurred while processing data element 'Car_State_ETR07_P.OK.Constant_Value' ('Could not determine data type for data element 'Car_State_ETR07_P.OK.Constant_Value'.'). Skipping (no access code will get generated).
0x8239; warning: Error occurred while processing data element 'Disconnections_ETR07_P.CAN_OK.Constant_Value' ('Could not determine data type for data element 'Disconnections_ETR07_P.CAN_OK.Constant_Value'.'). Skipping (no access code will get generated).
0x8239; warning: Error occurred while processing data element 'Disconnections_ETR07_P.Signal_Failure.Constant_Value' ('Could not determine data type for data element 'Disconnections_ETR07_P.Signal_Failure.Constant_Value'.'). Skipping (no access code will get generated).
0x8239; warning: Error occurred while processing data element 'Disconnections_ETR07_P.Signal_OK.Constant_Value' ('Could not determine data type for data element 'Disconnections_ETR07_P.Signal_OK.Constant_Value'.'). Skipping (no access code will get generated).
0x8239; warning: Error occurred while processing data element 'inverters_action_ETR07_P.ActionnotDefined.u1_Value' ('Could not determine data type for data element 'inverters_action_ETR07_P.ActionnotDefined.u1_Value'.'). Skipping (no access code will get generated).
0x8239; warning: Error occurred while processing data element 'inverters_action_ETR07_P.ActionnotDefined.u2_Value' ('Could not determine data type for data element 'inverters_action_ETR07_P.ActionnotDefined.u2_Value'.'). Skipping (no access code will get generated).
0x8239; warning: Error occurred while processing data element 'inverters_action_ETR07_P.ActionnotDefined.u3_Value' ('Could not determine data type for data element 'inverters_action_ETR07_P.ActionnotDefined.u3_Value'.'). Skipping (no access code will get generated).
0x8239; warning: Error occurred while processing data element 'inverters_action_ETR07_P.ActionnotDefined.u_Value' ('Could not determine data type for data element 'inverters_action_ETR07_P.ActionnotDefined.u_Value'.'). Skipping (no access code will get generated).
0x8239; warning: Error occurred while processing data element 'inverters_action_ETR07_P.DisableDriveEnableDrive.Constant_Value' ('Could not determine data type for data element 'inverters_action_ETR07_P.DisableDriveEnableDrive.Constant_Value'.'). Skipping (no access code will get generated).
0x8239; warning: Error occurred while processing data element 'inverters_action_ETR07_P.DisableDriveEnableDrive.Constant_Value_g' ('Could not determine data type for data element 'inverters_action_ETR07_P.DisableDriveEnableDrive.Constant_Value_g'.'). Skipping (no access code will get generated).
0x8239; warning: Error occurred while processing data element 'inverters_action_ETR07_P.DisableDriveEnableDrive.Constant_Value_k' ('Could not determine data type for data element 'inverters_action_ETR07_P.DisableDriveEnableDrive.Constant_Value_k'.'). Skipping (no access code will get generated).
0x8239; warning: Error occurred while processing data element 'inverters_action_ETR07_P.DisableDriveEnableDrive.ux51_Value' ('Could not determine data type for data element 'inverters_action_ETR07_P.DisableDriveEnableDrive.ux51_Value'.'). Skipping (no access code will get generated).
0x8239; warning: Error occurred while processing data element 'inverters_action_ETR07_P.DisableDriveEnableDrive.void1_Value' ('Could not determine data type for data element 'inverters_action_ETR07_P.DisableDriveEnableDrive.void1_Value'.'). Skipping (no access code will get generated).
0x8239; warning: Error occurred while processing data element 'inverters_action_ETR07_P.EnumerationDone_f.Constant1_Value' ('Could not determine data type for data element 'inverters_action_ETR07_P.EnumerationDone_f.Constant1_Value'.'). Skipping (no access code will get generated).
0x8239; warning: Error occurred while processing data element 'inverters_action_ETR07_P.EnumerationDone_f.Constant_Value' ('Could not determine data type for data element 'inverters_action_ETR07_P.EnumerationDone_f.Constant_Value'.'). Skipping (no access code will get generated).
0x8239; warning: Error occurred while processing data element 'inverters_action_ETR07_P.RegisterEnumerator_n.Constant1_Value' ('Could not determine data type for data element 'inverters_action_ETR07_P.RegisterEnumerator_n.Constant1_Value'.'). Skipping (no access code will get generated).
0x8239; warning: Error occurred while processing data element 'inverters_action_ETR07_P.RegisterEnumerator_n.Constant2_Value' ('Could not determine data type for data element 'inverters_action_ETR07_P.RegisterEnumerator_n.Constant2_Value'.'). Skipping (no access code will get generated).
0x8239; warning: Error occurred while processing data element 'inverters_action_ETR07_P.RegisterEnumerator_n.Constant_Value' ('Could not determine data type for data element 'inverters_action_ETR07_P.RegisterEnumerator_n.Constant_Value'.'). Skipping (no access code will get generated).
0x8239; warning: Error occurred while processing data element 'inverters_action_ETR07_P.RegisterEnumerator_n.Registeradress_Value' ('Could not determine data type for data element 'inverters_action_ETR07_P.RegisterEnumerator_n.Registeradress_Value'.'). Skipping (no access code will get generated).
0x8239; warning: Error occurred while processing data element 'inverters_action_ETR07_P.RegisterEnumerator_n.ux20_Value' ('Could not determine data type for data element 'inverters_action_ETR07_P.RegisterEnumerator_n.ux20_Value'.'). Skipping (no access code will get generated).
0x8239; warning: Error occurred while processing data element 'inverters_action_ETR07_P.RegisterEnumerator_n.ux26_Value' ('Could not determine data type for data element 'inverters_action_ETR07_P.RegisterEnumerator_n.ux26_Value'.'). Skipping (no access code will get generated).
0x8239; warning: Error occurred while processing data element 'inverters_action_ETR07_P.RegisterEnumerator_n.ux27_Value' ('Could not determine data type for data element 'inverters_action_ETR07_P.RegisterEnumerator_n.ux27_Value'.'). Skipping (no access code will get generated).
0x8239; warning: Error occurred while processing data element 'inverters_action_ETR07_P.RegisterEnumerator_n.ux30_Value' ('Could not determine data type for data element 'inverters_action_ETR07_P.RegisterEnumerator_n.ux30_Value'.'). Skipping (no access code will get generated).
0x8239; warning: Error occurred while processing data element 'inverters_action_ETR07_P.RegisterEnumerator_n.ux49_Value' ('Could not determine data type for data element 'inverters_action_ETR07_P.RegisterEnumerator_n.ux49_Value'.'). Skipping (no access code will get generated).
0x8239; warning: Error occurred while processing data element 'inverters_action_ETR07_P.RegisterEnumerator_n.ux4A_Value' ('Could not determine data type for data element 'inverters_action_ETR07_P.RegisterEnumerator_n.ux4A_Value'.'). Skipping (no access code will get generated).
0x8239; warning: Error occurred while processing data element 'inverters_action_ETR07_P.RegisterEnumerator_n.uxE8_Value' ('Could not determine data type for data element 'inverters_action_ETR07_P.RegisterEnumerator_n.uxE8_Value'.'). Skipping (no access code will get generated).
0x8239; warning: Error occurred while processing data element 'inverters_action_ETR07_P.RegisterEnumerator_n.uxEB_Value' ('Could not determine data type for data element 'inverters_action_ETR07_P.RegisterEnumerator_n.uxEB_Value'.'). Skipping (no access code will get generated).
0x8239; warning: Error occurred while processing data element 'inverters_action_ETR07_P.ResetEnumeration_p.Constant1_Value' ('Could not determine data type for data element 'inverters_action_ETR07_P.ResetEnumeration_p.Constant1_Value'.'). Skipping (no access code will get generated).
0x8239; warning: Error occurred while processing data element 'inverters_action_ETR07_P.TorqueCommand.AlwaysEnabledifactionistorqueco' ('Could not determine data type for data element 'inverters_action_ETR07_P.TorqueCommand.AlwaysEnabledifactionistorqueco'.'). Skipping (no access code will get generated).
0x8239; warning: Error occurred while processing data element 'inverters_action_ETR07_P.TorqueCommand.Bits_Max_Value' ('Could not determine data type for data element 'inverters_action_ETR07_P.TorqueCommand.Bits_Max_Value'.'). Skipping (no access code will get generated).
0x8239; warning: Error occurred while processing data element 'inverters_action_ETR07_P.TorqueCommand.BitwiseOperator1_BitMask' ('Could not determine data type for data element 'inverters_action_ETR07_P.TorqueCommand.BitwiseOperator1_BitMask'.'). Skipping (no access code will get generated).
0x8239; warning: Error occurred while processing data element 'inverters_action_ETR07_P.TorqueCommand.BitwiseOperator_BitMask' ('Could not determine data type for data element 'inverters_action_ETR07_P.TorqueCommand.BitwiseOperator_BitMask'.'). Skipping (no access code will get generated).
0x8239; warning: Error occurred while processing data element 'inverters_action_ETR07_P.TorqueCommand.IMAX_Value' ('Could not determine data type for data element 'inverters_action_ETR07_P.TorqueCommand.IMAX_Value'.'). Skipping (no access code will get generated).
0x8239; warning: Error occurred while processing data element 'inverters_action_ETR07_P.TorqueCommand.ux90_Value' ('Could not determine data type for data element 'inverters_action_ETR07_P.TorqueCommand.ux90_Value'.'). Skipping (no access code will get generated).
0x8239; warning: Error occurred while processing data element 'inverters_action_ETR07_P.TorqueCommand0.Bits_Max_Value' ('Could not determine data type for data element 'inverters_action_ETR07_P.TorqueCommand0.Bits_Max_Value'.'). Skipping (no access code will get generated).
0x8239; warning: Error occurred while processing data element 'inverters_action_ETR07_P.TorqueCommand0.BitwiseOperator1_BitMask' ('Could not determine data type for data element 'inverters_action_ETR07_P.TorqueCommand0.BitwiseOperator1_BitMask'.'). Skipping (no access code will get generated).
0x8239; warning: Error occurred while processing data element 'inverters_action_ETR07_P.TorqueCommand0.BitwiseOperator_BitMask' ('Could not determine data type for data element 'inverters_action_ETR07_P.TorqueCommand0.BitwiseOperator_BitMask'.'). Skipping (no access code will get generated).
0x8239; warning: Error occurred while processing data element 'inverters_action_ETR07_P.TorqueCommand0.Constant_Value' ('Could not determine data type for data element 'inverters_action_ETR07_P.TorqueCommand0.Constant_Value'.'). Skipping (no access code will get generated).
0x8239; warning: Error occurred while processing data element 'inverters_action_ETR07_P.TorqueCommand0.IMAX_Value' ('Could not determine data type for data element 'inverters_action_ETR07_P.TorqueCommand0.IMAX_Value'.'). Skipping (no access code will get generated).
0x8239; warning: Error occurred while processing data element 'inverters_action_ETR07_P.TorqueCommand0.ux90_Value' ('Could not determine data type for data element 'inverters_action_ETR07_P.TorqueCommand0.ux90_Value'.'). Skipping (no access code will get generated).
0x8239; warning: Error occurred while processing data element 'inverters_action_ETR07_P.Unsubscribe_a._Value' ('Could not determine data type for data element 'inverters_action_ETR07_P.Unsubscribe_a._Value'.'). Skipping (no access code will get generated).
0x8239; warning: Error occurred while processing data element 'inverters_action_ETR07_P.Unsubscribe_a.uXFF_Value' ('Could not determine data type for data element 'inverters_action_ETR07_P.Unsubscribe_a.uXFF_Value'.'). Skipping (no access code will get generated).
0x8239; warning: Error occurred while processing data element 'Racing_Mode_ETR07_P.AutoX4Driver22.Apps_Sat_Dwn_Value' ('Could not determine data type for data element 'Racing_Mode_ETR07_P.AutoX4Driver22.Apps_Sat_Dwn_Value'.'). Skipping (no access code will get generated).
0x8239; warning: Error occurred while processing data element 'Racing_Mode_ETR07_P.AutoX4Driver22.Apps_Sat_Up_Value' ('Could not determine data type for data element 'Racing_Mode_ETR07_P.AutoX4Driver22.Apps_Sat_Up_Value'.'). Skipping (no access code will get generated).
0x8239; warning: Error occurred while processing data element 'Racing_Mode_ETR07_P.AutoX4Driver22.CKF_Initial_Value' ('Could not determine data type for data element 'Racing_Mode_ETR07_P.AutoX4Driver22.CKF_Initial_Value'.'). Skipping (no access code will get generated).
0x8239; warning: Error occurred while processing data element 'Racing_Mode_ETR07_P.Endurance5Driver22.Apps_Sat_Dwn_Value' ('Could not determine data type for data element 'Racing_Mode_ETR07_P.Endurance5Driver22.Apps_Sat_Dwn_Value'.'). Skipping (no access code will get generated).
0x8239; warning: Error occurred while processing data element 'Racing_Mode_ETR07_P.Endurance5Driver22.Apps_Sat_Up_Value' ('Could not determine data type for data element 'Racing_Mode_ETR07_P.Endurance5Driver22.Apps_Sat_Up_Value'.'). Skipping (no access code will get generated).
0x8239; warning: Error occurred while processing data element 'Racing_Mode_ETR07_P.Endurance5Driver22.CKF_Initial_Value' ('Could not determine data type for data element 'Racing_Mode_ETR07_P.Endurance5Driver22.CKF_Initial_Value'.'). Skipping (no access code will get generated).
0x8239; warning: Error occurred while processing data element 'Racing_Mode_ETR07_P.Endurance5Driver22.Cte_CKF_Value' ('Could not determine data type for data element 'Racing_Mode_ETR07_P.Endurance5Driver22.Cte_CKF_Value'.'). Skipping (no access code will get generated).
0x8239; warning: Error occurred while processing data element 'Racing_Mode_ETR07_P.Endurance5Driver22.Cte_SKF_Value' ('Could not determine data type for data element 'Racing_Mode_ETR07_P.Endurance5Driver22.Cte_SKF_Value'.'). Skipping (no access code will get generated).
0x8239; warning: Error occurred while processing data element 'Racing_Mode_ETR07_P.Endurance5Driver22.K_Reduction_P_Value' ('Could not determine data type for data element 'Racing_Mode_ETR07_P.Endurance5Driver22.K_Reduction_P_Value'.'). Skipping (no access code will get generated).
0x8239; warning: Error occurred while processing data element 'Racing_Mode_ETR07_P.Endurance5Driver22.K_Reduction_Temperature_Value' ('Could not determine data type for data element 'Racing_Mode_ETR07_P.Endurance5Driver22.K_Reduction_Temperature_Value'.'). Skipping (no access code will get generated).
0x8239; warning: Error occurred while processing data element 'Racing_Mode_ETR07_P.Endurance5Driver22.Max_Regenerative_Torque_Value' ('Could not determine data type for data element 'Racing_Mode_ETR07_P.Endurance5Driver22.Max_Regenerative_Torque_Value'.'). Skipping (no access code will get generated).
0x8239; warning: Error occurred while processing data element 'Racing_Mode_ETR07_P.Endurance5Driver22.Power_Limit_Value' ('Could not determine data type for data element 'Racing_Mode_ETR07_P.Endurance5Driver22.Power_Limit_Value'.'). Skipping (no access code will get generated).
0x8239; warning: Error occurred while processing data element 'Racing_Mode_ETR07_P.Endurance5Driver22.SKF_Initial_Value' ('Could not determine data type for data element 'Racing_Mode_ETR07_P.Endurance5Driver22.SKF_Initial_Value'.'). Skipping (no access code will get generated).
0x8239; warning: Error occurred while processing data element 'Torque_Control_ETR07_P.InertiaBraking.Constant_Value' ('Could not determine data type for data element 'Torque_Control_ETR07_P.InertiaBraking.Constant_Value'.'). Skipping (no access code will get generated).
0x8239; warning: Error occurred while processing data element 'Torque_Control_ETR07_P.InertiaBraking_b.Constant1_Value' ('Could not determine data type for data element 'Torque_Control_ETR07_P.InertiaBraking_b.Constant1_Value'.'). Skipping (no access code will get generated).
0x8239; warning: Error occurred while processing data element 'Torque_Control_ETR07_P.InertiaBraking_b.Constant_Value' ('Could not determine data type for data element 'Torque_Control_ETR07_P.InertiaBraking_b.Constant_Value'.'). Skipping (no access code will get generated).
0x8239; warning: Error occurred while processing data element 'Torque_Control_ETR07_P.Mech_Braking_h.Constant1_Value' ('Could not determine data type for data element 'Torque_Control_ETR07_P.Mech_Braking_h.Constant1_Value'.'). Skipping (no access code will get generated).
0x8239; warning: Error occurred while processing data element 'Torque_Control_ETR07_P.Mech_Braking_h.Constant_Value' ('Could not determine data type for data element 'Torque_Control_ETR07_P.Mech_Braking_h.Constant_Value'.'). Skipping (no access code will get generated).
0x8239; warning: Error occurred while processing data element 'Torque_Control_ETR07_P.Nospin_m.Switch_Threshold' ('Could not determine data type for data element 'Torque_Control_ETR07_P.Nospin_m.Switch_Threshold'.'). Skipping (no access code will get generated).
0x8239; warning: Error occurred while processing data element 'Torque_Control_ETR07_P.Spin_nb.Constant_Value' ('Could not determine data type for data element 'Torque_Control_ETR07_P.Spin_nb.Constant_Value'.'). Skipping (no access code will get generated).
0x8239; warning: Error occurred while processing data element 'Torque_Control_ETR07_P.Spin_nb.Switch_Threshold' ('Could not determine data type for data element 'Torque_Control_ETR07_P.Spin_nb.Switch_Threshold'.'). Skipping (no access code will get generated).
0x8239; warning: Error occurred while processing data element 'Torque_Control_ETR07_P.Temp_OK.TEMP_LIMIT_Value' ('Could not determine data type for data element 'Torque_Control_ETR07_P.Temp_OK.TEMP_LIMIT_Value'.'). Skipping (no access code will get generated).
