APPLICATION	CarMaker 12.0.1 - Car_Generic #3 (win64-12.0.1)
COMPILED	jetbrains@66e0c34c4bd1 2023-05-24 12:39:09
 
		I/O Configuration: default
FIRST_INIT	(internal default used)	2023-11-29 19:09:45
TIME	0.000
SIM_END			0s	0m
IDLE	19:09:46
SIM_START	unknown	2023-11-29 19:09:51
TIME	0.000
SIMULATE	unknown

TIME	44.051
SIM_END		unknown	44.048s	549.556m
TIME	159.695
SIM_START	unknown	2023-11-29 19:29:54
TIME	0.016
ERROR		DrivMan.VhclOperator: Unknown kind '01', version 1
SIM_ABORT	unknown	0s	549.556m
SIM_START	unknown	2023-11-29 19:30:06
TIME	0.017
ERROR		DrivMan.VhclOperator: Unknown kind '01', version 1
SIM_ABORT	unknown	0s	0m
TIME	43.965
SIM_START	unknown	2023-11-29 19:37:25
TIME	0.023
ERROR		DrivMan.VhclOperator: Unknown kind '01', version 1
SIM_ABORT	unknown	0s	0m
SHUTDOWN	CarMaker quick shutdown initiated

