APPLICATION	CarMaker 12.0.1 - Car_Generic #3 (win64-12.0.1)
COMPILED	jetbrains@66e0c34c4bd1 2023-05-24 12:39:09
 
		I/O Configuration: default
FIRST_INIT	(internal default used)	2023-11-29 19:41:21
TIME	0.000
SIM_END			0s	0m
IDLE	19:41:22
SIM_START	unknown	2023-11-29 19:41:22
TIME	0.000
SIMULATE	unknown

		Ego: Maneuvers triggered simultaneously, choose longitudinal maneuver 0 and lateral maneuver 0
TIME	3.157
SIM_END		unknown	3.154s	2.19155m
TIME	5.256
SIM_START	unknown	2023-11-29 19:41:47
TIME	0.000
SIMULATE	unknown

		Ego: Maneuvers triggered simultaneously, choose longitudinal maneuver 0 and lateral maneuver 0
TIME	10.002
SIM_END		unknown	10s	52.9374m
TIME	13.697
SIM_START	unknown	2023-11-29 19:42:37
TIME	0.000
SIMULATE	unknown

		Ego: Maneuvers triggered simultaneously, choose longitudinal maneuver 0 and lateral maneuver 0
SIM_END		unknown	1.918s	0.0100122m
TIME	4.412
SIM_START	unknown	2023-11-29 19:43:07
TIME	0.000
SIMULATE	unknown

		Ego: Maneuvers triggered simultaneously, choose longitudinal maneuver 0 and lateral maneuver 0
TIME	10.002
SIM_END		unknown	10s	52.9374m
TIME	25.284
SIM_START	unknown	2023-11-29 19:45:53
TIME	0.000
SIMULATE	unknown

		Ego: Maneuvers triggered simultaneously, choose longitudinal maneuver 0 and lateral maneuver 0
TIME	10.002
SIM_END		unknown	10s	0.000667577m
TIME	16.062
SIM_START	unknown	2023-11-29 19:47:06
TIME	0.000
SIMULATE	unknown

		Ego: Maneuvers triggered simultaneously, choose longitudinal maneuver 0 and lateral maneuver 0
TIME	10.002
SIM_END		unknown	10s	98.8129m
TIME	12.729
SIM_START	unknown	2023-11-29 19:47:47
TIME	0.000
SIMULATE	unknown

		Ego: Maneuvers triggered simultaneously, choose longitudinal maneuver 0 and lateral maneuver 0
TIME	10.003
SIM_END		unknown	10s	98.8129m
TIME	12.302
SIM_START	unknown	2023-11-29 19:48:23
TIME	0.000
SIMULATE	unknown

		Ego: Maneuvers triggered simultaneously, choose longitudinal maneuver 0 and lateral maneuver 0
TIME	10.002
SIM_END		unknown	10s	98.8129m
SIM_START	unknown	2023-11-29 19:48:45
TIME	0.000
SIMULATE	unknown

		Ego: Maneuvers triggered simultaneously, choose longitudinal maneuver 0 and lateral maneuver 0
TIME	10.002
SIM_END		unknown	10s	98.8129m
TIME	13.319
SIM_START	unknown	2023-11-29 19:49:31
TIME	0.000
SIMULATE	unknown

TIME	20.745
SIM_END		unknown	20.743s	158.79m
TIME	0.001
SIM_START	unknown	2023-11-29 19:50:23
TIME	0.000
SIMULATE	unknown

TIME	19.099
SIM_END		unknown	19.096s	193.079m
TIME	0.001
TIME	22.211
SIM_START	unknown	2023-11-29 19:51:16
TIME	0.000
SIMULATE	unknown

TIME	17.958
SIM_END		unknown	17.955s	164.63m
TIME	24.660
SHUTDOWN	CarMaker quick shutdown initiated

