APPLICATION	CarMaker 12.0.1 - Car_Generic #3 (win64-12.0.1)
COMPILED	jetbrains@66e0c34c4bd1 2023-05-24 12:39:09
 
		I/O Configuration: default
FIRST_INIT	(internal default used)	2023-11-16 10:05:36
TIME	0.000
SIM_END			0s	0m
IDLE	10:05:37
SIM_START	unknown	2023-11-16 10:05:38
TIME	0.020
ERROR		PowerTrain.Control: Unknown kind 'CM4SL', version 1
SIM_ABORT	unknown	0s	0m
TIME	2.036
SIM_START	unknown	2023-11-16 10:05:58
TIME	0.026
WARNING		PowerTrain.Control BEV RegBrake mode: SOC_lim_out is outside of battery SOC limits
WARNING		PowerTrain.Control BEV RegBrake mode: SOC_lim_out is outside of battery SOC limits
TIME	0.000
SIMULATE	unknown

TIME	23.339
SIM_END		unknown	23.336s	103.783m
SHUTDOWN	CarMaker quick shutdown initiated

