APPLICATION	CarMaker 12.0.1 - Car_Generic #3 (win64-12.0.1)
COMPILED	jetbrains@66e0c34c4bd1 2023-05-24 12:39:09
 
		I/O Configuration: default
FIRST_INIT	(internal default used)	2024-05-07 11:36:29
TIME	0.000
SIM_END			0s	0m
IDLE	11:36:29
SIM_START	Examples/BasicFunctions/TestAutomation/TestWare/DemoPackage/Runs/Slalom_18m	2024-05-07 11:36:35
TIME	0.000
SIMULATE	Examples/BasicFunctions/TestAutomation/TestWare/DemoPackage/Runs/Slalom_18m

TIME	74.102
SIM_END		Examples/BasicFunctions/TestAutomation/TestWare/DemoPackage/Runs/Slalom_18m	74.099s	594.007m
TIME	96.896
SIM_START	Examples/BasicFunctions/TestAutomation/TestWare/DemoPackage/Runs/Slalom_18m	2024-05-07 11:41:38
TIME	0.000
SIMULATE	Examples/BasicFunctions/TestAutomation/TestWare/DemoPackage/Runs/Slalom_18m

TIME	74.101
SIM_END		Examples/BasicFunctions/TestAutomation/TestWare/DemoPackage/Runs/Slalom_18m	74.099s	594.007m
SIM_START	Examples/BasicFunctions/TestAutomation/TestWare/DemoPackage/Runs/Slalom_18m	2024-05-07 11:42:58
TIME	0.000
SIMULATE	Examples/BasicFunctions/TestAutomation/TestWare/DemoPackage/Runs/Slalom_18m

TIME	20.321
SHUTDOWN	CarMaker quick shutdown initiated

SIM_END		Examples/BasicFunctions/TestAutomation/TestWare/DemoPackage/Runs/Slalom_18m	20.322s	191.132m
