APPLICATION	CarMaker 12.0.1 - Car_Generic #3 (win64-12.0.1)
COMPILED	jetbrains@66e0c34c4bd1 2023-05-24 12:39:09
 
		I/O Configuration: default
FIRST_INIT	(internal default used)	2024-04-30 18:15:51
TIME	0.000
SIM_END			0s	0m
IDLE	18:15:51
SIM_START	Examples/BasicFunctions/TestAutomation/TestWare/DemoPackage/Runs/Slalom_18m	2024-04-30 18:15:56
TIME	0.000
SIMULATE	Examples/BasicFunctions/TestAutomation/TestWare/DemoPackage/Runs/Slalom_18m

TIME	74.102
SIM_END		Examples/BasicFunctions/TestAutomation/TestWare/DemoPackage/Runs/Slalom_18m	74.099s	594.007m
SIM_START	Examples/BasicFunctions/TestAutomation/TestWare/DemoPackage/Runs/Slalom_18m	2024-04-30 18:17:16
TIME	0.000
SIMULATE	Examples/BasicFunctions/TestAutomation/TestWare/DemoPackage/Runs/Slalom_18m

TIME	56.533
SIM_END		Examples/BasicFunctions/TestAutomation/TestWare/DemoPackage/Runs/Slalom_18m	56.531s	593.481m
SIM_START	Examples/BasicFunctions/TestAutomation/TestWare/DemoPackage/Runs/Slalom_18m	2024-04-30 18:18:19
TIME	0.000
SIMULATE	Examples/BasicFunctions/TestAutomation/TestWare/DemoPackage/Runs/Slalom_18m

TIME	12.653
		DVA write: Unknown quantity 'ESP.User.ESP_off'
		DVA write: Unknown quantity 'ESP.User.ESP_off'
TIME	52.778
SIM_END		Examples/BasicFunctions/TestAutomation/TestWare/DemoPackage/Runs/Slalom_18m	52.775s	593.015m
TIME	59.844
SIM_START	Examples/BasicFunctions/TestAutomation/TestWare/DemoPackage/Runs/Slalom_18m	2024-04-30 18:20:24
TIME	0.000
SIMULATE	Examples/BasicFunctions/TestAutomation/TestWare/DemoPackage/Runs/Slalom_18m

TIME	39.148
SIM_END		Examples/BasicFunctions/TestAutomation/TestWare/DemoPackage/Runs/Slalom_18m	39.146s	591.275m
SIM_START	Examples/BasicFunctions/TestAutomation/TestWare/DemoPackage/Runs/Slalom_18m	2024-04-30 18:21:10
TIME	0.000
SIMULATE	Examples/BasicFunctions/TestAutomation/TestWare/DemoPackage/Runs/Slalom_18m

TIME	39.149
SIM_END		Examples/BasicFunctions/TestAutomation/TestWare/DemoPackage/Runs/Slalom_18m	39.146s	591.275m
TIME	44.605
		DVA write: Unknown quantity 'AccelCtrl.ACC.DesiredSpd'
		DVA write: Unknown quantity 'AccelCtrl.ACC.DesiredSpd'
		DVA write: Unknown quantity 'AccelCtrl.ACC.DesiredSpd'
		DVA write: Unknown quantity 'AccelCtrl.ACC.DesiredSpd'
		DVA write: Unknown quantity 'AccelCtrl.ACC.DesiredSpd'
		DVA write: Unknown quantity 'AccelCtrl.ACC.DesiredSpd'
		DVA write: Unknown quantity 'AccelCtrl.ACC.DesiredSpd'
		DVA write: Unknown quantity 'AccelCtrl.ACC.DesiredSpd'
		DVA write: Unknown quantity 'AccelCtrl.ACC.DesiredSpd'
		DVA write: Unknown quantity 'AccelCtrl.ACC.DesiredSpd'
		DVA write: Unknown quantity 'AccelCtrl.ACC.DesiredSpd'
		DVA write: Unknown quantity 'AccelCtrl.ACC.DesiredSpd'
		DVA write: Unknown quantity 'AccelCtrl.ACC.DesiredSpd'
		DVA write: Unknown quantity 'AccelCtrl.ACC.DesiredSpd'
		DVA write: Unknown quantity 'AccelCtrl.ACC.DesiredSpd'
		DVA write: Unknown quantity 'AccelCtrl.ACC.DesiredSpd'
		DVA write: Unknown quantity 'AccelCtrl.ACC.DesiredSpd'
		DVA write: Unknown quantity 'AccelCtrl.ACC.DesiredSpd'
		DVA write: Unknown quantity 'AccelCtrl.ACC.DesiredSpd'
		DVA write: Unknown quantity 'AccelCtrl.ACC.DesiredSpd'
		DVA write: Unknown quantity 'AccelCtrl.ACC.DesiredSpd'
		DVA write: Unknown quantity 'AccelCtrl.ACC.DesiredSpd'
		DVA write: Unknown quantity 'AccelCtrl.ACC.DesiredSpd'
		DVA write: Unknown quantity 'AccelCtrl.ACC.DesiredSpd'
		DVA write: Unknown quantity 'AccelCtrl.ACC.DesiredSpd'
		DVA write: Unknown quantity 'AccelCtrl.ACC.DesiredSpd'
		DVA write: Unknown quantity 'AccelCtrl.ACC.DesiredSpd'
		DVA write: Unknown quantity 'AccelCtrl.ACC.DesiredSpd'
		DVA write: Unknown quantity 'AccelCtrl.ACC.DesiredSpd'
		DVA write: Unknown quantity 'AccelCtrl.ACC.DesiredSpd'
		DVA write: Unknown quantity 'AccelCtrl.ACC.DesiredSpd'
		DVA write: Unknown quantity 'AccelCtrl.ACC.DesiredSpd'
		DVA write: Unknown quantity 'AccelCtrl.ACC.DesiredSpd'
		DVA write: Unknown quantity 'AccelCtrl.ACC.DesiredSpd'
		DVA write: Unknown quantity 'AccelCtrl.ACC.DesiredSpd'
		DVA write: Unknown quantity 'AccelCtrl.ACC.DesiredSpd'
		DVA write: Unknown quantity 'AccelCtrl.ACC.DesiredSpd'
		DVA write: Unknown quantity 'AccelCtrl.ACC.DesiredSpd'
		DVA write: Unknown quantity 'AccelCtrl.ACC.DesiredSpd'
		DVA write: Unknown quantity 'AccelCtrl.ACC.DesiredSpd'
		DVA write: Unknown quantity 'AccelCtrl.ACC.DesiredSpd'
		DVA write: Unknown quantity 'AccelCtrl.ACC.DesiredSpd'
		DVA write: Unknown quantity 'AccelCtrl.ACC.DesiredSpd'
		DVA write: Unknown quantity 'AccelCtrl.ACC.DesiredSpd'
		DVA write: Unknown quantity 'AccelCtrl.ACC.DesiredSpd'
		DVA write: Unknown quantity 'AccelCtrl.ACC.DesiredSpd'
		DVA write: Unknown quantity 'AccelCtrl.ACC.DesiredSpd'
		DVA write: Unknown quantity 'AccelCtrl.ACC.DesiredSpd'
TIME	47.633
SIM_START	Examples/BasicFunctions/TestAutomation/TestWare/DemoPackage/Runs/Slalom_18m	2024-04-30 18:23:16
TIME	0.000
SIMULATE	Examples/BasicFunctions/TestAutomation/TestWare/DemoPackage/Runs/Slalom_18m

TIME	37.391
		DVA write: Unknown quantity 'AccelCtrl.ACC.DesiredSpd'
		DVA write: Unknown quantity 'AccelCtrl.ACC.DesiredSpd'
		DVA write: Unknown quantity 'AccelCtrl.ACC.DesiredSpd'
		DVA write: Unknown quantity 'AccelCtrl.ACC.DesiredSpd'
		DVA write: Unknown quantity 'AccelCtrl.ACC.DesiredSpd'
		DVA write: Unknown quantity 'AccelCtrl.ACC.DesiredSpd'
		DVA write: Unknown quantity 'AccelCtrl.ACC.DesiredSpd'
		DVA write: Unknown quantity 'AccelCtrl.ACC.DesiredSpd'
		DVA write: Unknown quantity 'AccelCtrl.ACC.DesiredSpd'
SIM_END		Examples/BasicFunctions/TestAutomation/TestWare/DemoPackage/Runs/Slalom_18m	39.146s	591.275m
		DVA write: Unknown quantity 'AccelCtrl.ACC.DesiredSpd'
		DVA write: Unknown quantity 'AccelCtrl.ACC.DesiredSpd'
		DVA write: Unknown quantity 'AccelCtrl.ACC.DesiredSpd'
		DVA write: Unknown quantity 'AccelCtrl.ACC.DesiredSpd'
		DVA write: Unknown quantity 'AccelCtrl.ACC.DesiredSpd'
TIME	40.034
		DVA write: Unknown quantity 'AccelCtrl.ACC.DesiredSpd'
		DVA write: Unknown quantity 'AccelCtrl.ACC.DesiredSpd'
		DVA write: Unknown quantity 'AccelCtrl.ACC.DesiredSpd'
		DVA write: Unknown quantity 'AccelCtrl.ACC.DesiredSpd'
		DVA write: Unknown quantity 'AccelCtrl.ACC.DesiredSpd'
		DVA write: Unknown quantity 'AccelCtrl.ACC.DesiredSpd'
		DVA write: Unknown quantity 'AccelCtrl.ACC.DesiredSpd'
		DVA write: Unknown quantity 'AccelCtrl.ACC.DesiredSpd'
		DVA write: Unknown quantity 'AccelCtrl.ACC.DesiredSpd'
		DVA write: Unknown quantity 'AccelCtrl.ACC.DesiredSpd'
		DVA write: Unknown quantity 'AccelCtrl.ACC.DesiredSpd'
		DVA write: Unknown quantity 'AccelCtrl.ACC.DesiredSpd'
		DVA write: Unknown quantity 'AccelCtrl.ACC.DesiredSpd'
		DVA write: Unknown quantity 'AccelCtrl.ACC.DesiredSpd'
		DVA write: Unknown quantity 'AccelCtrl.ACC.DesiredSpd'
		DVA write: Unknown quantity 'AccelCtrl.ACC.DesiredSpd'
		DVA write: Unknown quantity 'AccelCtrl.ACC.DesiredSpd'
		DVA write: Unknown quantity 'AccelCtrl.ACC.DesiredSpd'
		DVA write: Unknown quantity 'AccelCtrl.ACC.DesiredSpd'
		DVA write: Unknown quantity 'AccelCtrl.ACC.DesiredSpd'
		DVA write: Unknown quantity 'AccelCtrl.ACC.DesiredSpd'
		DVA write: Unknown quantity 'AccelCtrl.ACC.DesiredSpd'
		DVA write: Unknown quantity 'AccelCtrl.ACC.DesiredSpd'
		DVA write: Unknown quantity 'AccelCtrl.ACC.DesiredSpd'
		DVA write: Unknown quantity 'AccelCtrl.ACC.DesiredSpd'
		DVA write: Unknown quantity 'AccelCtrl.ACC.DesiredSpd'
		DVA write: Unknown quantity 'AccelCtrl.ACC.DesiredSpd'
		DVA write: Unknown quantity 'AccelCtrl.ACC.DesiredSpd'
		DVA write: Unknown quantity 'AccelCtrl.ACC.DesiredSpd'
		DVA write: Unknown quantity 'AccelCtrl.ACC.DesiredSpd'
		DVA write: Unknown quantity 'AccelCtrl.ACC.DesiredSpd'
		DVA write: Unknown quantity 'AccelCtrl.ACC.DesiredSpd'
		DVA write: Unknown quantity 'AccelCtrl.ACC.DesiredSpd'
		DVA write: Unknown quantity 'AccelCtrl.ACC.DesiredSpd'
		DVA write: Unknown quantity 'AccelCtrl.ACC.DesiredSpd'
		DVA write: Unknown quantity 'AccelCtrl.ACC.DesiredSpd'
		DVA write: Unknown quantity 'AccelCtrl.ACC.DesiredSpd'
		DVA write: Unknown quantity 'AccelCtrl.ACC.DesiredSpd'
TIME	43.229
SIM_START	Examples/BasicFunctions/TestAutomation/TestWare/DemoPackage/Runs/Slalom_18m	2024-04-30 18:24:37
TIME	0.000
SIMULATE	Examples/BasicFunctions/TestAutomation/TestWare/DemoPackage/Runs/Slalom_18m

TIME	39.154
SIM_END		Examples/BasicFunctions/TestAutomation/TestWare/DemoPackage/Runs/Slalom_18m	39.146s	591.275m
TIME	43.516
SHUTDOWN	CarMaker quick shutdown initiated

